TN:
SF:src/App.tsx
FN:10,(anonymous_0)
FN:11,(anonymous_1)
FN:12,(anonymous_2)
FN:13,(anonymous_3)
FN:14,(anonymous_4)
FN:15,(anonymous_5)
FN:17,LoadingFallback
FN:25,App
FNF:8
FNH:3
FNDA:0,(anonymous_0)
FNDA:0,(anonymous_1)
FNDA:0,(anonymous_2)
FNDA:0,(anonymous_3)
FNDA:0,(anonymous_4)
FNDA:1,(anonymous_5)
FNDA:1,LoadingFallback
FNDA:1,App
DA:10,1
DA:11,1
DA:12,1
DA:13,1
DA:14,1
DA:15,1
DA:18,1
DA:26,1
LF:8
LH:8
BRF:0
BRH:0
end_of_record
TN:
SF:src/api/client.ts
FN:65,headersToObject
FN:69,(anonymous_1)
FN:81,validateResponse
FN:85,(anonymous_3)
FN:91,isRetryableError
FN:113,request
FN:131,(anonymous_6)
FN:143,(anonymous_7)
FN:155,getHealth
FN:174,normalizeVersion
FN:178,compareSemver
FN:179,(anonymous_11)
FN:180,(anonymous_12)
FN:192,checkForUpdates
FN:217,getMetrics
FN:231,getSessions
FN:243,getSessionStatusCounts
FN:265,(anonymous_17)
FN:272,getSession
FN:276,createSession
FN:287,killSession
FN:297,getSessionHealth
FN:305,getAllSessionsHealth
FN:314,getSessionMessages
FN:323,getSessionMetrics
FN:330,getSessionLatency
FN:339,getSessionPane
FN:345,sendMessage
FN:354,approve
FN:360,reject
FN:366,interrupt
FN:372,escape
FN:384,forkSession
FN:395,getSessionSummary
FN:408,createSSETokenWithRetry
FN:420,(anonymous_35)
FN:422,(anonymous_36)
FN:443,subscribeSSE
FN:458,(anonymous_38)
FN:463,(anonymous_39)
FN:471,(anonymous_40)
FN:487,subscribeGlobalSSE
FN:498,(anonymous_42)
FN:514,(anonymous_43)
FN:519,(anonymous_44)
FN:526,(anonymous_45)
FN:536,sendCommand
FN:543,sendBash
FN:552,getScreenshot
FN:567,batchCreateSessions
FN:599,createPipeline
FN:606,getPipelines
FN:610,getPipeline
FN:622,createSSEToken
FN:642,createAuthKey
FN:651,getAuthKeys
FN:658,revokeAuthKey
FN:670,createTemplate
FN:689,getTemplates
FN:693,getTemplate
FN:697,updateTemplate
FN:704,deleteTemplate
FNF:62
FNH:52
FNDA:47,headersToObject
FNDA:0,(anonymous_1)
FNDA:15,validateResponse
FNDA:67,(anonymous_3)
FNDA:5,isRetryableError
FNDA:47,request
FNDA:4,(anonymous_6)
FNDA:0,(anonymous_7)
FNDA:1,getHealth
FNDA:8,normalizeVersion
FNDA:2,compareSemver
FNDA:6,(anonymous_11)
FNDA:6,(anonymous_12)
FNDA:2,checkForUpdates
FNDA:1,getMetrics
FNDA:1,getSessions
FNDA:1,getSessionStatusCounts
FNDA:12,(anonymous_17)
FNDA:1,getSession
FNDA:0,createSession
FNDA:1,killSession
FNDA:1,getSessionHealth
FNDA:1,getAllSessionsHealth
FNDA:1,getSessionMessages
FNDA:1,getSessionMetrics
FNDA:1,getSessionLatency
FNDA:1,getSessionPane
FNDA:1,sendMessage
FNDA:1,approve
FNDA:1,reject
FNDA:1,interrupt
FNDA:1,escape
FNDA:1,forkSession
FNDA:1,getSessionSummary
FNDA:12,createSSETokenWithRetry
FNDA:6,(anonymous_35)
FNDA:0,(anonymous_36)
FNDA:8,subscribeSSE
FNDA:5,(anonymous_38)
FNDA:1,(anonymous_39)
FNDA:5,(anonymous_40)
FNDA:4,subscribeGlobalSSE
FNDA:0,(anonymous_42)
FNDA:1,(anonymous_43)
FNDA:1,(anonymous_44)
FNDA:3,(anonymous_45)
FNDA:1,sendCommand
FNDA:1,sendBash
FNDA:1,getScreenshot
FNDA:0,batchCreateSessions
FNDA:0,createPipeline
FNDA:1,getPipelines
FNDA:1,getPipeline
FNDA:18,createSSEToken
FNDA:0,createAuthKey
FNDA:1,getAuthKeys
FNDA:1,revokeAuthKey
FNDA:0,createTemplate
FNDA:1,getTemplates
FNDA:1,getTemplate
FNDA:0,updateTemplate
FNDA:1,deleteTemplate
DA:47,16
DA:48,16
DA:66,47
DA:67,0
DA:68,0
DA:69,0
DA:70,0
DA:72,0
DA:82,15
DA:83,15
DA:84,12
DA:85,67
DA:92,5
DA:93,4
DA:94,3
DA:96,2
DA:97,2
DA:117,47
DA:118,47
DA:124,47
DA:125,47
DA:127,47
DA:128,47
DA:129,47
DA:130,43
DA:131,8
DA:132,8
DA:133,8
DA:134,8
DA:136,35
DA:137,35
DA:138,20
DA:140,20
DA:142,20
DA:143,0
DA:145,20
DA:149,0
DA:156,1
DA:170,16
DA:171,16
DA:172,16
DA:175,8
DA:179,6
DA:180,6
DA:181,2
DA:183,2
DA:184,5
DA:185,5
DA:186,5
DA:187,4
DA:189,1
DA:193,2
DA:199,2
DA:200,0
DA:203,2
DA:204,2
DA:205,2
DA:207,2
DA:218,1
DA:232,1
DA:233,1
DA:234,1
DA:235,1
DA:237,1
DA:238,1
DA:240,1
DA:244,1
DA:249,1
DA:265,1
DA:266,12
DA:269,1
DA:273,1
DA:277,0
DA:278,0
DA:288,1
DA:298,1
DA:306,1
DA:315,1
DA:324,1
DA:331,1
DA:340,1
DA:346,1
DA:355,1
DA:361,1
DA:367,1
DA:373,1
DA:385,1
DA:396,1
DA:405,16
DA:406,16
DA:412,12
DA:413,18
DA:414,18
DA:415,18
DA:417,8
DA:418,8
DA:419,6
DA:420,6
DA:421,6
DA:422,6
DA:423,0
DA:424,0
DA:430,8
DA:431,12
DA:449,8
DA:451,8
DA:452,8
DA:453,8
DA:455,8
DA:457,8
DA:459,5
DA:460,3
DA:461,3
DA:468,0
DA:471,8
DA:472,5
DA:473,5
DA:474,5
DA:492,4
DA:494,4
DA:495,4
DA:496,4
DA:498,4
DA:499,0
DA:500,0
DA:501,0
DA:502,0
DA:503,0
DA:505,0
DA:511,4
DA:513,4
DA:515,1
DA:516,1
DA:517,1
DA:523,0
DA:526,4
DA:527,3
DA:528,3
DA:529,3
DA:530,3
DA:537,1
DA:544,1
DA:553,1
DA:568,0
DA:569,0
DA:600,0
DA:607,1
DA:611,1
DA:623,18
DA:643,0
DA:652,1
DA:659,1
DA:683,0
DA:690,1
DA:694,1
DA:698,0
DA:705,1
LF:157
LH:131
BRDA:47,0,0,16
BRDA:47,0,1,16
BRDA:66,1,0,47
BRDA:66,1,1,0
BRDA:67,2,0,0
BRDA:67,2,1,0
BRDA:83,3,0,3
BRDA:83,3,1,12
BRDA:92,4,0,1
BRDA:92,4,1,4
BRDA:93,5,0,1
BRDA:93,5,1,3
BRDA:94,6,0,1
BRDA:94,6,1,2
BRDA:96,7,0,0
BRDA:96,7,1,2
BRDA:96,8,0,2
BRDA:96,8,1,2
BRDA:115,9,0,47
BRDA:119,10,0,4
BRDA:119,10,1,43
BRDA:120,11,0,0
BRDA:120,11,1,47
BRDA:124,12,0,47
BRDA:130,13,0,8
BRDA:130,13,1,35
BRDA:132,14,0,8
BRDA:132,14,1,0
BRDA:137,15,0,15
BRDA:137,15,1,20
BRDA:137,16,0,15
BRDA:137,16,1,0
BRDA:142,17,0,0
BRDA:142,17,1,20
BRDA:142,18,0,20
BRDA:142,18,1,0
BRDA:179,19,0,6
BRDA:179,19,1,1
BRDA:180,20,0,6
BRDA:180,20,1,0
BRDA:184,21,0,5
BRDA:184,21,1,0
BRDA:185,22,0,5
BRDA:185,22,1,0
BRDA:186,23,0,1
BRDA:186,23,1,4
BRDA:187,24,0,0
BRDA:187,24,1,4
BRDA:199,25,0,0
BRDA:199,25,1,2
BRDA:204,26,0,2
BRDA:204,26,1,0
BRDA:231,27,0,1
BRDA:233,28,0,0
BRDA:233,28,1,1
BRDA:234,29,0,0
BRDA:234,29,1,1
BRDA:235,30,0,0
BRDA:235,30,1,1
BRDA:238,31,0,0
BRDA:238,31,1,1
BRDA:266,32,0,12
BRDA:266,32,1,9
BRDA:384,33,0,1
BRDA:413,34,0,0
BRDA:413,34,1,18
BRDA:417,35,0,0
BRDA:417,35,1,8
BRDA:418,36,0,6
BRDA:418,36,1,2
BRDA:455,37,0,8
BRDA:455,37,1,0
BRDA:459,38,0,2
BRDA:459,38,1,3
BRDA:501,39,0,0
BRDA:501,39,1,0
BRDA:511,40,0,4
BRDA:511,40,1,0
BRDA:515,41,0,0
BRDA:515,41,1,1
BRF:80
BRH:54
end_of_record
TN:
SF:src/api/resilient-eventsource.ts
FN:29,(anonymous_0)
FN:36,(anonymous_1)
FN:51,(anonymous_2)
FN:58,(anonymous_3)
FN:82,(anonymous_4)
FN:86,(anonymous_5)
FNF:6
FNH:6
FNDA:10,(anonymous_0)
FNDA:52,(anonymous_1)
FNDA:1,(anonymous_2)
FNDA:47,(anonymous_3)
FNDA:42,(anonymous_4)
FNDA:2,(anonymous_5)
DA:8,7
DA:9,7
DA:19,10
DA:20,10
DA:21,10
DA:22,10
DA:23,10
DA:24,10
DA:30,10
DA:31,10
DA:32,10
DA:33,10
DA:37,52
DA:40,52
DA:41,42
DA:42,42
DA:44,52
DA:45,0
DA:46,0
DA:49,52
DA:50,52
DA:51,52
DA:52,1
DA:53,1
DA:54,1
DA:55,1
DA:56,1
DA:58,52
DA:59,47
DA:60,47
DA:61,47
DA:63,47
DA:64,9
DA:68,47
DA:69,2
DA:70,2
DA:71,2
DA:72,2
DA:74,2
DA:77,45
DA:78,45
DA:79,45
DA:82,47
DA:87,2
DA:88,2
DA:89,2
DA:90,2
LF:47
LH:45
BRDA:29,0,0,10
BRDA:37,1,0,0
BRDA:37,1,1,52
BRDA:40,2,0,42
BRDA:40,2,1,10
BRDA:44,3,0,0
BRDA:44,3,1,52
BRDA:52,4,0,0
BRDA:52,4,1,1
BRDA:59,5,0,0
BRDA:59,5,1,47
BRDA:63,6,0,9
BRDA:63,6,1,38
BRDA:68,7,0,2
BRDA:68,7,1,45
BRDA:69,8,0,2
BRDA:69,8,1,0
BRDA:88,9,0,1
BRDA:88,9,1,1
BRF:19
BRH:14
end_of_record
TN:
SF:src/api/resilient-websocket.ts
FN:33,(anonymous_0)
FN:40,(anonymous_1)
FN:50,(anonymous_2)
FN:63,(anonymous_3)
FN:74,(anonymous_4)
FN:80,(anonymous_5)
FN:86,(anonymous_6)
FN:104,(anonymous_7)
FN:107,(anonymous_8)
FN:113,(anonymous_9)
FNF:10
FNH:9
FNDA:12,(anonymous_0)
FNDA:12,(anonymous_1)
FNDA:4,(anonymous_2)
FNDA:3,(anonymous_3)
FNDA:2,(anonymous_4)
FNDA:1,(anonymous_5)
FNDA:1,(anonymous_6)
FNDA:0,(anonymous_7)
FNDA:2,(anonymous_8)
FNDA:6,(anonymous_9)
DA:12,2
DA:13,2
DA:24,12
DA:25,12
DA:26,12
DA:27,12
DA:28,12
DA:34,12
DA:35,12
DA:36,12
DA:37,12
DA:41,12
DA:43,12
DA:44,12
DA:46,0
DA:47,0
DA:50,12
DA:51,4
DA:52,3
DA:53,3
DA:56,3
DA:57,1
DA:60,3
DA:63,12
DA:64,3
DA:65,2
DA:66,2
DA:68,2
DA:74,12
DA:75,2
DA:76,1
DA:77,1
DA:80,12
DA:81,1
DA:87,1
DA:89,1
DA:90,1
DA:93,1
DA:94,0
DA:95,0
DA:96,0
DA:99,1
DA:100,1
DA:101,1
DA:104,1
DA:108,2
DA:109,1
DA:114,6
DA:115,6
DA:116,6
DA:117,6
LF:51
LH:46
BRDA:41,0,0,0
BRDA:41,0,1,12
BRDA:51,1,0,1
BRDA:51,1,1,3
BRDA:56,2,0,1
BRDA:56,2,1,2
BRDA:56,3,0,3
BRDA:56,3,1,1
BRDA:64,4,0,1
BRDA:64,4,1,2
BRDA:75,5,0,1
BRDA:75,5,1,1
BRDA:81,6,0,0
BRDA:81,6,1,1
BRDA:87,7,0,0
BRDA:87,7,1,1
BRDA:89,8,0,1
BRDA:89,8,1,0
BRDA:93,9,0,0
BRDA:93,9,1,1
BRDA:108,10,0,1
BRDA:108,10,1,1
BRDA:115,11,0,0
BRDA:115,11,1,6
BRF:24
BRH:18
end_of_record
TN:
SF:src/api/schemas.ts
FNF:0
FNH:0
DA:24,18
DA:39,18
DA:55,18
DA:59,18
DA:67,18
DA:75,18
DA:82,18
DA:96,18
DA:122,18
DA:134,18
DA:144,18
DA:164,18
DA:168,18
DA:184,18
DA:191,18
DA:208,18
DA:219,18
DA:228,18
DA:260,18
DA:276,18
DA:287,18
DA:302,18
DA:312,18
DA:317,18
DA:322,18
DA:327,18
LF:26
LH:26
BRF:0
BRH:0
end_of_record
TN:
SF:src/components/ActivityStream.tsx
FN:36,safeStr
FN:45,normalizeDisplayText
FN:54,safeDisplayJson
FN:58,describeEvent
FN:94,truncate
FN:99,formatTime
FN:107,ActivityStream
FN:108,(anonymous_7)
FN:109,(anonymous_8)
FN:110,(anonymous_9)
FN:111,(anonymous_10)
FN:112,(anonymous_11)
FN:113,(anonymous_12)
FN:114,(anonymous_13)
FN:115,(anonymous_14)
FN:117,(anonymous_15)
FN:118,(anonymous_16)
FN:126,(anonymous_17)
FN:134,(anonymous_18)
FN:149,(anonymous_19)
FN:153,(anonymous_20)
FN:163,(anonymous_21)
FN:167,(anonymous_22)
FN:175,(anonymous_23)
FN:193,(anonymous_24)
FNF:25
FNH:17
FNDA:18,safeStr
FNDA:20,normalizeDisplayText
FNDA:4,safeDisplayJson
FNDA:16,describeEvent
FNDA:7,truncate
FNDA:0,formatTime
FNDA:1,ActivityStream
FNDA:3,(anonymous_7)
FNDA:3,(anonymous_8)
FNDA:3,(anonymous_9)
FNDA:3,(anonymous_10)
FNDA:3,(anonymous_11)
FNDA:3,(anonymous_12)
FNDA:3,(anonymous_13)
FNDA:3,(anonymous_14)
FNDA:1,(anonymous_15)
FNDA:0,(anonymous_16)
FNDA:1,(anonymous_17)
FNDA:0,(anonymous_18)
FNDA:0,(anonymous_19)
FNDA:0,(anonymous_20)
FNDA:0,(anonymous_21)
FNDA:10,(anonymous_22)
FNDA:0,(anonymous_23)
FNDA:0,(anonymous_24)
DA:23,1
DA:37,18
DA:38,14
DA:41,4
DA:42,4
DA:46,20
DA:55,4
DA:59,16
DA:60,16
DA:62,3
DA:63,3
DA:64,3
DA:67,5
DA:68,5
DA:69,5
DA:72,2
DA:73,2
DA:76,1
DA:78,1
DA:80,1
DA:82,1
DA:84,1
DA:86,1
DA:88,0
DA:90,0
DA:95,7
DA:96,7
DA:100,0
DA:101,0
DA:103,0
DA:108,3
DA:109,3
DA:110,3
DA:111,3
DA:112,3
DA:113,3
DA:114,3
DA:115,3
DA:117,1
DA:118,1
DA:119,0
DA:120,0
DA:121,0
DA:126,1
DA:127,1
DA:128,1
DA:129,0
DA:131,1
DA:134,1
DA:135,0
DA:138,1
DA:149,0
DA:154,0
DA:163,0
DA:168,10
DA:175,0
DA:194,0
DA:195,0
DA:196,0
LF:59
LH:42
BRDA:36,0,0,18
BRDA:37,1,0,14
BRDA:37,1,1,4
BRDA:42,2,0,4
BRDA:42,2,1,0
BRDA:55,3,0,4
BRDA:55,3,1,2
BRDA:60,4,0,3
BRDA:60,4,1,5
BRDA:60,4,2,2
BRDA:60,4,3,1
BRDA:60,4,4,1
BRDA:60,4,5,1
BRDA:60,4,6,1
BRDA:60,4,7,1
BRDA:60,4,8,1
BRDA:60,4,9,0
BRDA:60,4,10,0
BRDA:63,5,0,1
BRDA:63,5,1,2
BRDA:67,6,0,1
BRDA:67,6,1,4
BRDA:67,7,0,4
BRDA:67,7,1,0
BRDA:68,8,0,2
BRDA:68,8,1,3
BRDA:72,9,0,1
BRDA:72,9,1,1
BRDA:88,10,0,0
BRDA:88,10,1,0
BRDA:96,11,0,0
BRDA:96,11,1,7
BRDA:119,12,0,0
BRDA:119,12,1,0
BRDA:119,13,0,0
BRDA:119,13,1,0
BRDA:120,14,0,0
BRDA:120,14,1,0
BRDA:120,15,0,0
BRDA:120,15,1,0
BRDA:129,16,0,0
BRDA:129,16,1,0
BRDA:135,17,0,0
BRDA:135,17,1,0
BRDA:135,18,0,0
BRDA:135,18,1,0
BRDA:144,19,0,1
BRDA:144,19,1,1
BRDA:144,19,2,1
BRDA:148,20,0,1
BRDA:148,20,1,1
BRDA:149,21,0,0
BRDA:149,21,1,0
BRDA:155,22,0,0
BRDA:155,22,1,0
BRDA:162,23,0,1
BRDA:162,23,1,1
BRDA:163,24,0,0
BRDA:163,24,1,0
BRDA:173,25,0,1
BRDA:173,25,1,1
BRDA:173,25,2,0
BRDA:186,26,0,1
BRDA:186,26,1,1
BRDA:188,27,0,1
BRDA:188,27,1,0
BRDA:188,28,0,1
BRDA:188,28,1,1
BRDA:194,29,0,0
BRDA:194,29,1,0
BRF:70
BRH:39
end_of_record
TN:
SF:src/components/ConfirmDialog.tsx
FN:36,ConfirmDialog
FN:51,(anonymous_1)
FN:53,(anonymous_2)
FN:54,(anonymous_3)
FN:58,(anonymous_4)
FN:60,(anonymous_5)
FN:67,(anonymous_6)
FN:71,(anonymous_7)
FN:76,(anonymous_8)
FN:97,(anonymous_9)
FNF:10
FNH:8
FNDA:63,ConfirmDialog
FNDA:28,(anonymous_1)
FNDA:0,(anonymous_2)
FNDA:12,(anonymous_3)
FNDA:63,(anonymous_4)
FNDA:1,(anonymous_5)
FNDA:12,(anonymous_6)
FNDA:28,(anonymous_7)
FNDA:0,(anonymous_8)
FNDA:12,(anonymous_9)
DA:18,4
DA:34,4
DA:46,63
DA:47,63
DA:48,63
DA:51,63
DA:52,28
DA:53,12
DA:54,12
DA:58,63
DA:59,63
DA:60,12
DA:61,1
DA:62,1
DA:63,1
DA:66,12
DA:67,12
DA:71,63
DA:72,28
DA:73,12
DA:74,12
DA:76,12
DA:77,0
DA:78,0
DA:81,0
DA:82,0
DA:83,0
DA:84,0
DA:85,0
DA:86,0
DA:87,0
DA:90,0
DA:91,0
DA:92,0
DA:96,12
DA:97,12
DA:100,63
DA:102,12
DA:104,12
LF:39
LH:27
BRDA:40,0,0,63
BRDA:41,1,0,63
BRDA:42,2,0,63
BRDA:52,3,0,16
BRDA:52,3,1,12
BRDA:59,4,0,51
BRDA:59,4,1,12
BRDA:61,5,0,1
BRDA:61,5,1,0
BRDA:72,6,0,16
BRDA:72,6,1,12
BRDA:74,7,0,0
BRDA:74,7,1,12
BRDA:77,8,0,0
BRDA:77,8,1,0
BRDA:81,9,0,0
BRDA:81,9,1,0
BRDA:84,10,0,0
BRDA:84,10,1,0
BRDA:85,11,0,0
BRDA:85,11,1,0
BRDA:90,12,0,0
BRDA:90,12,1,0
BRDA:100,13,0,51
BRDA:100,13,1,12
BRF:25
BRH:13
end_of_record
TN:
SF:src/components/CreatePipelineModal.tsx
FN:23,makeStep
FN:27,CreatePipelineModal
FN:37,(anonymous_2)
FN:42,resetForm
FN:50,(anonymous_4)
FN:52,(anonymous_5)
FN:56,(anonymous_6)
FN:60,(anonymous_7)
FN:65,(anonymous_8)
FN:78,(anonymous_9)
FN:82,(anonymous_10)
FN:84,(anonymous_11)
FN:85,(anonymous_12)
FN:89,addStep
FN:94,removeStep
FN:96,(anonymous_15)
FN:99,updateStep
FN:100,(anonymous_17)
FN:103,handleSubmit
FN:107,(anonymous_19)
FN:122,(anonymous_20)
FN:140,(anonymous_21)
FN:168,(anonymous_22)
FN:185,(anonymous_23)
FN:190,(anonymous_24)
FN:197,(anonymous_25)
FN:204,(anonymous_26)
FN:210,(anonymous_27)
FNF:28
FNH:23
FNDA:71,makeStep
FNDA:34,CreatePipelineModal
FNDA:0,(anonymous_2)
FNDA:1,resetForm
FNDA:22,(anonymous_4)
FNDA:0,(anonymous_5)
FNDA:9,(anonymous_6)
FNDA:20,(anonymous_7)
FNDA:0,(anonymous_8)
FNDA:9,(anonymous_9)
FNDA:20,(anonymous_10)
FNDA:2,(anonymous_11)
FNDA:9,(anonymous_12)
FNDA:1,addStep
FNDA:1,removeStep
FNDA:2,(anonymous_15)
FNDA:3,updateStep
FNDA:6,(anonymous_17)
FNDA:2,handleSubmit
FNDA:4,(anonymous_19)
FNDA:2,(anonymous_20)
FNDA:12,(anonymous_21)
FNDA:3,(anonymous_22)
FNDA:42,(anonymous_23)
FNDA:3,(anonymous_24)
FNDA:0,(anonymous_25)
FNDA:0,(anonymous_26)
FNDA:1,(anonymous_27)
DA:22,2
DA:24,71
DA:28,34
DA:29,34
DA:30,34
DA:32,34
DA:33,34
DA:34,34
DA:35,34
DA:37,34
DA:38,0
DA:39,0
DA:43,1
DA:44,1
DA:45,1
DA:46,1
DA:50,34
DA:51,22
DA:52,9
DA:53,0
DA:55,9
DA:56,9
DA:60,34
DA:61,20
DA:62,9
DA:63,9
DA:64,9
DA:65,9
DA:66,0
DA:67,0
DA:68,0
DA:69,0
DA:70,0
DA:71,0
DA:72,0
DA:74,0
DA:77,9
DA:78,9
DA:82,34
DA:83,20
DA:84,9
DA:85,9
DA:90,1
DA:91,1
DA:95,1
DA:96,2
DA:100,6
DA:104,2
DA:105,2
DA:107,4
DA:108,2
DA:109,0
DA:110,0
DA:112,2
DA:113,0
DA:114,0
DA:117,2
DA:118,2
DA:119,2
DA:122,2
DA:128,1
DA:129,1
DA:130,1
DA:132,1
DA:134,2
DA:138,34
DA:140,21
DA:142,34
DA:168,3
DA:186,42
DA:190,3
DA:197,0
DA:204,0
DA:210,1
LF:74
LH:57
BRDA:51,0,0,13
BRDA:51,0,1,9
BRDA:53,1,0,0
BRDA:53,1,1,0
BRDA:61,2,0,11
BRDA:61,2,1,9
BRDA:63,3,0,0
BRDA:63,3,1,9
BRDA:66,4,0,0
BRDA:66,4,1,0
BRDA:68,5,0,0
BRDA:68,5,1,0
BRDA:71,6,0,0
BRDA:71,6,1,0
BRDA:72,7,0,0
BRDA:72,7,1,0
BRDA:74,8,0,0
BRDA:74,8,1,0
BRDA:83,9,0,9
BRDA:83,9,1,11
BRDA:90,10,0,0
BRDA:90,10,1,1
BRDA:95,11,0,0
BRDA:95,11,1,1
BRDA:100,12,0,3
BRDA:100,12,1,3
BRDA:108,13,0,0
BRDA:108,13,1,2
BRDA:112,14,0,0
BRDA:112,14,1,2
BRDA:124,15,0,2
BRDA:124,15,1,2
BRDA:125,16,0,2
BRDA:125,16,1,2
BRDA:132,17,0,1
BRDA:132,17,1,0
BRDA:138,18,0,13
BRDA:138,18,1,21
BRDA:140,19,0,21
BRDA:140,19,1,9
BRDA:222,20,0,34
BRDA:222,20,1,21
BRDA:234,21,0,34
BRDA:234,21,1,1
BRDA:251,22,0,34
BRDA:251,22,1,19
BRDA:254,23,0,34
BRDA:254,23,1,2
BRF:48
BRH:30
end_of_record
TN:
SF:src/components/CreateSessionModal.tsx
FN:18,makeRow
FN:22,CreateSessionModal
FN:27,(anonymous_2)
FN:35,(anonymous_3)
FN:37,(anonymous_4)
FN:44,(anonymous_5)
FN:48,(anonymous_6)
FN:55,(anonymous_7)
FN:74,(anonymous_8)
FN:78,(anonymous_9)
FN:81,(anonymous_10)
FN:82,(anonymous_11)
FN:90,(anonymous_12)
FN:95,(anonymous_13)
FN:96,(anonymous_14)
FN:117,resetForm
FN:131,addBatchRow
FN:136,removeBatchRow
FN:138,(anonymous_18)
FN:141,updateBatchRow
FN:142,(anonymous_20)
FN:145,handleBatchSubmit
FN:150,(anonymous_22)
FN:163,(anonymous_23)
FN:185,handleSubmit
FN:237,(anonymous_25)
FN:248,(anonymous_26)
FN:260,(anonymous_27)
FN:292,(anonymous_28)
FN:306,(anonymous_29)
FN:319,(anonymous_30)
FN:333,(anonymous_31)
FN:382,(anonymous_32)
FN:399,(anonymous_33)
FN:404,(anonymous_34)
FN:411,(anonymous_35)
FN:418,(anonymous_36)
FN:424,(anonymous_37)
FN:453,(anonymous_38)
FN:482,(anonymous_39)
FN:486,(anonymous_40)
FN:494,(anonymous_41)
FN:498,(anonymous_42)
FN:546,(anonymous_43)
FN:550,(anonymous_44)
FN:567,(anonymous_45)
FN:568,(anonymous_46)
FN:629,(anonymous_47)
FN:633,(anonymous_48)
FN:648,(anonymous_49)
FNF:50
FNH:32
FNDA:170,makeRow
FNDA:82,CreateSessionModal
FNDA:1,(anonymous_2)
FNDA:18,(anonymous_3)
FNDA:0,(anonymous_4)
FNDA:17,(anonymous_5)
FNDA:18,(anonymous_6)
FNDA:0,(anonymous_7)
FNDA:17,(anonymous_8)
FNDA:18,(anonymous_9)
FNDA:4,(anonymous_10)
FNDA:17,(anonymous_11)
FNDA:18,(anonymous_12)
FNDA:0,(anonymous_13)
FNDA:17,(anonymous_14)
FNDA:2,resetForm
FNDA:2,addBatchRow
FNDA:0,removeBatchRow
FNDA:0,(anonymous_18)
FNDA:10,updateBatchRow
FNDA:20,(anonymous_20)
FNDA:4,handleBatchSubmit
FNDA:8,(anonymous_22)
FNDA:8,(anonymous_23)
FNDA:4,handleSubmit
FNDA:0,(anonymous_25)
FNDA:10,(anonymous_26)
FNDA:0,(anonymous_27)
FNDA:3,(anonymous_28)
FNDA:1,(anonymous_29)
FNDA:1,(anonymous_30)
FNDA:0,(anonymous_31)
FNDA:2,(anonymous_32)
FNDA:58,(anonymous_33)
FNDA:9,(anonymous_34)
FNDA:0,(anonymous_35)
FNDA:1,(anonymous_36)
FNDA:0,(anonymous_37)
FNDA:0,(anonymous_38)
FNDA:41,(anonymous_39)
FNDA:58,(anonymous_40)
FNDA:0,(anonymous_41)
FNDA:0,(anonymous_42)
FNDA:0,(anonymous_43)
FNDA:0,(anonymous_44)
FNDA:0,(anonymous_45)
FNDA:0,(anonymous_46)
FNDA:7,(anonymous_47)
FNDA:0,(anonymous_48)
FNDA:1,(anonymous_49)
DA:17,1
DA:19,170
DA:23,82
DA:24,82
DA:25,82
DA:27,82
DA:28,1
DA:29,1
DA:32,82
DA:35,82
DA:36,18
DA:37,17
DA:38,0
DA:39,0
DA:40,0
DA:43,17
DA:44,17
DA:48,82
DA:49,18
DA:50,17
DA:51,17
DA:53,17
DA:55,17
DA:56,0
DA:57,0
DA:58,0
DA:59,0
DA:60,0
DA:61,0
DA:62,0
DA:63,0
DA:64,0
DA:67,0
DA:68,0
DA:69,0
DA:73,17
DA:74,17
DA:78,82
DA:79,18
DA:81,17
DA:82,17
DA:87,82
DA:88,82
DA:90,82
DA:91,18
DA:92,17
DA:93,17
DA:95,0
DA:96,17
DA:99,82
DA:100,82
DA:101,82
DA:102,82
DA:103,82
DA:104,82
DA:106,82
DA:107,82
DA:108,82
DA:109,82
DA:110,82
DA:118,2
DA:119,2
DA:120,2
DA:121,2
DA:122,2
DA:123,2
DA:124,2
DA:125,2
DA:126,2
DA:127,2
DA:128,2
DA:132,2
DA:133,2
DA:137,0
DA:138,0
DA:142,20
DA:146,4
DA:147,4
DA:148,4
DA:150,8
DA:151,4
DA:152,0
DA:153,0
DA:156,4
DA:157,4
DA:158,4
DA:159,4
DA:161,4
DA:162,4
DA:163,8
DA:171,4
DA:173,0
DA:174,0
DA:176,4
DA:177,4
DA:178,4
DA:183,82
DA:186,4
DA:187,4
DA:189,4
DA:190,1
DA:191,1
DA:194,3
DA:195,3
DA:196,4
DA:197,4
DA:198,4
DA:199,4
DA:206,1
DA:207,1
DA:208,1
DA:210,2
DA:211,2
DA:213,3
DA:214,3
DA:215,3
DA:220,81
DA:237,0
DA:248,10
DA:260,0
DA:292,3
DA:306,1
DA:319,1
DA:333,0
DA:382,2
DA:400,58
DA:404,9
DA:411,0
DA:418,1
DA:424,0
DA:453,0
DA:482,41
DA:486,58
DA:495,0
DA:496,0
DA:498,0
DA:499,0
DA:500,0
DA:501,0
DA:504,0
DA:505,0
DA:506,0
DA:507,0
DA:509,0
DA:510,0
DA:520,0
DA:521,0
DA:522,0
DA:524,0
DA:525,0
DA:527,0
DA:528,0
DA:529,0
DA:546,0
DA:551,0
DA:568,0
DA:569,0
DA:630,7
DA:633,0
DA:649,1
LF:160
LH:107
BRDA:36,0,0,1
BRDA:36,0,1,17
BRDA:38,1,0,0
BRDA:38,1,1,0
BRDA:49,2,0,1
BRDA:49,2,1,17
BRDA:51,3,0,0
BRDA:51,3,1,17
BRDA:56,4,0,0
BRDA:56,4,1,0
BRDA:58,5,0,0
BRDA:58,5,1,0
BRDA:61,6,0,0
BRDA:61,6,1,0
BRDA:62,7,0,0
BRDA:62,7,1,0
BRDA:67,8,0,0
BRDA:67,8,1,0
BRDA:79,9,0,17
BRDA:79,9,1,1
BRDA:91,10,0,1
BRDA:91,10,1,17
BRDA:132,11,0,0
BRDA:132,11,1,2
BRDA:137,12,0,0
BRDA:137,12,1,0
BRDA:142,13,0,10
BRDA:142,13,1,10
BRDA:151,14,0,0
BRDA:151,14,1,4
BRDA:165,15,0,8
BRDA:165,15,1,8
BRDA:166,16,0,8
BRDA:166,16,1,7
BRDA:166,16,2,4
BRDA:173,17,0,0
BRDA:173,17,1,0
BRDA:174,18,0,0
BRDA:174,18,1,0
BRDA:176,19,0,4
BRDA:176,19,1,0
BRDA:183,20,0,1
BRDA:183,20,1,81
BRDA:189,21,0,1
BRDA:189,21,1,3
BRDA:201,22,0,4
BRDA:201,22,1,2
BRDA:202,23,0,4
BRDA:202,23,1,2
BRDA:210,24,0,0
BRDA:210,24,1,2
BRDA:211,25,0,1
BRDA:211,25,1,1
BRDA:213,26,0,3
BRDA:213,26,1,0
BRDA:229,27,0,32
BRDA:229,27,1,49
BRDA:239,28,0,49
BRDA:239,28,1,32
BRDA:250,29,0,32
BRDA:250,29,1,49
BRDA:257,30,0,82
BRDA:257,30,1,1
BRDA:262,31,0,0
BRDA:262,31,1,1
BRDA:281,32,0,82
BRDA:281,32,1,49
BRDA:345,33,0,49
BRDA:345,33,1,4
BRDA:362,34,0,49
BRDA:362,34,1,46
BRDA:365,35,0,49
BRDA:365,35,1,3
BRDA:373,36,0,82
BRDA:373,36,1,32
BRDA:373,36,2,28
BRDA:435,37,0,28
BRDA:435,37,1,28
BRDA:465,38,0,28
BRDA:465,38,1,0
BRDA:482,39,0,28
BRDA:482,39,1,24
BRDA:485,40,0,28
BRDA:485,40,1,4
BRDA:493,41,0,82
BRDA:493,41,1,0
BRDA:499,42,0,0
BRDA:499,42,1,0
BRDA:524,43,0,0
BRDA:524,43,1,0
BRDA:525,44,0,0
BRDA:525,44,1,0
BRDA:527,45,0,0
BRDA:527,45,1,0
BRDA:538,46,0,0
BRDA:538,46,1,0
BRDA:540,47,0,0
BRDA:540,47,1,0
BRDA:552,48,0,0
BRDA:552,48,1,0
BRDA:560,49,0,0
BRDA:560,49,1,0
BRDA:567,50,0,0
BRDA:567,50,1,0
BRDA:567,50,2,0
BRDA:574,51,0,0
BRDA:574,51,1,0
BRDA:579,52,0,0
BRDA:579,52,1,0
BRDA:579,52,2,0
BRDA:599,53,0,0
BRDA:599,53,1,0
BRDA:602,54,0,0
BRDA:602,54,1,0
BRDA:610,55,0,82
BRDA:610,55,1,4
BRDA:613,56,0,4
BRDA:613,56,1,4
BRDA:618,57,0,4
BRDA:618,57,1,1
BRDA:625,58,0,4
BRDA:625,58,1,4
BRDA:636,59,0,5
BRDA:636,59,1,2
BRDA:644,60,0,4
BRDA:644,60,1,1
BRF:126
BRH:71
end_of_record
TN:
SF:src/components/Layout.tsx
FN:39,Layout
FN:40,(anonymous_1)
FN:41,(anonymous_2)
FN:42,(anonymous_3)
FN:43,(anonymous_4)
FN:44,(anonymous_5)
FN:45,(anonymous_6)
FN:52,readCachedUpdate
FN:70,writeCachedUpdate
FN:83,runUpdateCheck
FN:109,(anonymous_10)
FN:112,(anonymous_11)
FN:127,(anonymous_12)
FN:132,(anonymous_13)
FN:138,(anonymous_14)
FN:143,attemptConnect
FN:147,(anonymous_16)
FN:151,(anonymous_17)
FN:156,(anonymous_18)
FN:161,(anonymous_19)
FN:164,(anonymous_20)
FN:178,(anonymous_21)
FN:189,(anonymous_22)
FN:227,(anonymous_23)
FN:232,(anonymous_24)
FNF:25
FNH:23
FNDA:39,Layout
FNDA:154,(anonymous_1)
FNDA:154,(anonymous_2)
FNDA:154,(anonymous_3)
FNDA:154,(anonymous_4)
FNDA:154,(anonymous_5)
FNDA:154,(anonymous_6)
FNDA:11,readCachedUpdate
FNDA:11,writeCachedUpdate
FNDA:12,runUpdateCheck
FNDA:14,(anonymous_10)
FNDA:14,(anonymous_11)
FNDA:14,(anonymous_12)
FNDA:1,(anonymous_13)
FNDA:14,(anonymous_14)
FNDA:24,attemptConnect
FNDA:0,(anonymous_16)
FNDA:1,(anonymous_17)
FNDA:1,(anonymous_18)
FNDA:0,(anonymous_19)
FNDA:1,(anonymous_20)
FNDA:10,(anonymous_21)
FNDA:14,(anonymous_22)
FNDA:117,(anonymous_23)
FNDA:114,(anonymous_24)
DA:20,1
DA:26,1
DA:27,1
DA:28,1
DA:29,1
DA:35,1
DA:36,1
DA:37,1
DA:40,154
DA:41,154
DA:42,154
DA:43,154
DA:44,154
DA:45,154
DA:46,39
DA:47,39
DA:48,39
DA:49,39
DA:50,39
DA:53,11
DA:54,11
DA:55,11
DA:56,1
DA:57,1
DA:58,1
DA:59,1
DA:66,0
DA:71,11
DA:72,11
DA:77,11
DA:84,12
DA:86,12
DA:87,11
DA:88,11
DA:89,1
DA:90,1
DA:91,1
DA:95,11
DA:96,11
DA:97,11
DA:98,11
DA:99,11
DA:100,11
DA:102,0
DA:103,0
DA:105,11
DA:109,39
DA:110,14
DA:112,14
DA:113,14
DA:114,14
DA:115,14
DA:116,11
DA:117,11
DA:120,0
DA:121,0
DA:125,14
DA:127,14
DA:128,14
DA:132,39
DA:133,1
DA:138,39
DA:139,14
DA:141,14
DA:144,24
DA:146,24
DA:147,24
DA:148,0
DA:149,0
DA:152,1
DA:153,1
DA:154,1
DA:157,1
DA:158,1
DA:159,1
DA:162,0
DA:165,1
DA:166,1
DA:167,1
DA:171,15
DA:172,15
DA:174,15
DA:175,13
DA:176,13
DA:177,13
DA:178,13
DA:180,2
DA:181,2
DA:182,2
DA:187,14
DA:189,14
DA:190,14
DA:191,14
DA:192,5
DA:194,14
DA:198,39
DA:206,39
DA:228,117
DA:233,114
LF:99
LH:91
BRDA:55,0,0,10
BRDA:55,0,1,1
BRDA:57,1,0,0
BRDA:57,1,1,1
BRDA:58,2,0,0
BRDA:58,2,1,1
BRDA:84,3,0,0
BRDA:84,3,1,12
BRDA:84,4,0,12
BRDA:84,4,1,12
BRDA:84,4,2,12
BRDA:86,5,0,11
BRDA:86,5,1,1
BRDA:88,6,0,1
BRDA:88,6,1,10
BRDA:102,7,0,0
BRDA:102,7,1,0
BRDA:115,8,0,11
BRDA:115,8,1,3
BRDA:121,9,0,0
BRDA:121,9,1,0
BRDA:144,10,0,0
BRDA:144,10,1,24
BRDA:148,11,0,0
BRDA:148,11,1,0
BRDA:174,12,0,13
BRDA:174,12,1,2
BRDA:191,13,0,5
BRDA:191,13,1,9
BRDA:198,14,0,2
BRDA:198,14,1,37
BRDA:200,15,0,25
BRDA:200,15,1,12
BRDA:201,16,0,14
BRDA:201,16,1,11
BRDA:234,17,0,38
BRDA:234,17,1,76
BRDA:276,18,0,39
BRDA:276,18,1,38
BRDA:279,19,0,1
BRDA:279,19,1,38
BRDA:280,20,0,1
BRDA:280,20,1,38
BRDA:284,21,0,39
BRDA:284,21,1,6
BRDA:286,22,0,4
BRDA:286,22,1,2
BRDA:301,23,0,39
BRDA:301,23,1,0
BRDA:308,24,0,39
BRDA:308,24,1,14
BRDA:309,25,0,25
BRDA:309,25,1,14
BRDA:317,26,0,2
BRDA:317,26,1,12
BRDA:318,27,0,2
BRDA:318,27,1,12
BRF:57
BRH:46
end_of_record
TN:
SF:src/components/SaveTemplateModal.tsx
FN:16,SaveTemplateModal
FN:24,(anonymous_1)
FN:26,(anonymous_2)
FN:35,(anonymous_3)
FN:37,(anonymous_4)
FN:44,(anonymous_5)
FN:48,(anonymous_6)
FN:55,(anonymous_7)
FN:74,(anonymous_8)
FN:77,handleSubmit
FN:155,(anonymous_10)
FN:169,(anonymous_11)
FNF:12
FNH:11
FNDA:51,SaveTemplateModal
FNDA:53,(anonymous_1)
FNDA:6,(anonymous_2)
FNDA:32,(anonymous_3)
FNDA:1,(anonymous_4)
FNDA:11,(anonymous_5)
FNDA:19,(anonymous_6)
FNDA:0,(anonymous_7)
FNDA:11,(anonymous_8)
FNDA:7,handleSubmit
FNDA:6,(anonymous_10)
FNDA:1,(anonymous_11)
DA:17,51
DA:18,51
DA:20,51
DA:21,51
DA:22,51
DA:23,51
DA:24,53
DA:26,51
DA:27,6
DA:28,6
DA:29,6
DA:30,6
DA:31,6
DA:35,51
DA:36,32
DA:37,11
DA:38,1
DA:39,1
DA:40,1
DA:43,11
DA:44,11
DA:48,51
DA:49,19
DA:50,11
DA:51,11
DA:53,11
DA:55,11
DA:56,0
DA:57,0
DA:58,0
DA:59,0
DA:60,0
DA:61,0
DA:62,0
DA:63,0
DA:64,0
DA:67,0
DA:68,0
DA:69,0
DA:73,11
DA:74,11
DA:78,7
DA:79,7
DA:81,7
DA:82,2
DA:83,2
DA:86,5
DA:87,5
DA:88,7
DA:89,7
DA:91,7
DA:92,7
DA:97,3
DA:98,3
DA:100,2
DA:101,2
DA:103,5
DA:104,5
DA:105,5
DA:110,51
DA:112,30
DA:155,6
DA:169,1
LF:63
LH:51
BRDA:36,0,0,21
BRDA:36,0,1,11
BRDA:38,1,0,1
BRDA:38,1,1,0
BRDA:49,2,0,8
BRDA:49,2,1,11
BRDA:51,3,0,0
BRDA:51,3,1,11
BRDA:56,4,0,0
BRDA:56,4,1,0
BRDA:58,5,0,0
BRDA:58,5,1,0
BRDA:61,6,0,0
BRDA:61,6,1,0
BRDA:62,7,0,0
BRDA:62,7,1,0
BRDA:67,8,0,0
BRDA:67,8,1,0
BRDA:81,9,0,2
BRDA:81,9,1,5
BRDA:94,10,0,7
BRDA:94,10,1,4
BRDA:100,11,0,0
BRDA:100,11,1,2
BRDA:101,12,0,1
BRDA:101,12,1,1
BRDA:103,13,0,5
BRDA:103,13,1,0
BRDA:110,14,0,21
BRDA:110,14,1,30
BRDA:141,15,0,30
BRDA:141,15,1,4
BRDA:191,16,0,5
BRDA:191,16,1,25
BRF:34
BRH:20
end_of_record
TN:
SF:src/components/Sparkline.tsx
FN:12,Sparkline
FN:42,(anonymous_1)
FNF:2
FNH:2
FNDA:5,Sparkline
FNDA:11,(anonymous_1)
DA:18,5
DA:19,1
DA:34,4
DA:35,4
DA:36,4
DA:37,5
DA:38,5
DA:40,5
DA:43,11
DA:44,11
DA:45,11
DA:46,11
DA:47,11
LF:13
LH:13
BRDA:14,0,0,5
BRDA:15,1,0,5
BRDA:16,2,0,5
BRDA:18,3,0,1
BRDA:18,3,1,4
BRDA:36,4,0,4
BRDA:36,4,1,0
BRF:7
BRH:6
end_of_record
TN:
SF:src/components/TTLSelector.tsx
FN:24,TTLSelector
FN:26,(anonymous_1)
FN:31,handlePresetClick
FN:36,handleCustomChange
FN:61,(anonymous_4)
FN:65,(anonymous_5)
FN:104,formatDuration
FNF:7
FNH:7
FNDA:17,TTLSelector
FNDA:10,(anonymous_1)
FNDA:2,handlePresetClick
FNDA:5,handleCustomChange
FNDA:68,(anonymous_4)
FNDA:2,(anonymous_5)
FNDA:9,formatDuration
DA:17,1
DA:26,17
DA:27,17
DA:32,2
DA:33,2
DA:37,5
DA:38,5
DA:40,5
DA:41,1
DA:43,4
DA:44,4
DA:45,4
DA:50,17
DA:62,68
DA:65,2
DA:105,9
DA:106,9
DA:107,3
DA:108,3
DA:109,3
LF:20
LH:20
BRDA:26,0,0,17
BRDA:26,0,1,4
BRDA:28,1,0,1
BRDA:28,1,1,16
BRDA:28,2,0,1
BRDA:28,2,1,0
BRDA:40,3,0,1
BRDA:40,3,1,4
BRDA:44,4,0,4
BRDA:44,4,1,0
BRDA:44,5,0,4
BRDA:44,5,1,4
BRDA:67,6,0,3
BRDA:67,6,1,65
BRDA:87,7,0,17
BRDA:87,7,1,5
BRDA:87,7,2,5
BRDA:95,8,0,17
BRDA:95,8,1,4
BRDA:105,9,0,0
BRDA:105,9,1,9
BRDA:106,10,0,6
BRDA:106,10,1,3
BRDA:109,11,0,1
BRDA:109,11,1,2
BRF:25
BRH:22
end_of_record
TN:
SF:src/components/metrics/LatencyPanel.tsx
FN:16,formatMs
FN:21,barWidth
FN:27,LatencyPanel
FN:79,(anonymous_3)
FNF:4
FNH:4
FNDA:12,formatMs
FNDA:4,barWidth
FNDA:3,LatencyPanel
FNDA:4,(anonymous_3)
DA:17,12
DA:18,11
DA:22,4
DA:23,4
DA:24,4
DA:28,3
DA:29,1
DA:36,2
DA:37,1
DA:44,1
DA:75,3
DA:80,4
LF:12
LH:12
BRDA:17,0,0,1
BRDA:17,0,1,11
BRDA:22,1,0,0
BRDA:22,1,1,4
BRDA:28,2,0,1
BRDA:28,2,1,2
BRDA:36,3,0,1
BRDA:36,3,1,1
BRDA:36,4,0,2
BRDA:36,4,1,1
BRDA:47,5,0,1
BRDA:47,5,1,0
BRDA:61,6,0,3
BRDA:61,6,1,0
BRDA:68,7,0,3
BRDA:68,7,1,0
BRDA:86,8,0,0
BRDA:86,8,1,4
BRF:18
BRH:13
end_of_record
TN:
SF:src/components/overview/MetricCard.tsx
FN:36,MetricCard
FNF:1
FNH:1
FNDA:111,MetricCard
DA:20,2
DA:28,2
DA:37,111
LF:3
LH:3
BRDA:36,0,0,111
BRDA:40,1,0,111
BRDA:40,1,1,105
BRDA:49,2,0,111
BRDA:49,2,1,6
BRDA:51,3,0,111
BRDA:51,3,1,5
BRDA:59,4,0,111
BRDA:59,4,1,11
BRF:9
BRH:9
end_of_record
TN:
SF:src/components/overview/MetricCards.tsx
FN:29,getErrorMessage
FN:38,MetricCards
FN:39,(anonymous_2)
FN:40,(anonymous_3)
FN:41,(anonymous_4)
FN:42,(anonymous_5)
FN:43,(anonymous_6)
FN:48,(anonymous_7)
FN:123,(anonymous_8)
FNF:9
FNH:8
FNDA:0,getErrorMessage
FNDA:13,MetricCards
FNDA:45,(anonymous_2)
FNDA:45,(anonymous_3)
FNDA:45,(anonymous_4)
FNDA:45,(anonymous_5)
FNDA:45,(anonymous_6)
FNDA:9,(anonymous_7)
FNDA:24,(anonymous_8)
DA:30,0
DA:35,1
DA:36,1
DA:39,45
DA:40,45
DA:41,45
DA:42,45
DA:43,45
DA:44,13
DA:45,13
DA:46,13
DA:48,13
DA:49,9
DA:51,9
DA:52,9
DA:55,9
DA:56,9
DA:59,9
DA:60,0
DA:61,9
DA:62,0
DA:64,9
DA:67,9
DA:70,13
DA:78,13
DA:79,5
DA:86,8
DA:87,0
DA:94,8
DA:95,8
DA:96,13
DA:97,13
DA:98,13
DA:99,13
DA:100,13
DA:101,13
DA:102,13
DA:103,13
DA:104,13
DA:105,13
DA:106,13
DA:107,13
DA:108,13
DA:109,13
DA:110,13
DA:111,13
DA:112,13
DA:113,13
DA:114,13
DA:117,13
DA:118,13
DA:119,13
DA:120,13
DA:121,13
DA:123,24
DA:125,13
DA:127,13
DA:129,13
LF:58
LH:54
BRDA:30,0,0,0
BRDA:30,0,1,0
BRDA:30,1,0,0
BRDA:30,1,1,0
BRDA:40,2,0,45
BRDA:40,2,1,37
BRDA:51,3,0,9
BRDA:51,3,1,0
BRDA:55,4,0,9
BRDA:55,4,1,0
BRDA:59,5,0,0
BRDA:59,5,1,9
BRDA:59,6,0,9
BRDA:59,6,1,0
BRDA:61,7,0,0
BRDA:61,7,1,9
BRDA:78,8,0,5
BRDA:78,8,1,8
BRDA:78,9,0,13
BRDA:78,9,1,5
BRDA:78,9,2,5
BRDA:86,10,0,0
BRDA:86,10,1,8
BRDA:86,11,0,8
BRDA:86,11,1,0
BRDA:86,11,2,0
BRDA:95,12,0,8
BRDA:95,12,1,0
BRDA:95,12,2,0
BRDA:96,13,0,13
BRDA:96,13,1,0
BRDA:96,13,2,0
BRDA:97,14,0,13
BRDA:97,14,1,0
BRDA:98,15,0,13
BRDA:98,15,1,0
BRDA:100,16,0,13
BRDA:100,16,1,1
BRDA:101,17,0,13
BRDA:101,17,1,0
BRDA:102,18,0,13
BRDA:102,18,1,0
BRDA:103,19,0,13
BRDA:103,19,1,0
BRDA:104,20,0,13
BRDA:104,20,1,0
BRDA:104,20,2,0
BRDA:105,21,0,13
BRDA:105,21,1,1
BRDA:106,22,0,13
BRDA:106,22,1,1
BRDA:107,23,0,13
BRDA:107,23,1,1
BRDA:108,24,0,13
BRDA:108,24,1,0
BRDA:109,25,0,13
BRDA:109,25,1,0
BRDA:110,26,0,13
BRDA:110,26,1,0
BRDA:111,27,0,13
BRDA:111,27,1,0
BRDA:112,28,0,13
BRDA:112,28,1,0
BRDA:113,29,0,13
BRDA:113,29,1,0
BRDA:114,30,0,13
BRDA:114,30,1,0
BRDA:118,31,0,13
BRDA:118,31,1,8
BRDA:119,32,0,13
BRDA:119,32,1,8
BRDA:120,33,0,13
BRDA:120,33,1,8
BRDA:123,34,0,3
BRDA:123,34,1,21
BRDA:125,35,0,1
BRDA:125,35,1,7
BRDA:125,36,0,6
BRDA:125,36,1,1
BRDA:125,37,0,1
BRDA:125,37,1,0
BRDA:127,38,0,13
BRDA:127,38,1,8
BRDA:127,39,0,8
BRDA:127,39,1,4
BRDA:131,40,0,13
BRDA:131,40,1,0
BRDA:137,41,0,0
BRDA:137,41,1,0
BRDA:138,42,0,0
BRDA:138,42,1,0
BRDA:138,42,2,0
BRDA:153,43,0,7
BRDA:153,43,1,1
BRDA:155,44,0,13
BRDA:155,44,1,7
BRDA:163,45,0,13
BRDA:163,45,1,1
BRDA:175,46,0,7
BRDA:175,46,1,1
BRDA:179,47,0,13
BRDA:179,47,1,1
BRDA:181,48,0,13
BRDA:181,48,1,7
BRDA:185,49,0,7
BRDA:185,49,1,0
BRDA:190,50,0,13
BRDA:190,50,1,1
BRDA:200,51,0,13
BRDA:200,51,1,1
BRDA:206,52,0,1
BRDA:206,52,1,0
BRDA:209,53,0,13
BRDA:209,53,1,1
BRDA:209,53,2,0
BRDA:219,54,0,13
BRDA:219,54,1,1
BRDA:229,55,0,13
BRDA:229,55,1,1
BRDA:237,56,0,13
BRDA:237,56,1,1
BRDA:247,57,0,13
BRDA:247,57,1,1
BRDA:280,58,0,13
BRDA:280,58,1,0
BRDA:283,59,0,0
BRDA:283,59,1,0
BRDA:288,60,0,13
BRDA:288,60,1,0
BRDA:291,61,0,0
BRDA:291,61,1,0
BRDA:291,62,0,0
BRDA:291,62,1,0
BRDA:294,63,0,0
BRDA:294,63,1,0
BRDA:294,64,0,0
BRDA:294,64,1,0
BRDA:294,65,0,0
BRDA:294,65,1,0
BRDA:294,66,0,0
BRDA:294,66,1,0
BRF:141
BRH:85
end_of_record
TN:
SF:src/components/overview/RealtimeBadge.tsx
FN:11,RealtimeBadge
FNF:1
FNH:1
FNDA:3,RealtimeBadge
DA:6,4
DA:12,3
LF:2
LH:2
BRF:0
BRH:0
end_of_record
TN:
SF:src/components/overview/SessionTable.tsx
FN:96,(anonymous_0)
FN:99,(anonymous_1)
FN:102,formatStatusLabel
FN:107,(anonymous_3)
FN:111,matchesSearch
FN:118,isDisplayedSessionEqual
FN:128,areSessionRowPropsEqual
FN:135,SessionMobileCard
FN:154,(anonymous_8)
FN:177,(anonymous_9)
FN:187,(anonymous_10)
FN:196,(anonymous_11)
FN:229,SessionDesktopRow
FN:247,(anonymous_13)
FN:303,(anonymous_14)
FN:313,(anonymous_15)
FN:322,(anonymous_16)
FN:336,SessionTable
FN:337,(anonymous_18)
FN:338,(anonymous_19)
FN:339,(anonymous_20)
FN:340,(anonymous_21)
FN:341,(anonymous_22)
FN:342,(anonymous_23)
FN:343,(anonymous_24)
FN:364,(anonymous_25)
FN:377,(anonymous_26)
FN:383,(anonymous_27)
FN:426,(anonymous_28)
FN:427,(anonymous_29)
FN:428,(anonymous_30)
FN:428,(anonymous_31)
FN:431,(anonymous_32)
FN:432,(anonymous_33)
FN:436,(anonymous_34)
FN:440,(anonymous_35)
FN:442,(anonymous_36)
FN:452,(anonymous_37)
FN:454,(anonymous_38)
FN:464,(anonymous_39)
FN:469,(anonymous_40)
FN:470,(anonymous_41)
FN:480,(anonymous_42)
FN:481,(anonymous_43)
FN:485,(anonymous_44)
FN:489,(anonymous_45)
FN:494,(anonymous_46)
FN:497,(anonymous_47)
FN:500,(anonymous_48)
FN:510,(anonymous_49)
FN:512,(anonymous_50)
FN:534,(anonymous_51)
FN:544,(anonymous_52)
FN:555,(anonymous_53)
FN:557,(anonymous_54)
FN:573,(anonymous_55)
FN:574,(anonymous_56)
FN:585,(anonymous_57)
FN:603,(anonymous_58)
FN:630,(anonymous_59)
FN:644,(anonymous_60)
FN:651,(anonymous_61)
FN:661,(anonymous_62)
FN:661,(anonymous_63)
FN:669,(anonymous_64)
FN:719,(anonymous_65)
FN:728,(anonymous_66)
FN:737,(anonymous_67)
FN:764,(anonymous_68)
FN:772,(anonymous_69)
FN:799,(anonymous_70)
FN:814,(anonymous_71)
FN:842,(anonymous_72)
FN:842,(anonymous_73)
FN:851,(anonymous_74)
FN:851,(anonymous_75)
FN:871,(anonymous_76)
FNF:77
FNH:46
FNDA:82,(anonymous_0)
FNDA:82,(anonymous_1)
FNDA:832,formatStatusLabel
FNDA:1068,(anonymous_3)
FNDA:3,matchesSearch
FNDA:162,isDisplayedSessionEqual
FNDA:162,areSessionRowPropsEqual
FNDA:41,SessionMobileCard
FNDA:5,(anonymous_8)
FNDA:0,(anonymous_9)
FNDA:0,(anonymous_10)
FNDA:0,(anonymous_11)
FNDA:41,SessionDesktopRow
FNDA:0,(anonymous_13)
FNDA:0,(anonymous_14)
FNDA:0,(anonymous_15)
FNDA:0,(anonymous_16)
FNDA:63,SessionTable
FNDA:203,(anonymous_18)
FNDA:203,(anonymous_19)
FNDA:203,(anonymous_20)
FNDA:203,(anonymous_21)
FNDA:203,(anonymous_22)
FNDA:203,(anonymous_23)
FNDA:71,(anonymous_24)
FNDA:16,(anonymous_25)
FNDA:3,(anonymous_26)
FNDA:41,(anonymous_27)
FNDA:22,(anonymous_28)
FNDA:29,(anonymous_29)
FNDA:22,(anonymous_30)
FNDA:0,(anonymous_31)
FNDA:0,(anonymous_32)
FNDA:0,(anonymous_33)
FNDA:0,(anonymous_34)
FNDA:0,(anonymous_35)
FNDA:0,(anonymous_36)
FNDA:0,(anonymous_37)
FNDA:0,(anonymous_38)
FNDA:0,(anonymous_39)
FNDA:0,(anonymous_40)
FNDA:0,(anonymous_41)
FNDA:5,(anonymous_42)
FNDA:5,(anonymous_43)
FNDA:0,(anonymous_44)
FNDA:0,(anonymous_45)
FNDA:0,(anonymous_46)
FNDA:2,(anonymous_47)
FNDA:2,(anonymous_48)
FNDA:4,(anonymous_49)
FNDA:4,(anonymous_50)
FNDA:2,(anonymous_51)
FNDA:2,(anonymous_52)
FNDA:40,(anonymous_53)
FNDA:1,(anonymous_54)
FNDA:53,(anonymous_55)
FNDA:85,(anonymous_56)
FNDA:50,(anonymous_57)
FNDA:0,(anonymous_58)
FNDA:2,(anonymous_59)
FNDA:1,(anonymous_60)
FNDA:520,(anonymous_61)
FNDA:520,(anonymous_62)
FNDA:156,(anonymous_63)
FNDA:0,(anonymous_64)
FNDA:1,(anonymous_65)
FNDA:1,(anonymous_66)
FNDA:0,(anonymous_67)
FNDA:0,(anonymous_68)
FNDA:112,(anonymous_69)
FNDA:0,(anonymous_70)
FNDA:112,(anonymous_71)
FNDA:0,(anonymous_72)
FNDA:0,(anonymous_73)
FNDA:0,(anonymous_74)
FNDA:0,(anonymous_75)
FNDA:0,(anonymous_76)
DA:34,2
DA:35,2
DA:36,2
DA:37,2
DA:38,2
DA:53,2
DA:96,2
DA:97,82
DA:99,2
DA:100,82
DA:103,832
DA:105,712
DA:107,1068
DA:112,3
DA:114,3
DA:115,3
DA:119,162
DA:129,162
DA:135,2
DA:146,41
DA:154,5
DA:177,0
DA:187,0
DA:196,0
DA:229,2
DA:240,41
DA:247,0
DA:303,0
DA:313,0
DA:322,0
DA:337,203
DA:338,203
DA:339,203
DA:340,203
DA:341,203
DA:342,203
DA:343,71
DA:345,63
DA:346,63
DA:347,63
DA:348,63
DA:349,63
DA:350,63
DA:351,63
DA:352,63
DA:353,63
DA:359,63
DA:360,63
DA:361,63
DA:362,63
DA:364,63
DA:365,16
DA:367,16
DA:368,16
DA:369,16
DA:375,16
DA:376,15
DA:377,3
DA:380,16
DA:381,16
DA:382,16
DA:383,41
DA:384,15
DA:385,43
DA:386,41
DA:393,15
DA:394,15
DA:395,15
DA:396,16
DA:397,16
DA:408,1
DA:414,16
DA:418,63
DA:426,63
DA:427,29
DA:428,22
DA:431,63
DA:432,0
DA:433,0
DA:434,0
DA:436,0
DA:440,63
DA:441,0
DA:442,0
DA:443,0
DA:444,0
DA:445,0
DA:447,0
DA:452,63
DA:453,0
DA:454,0
DA:455,0
DA:456,0
DA:457,0
DA:459,0
DA:464,63
DA:465,0
DA:466,0
DA:469,63
DA:470,0
DA:471,0
DA:472,0
DA:473,0
DA:475,0
DA:480,63
DA:481,5
DA:482,5
DA:483,5
DA:485,0
DA:489,63
DA:490,0
DA:491,0
DA:492,0
DA:494,0
DA:497,63
DA:499,2
DA:500,2
DA:501,2
DA:502,2
DA:503,4
DA:505,2
DA:508,2
DA:509,2
DA:510,4
DA:512,4
DA:513,2
DA:515,2
DA:516,2
DA:522,2
DA:523,0
DA:530,2
DA:531,2
DA:533,2
DA:534,2
DA:535,2
DA:536,2
DA:537,4
DA:539,2
DA:544,63
DA:545,2
DA:546,0
DA:548,2
DA:549,1
DA:550,1
DA:552,1
DA:555,63
DA:557,63
DA:558,1
DA:559,1
DA:560,0
DA:562,1
DA:564,1
DA:567,63
DA:573,63
DA:574,53
DA:575,85
DA:576,85
DA:585,63
DA:586,63
DA:588,63
DA:589,22
DA:596,41
DA:597,1
DA:604,0
DA:605,0
DA:606,0
DA:618,40
DA:620,63
DA:631,2
DA:632,2
DA:645,1
DA:646,1
DA:652,520
DA:661,520
DA:662,156
DA:663,156
DA:670,0
DA:671,0
DA:719,1
DA:728,1
DA:737,0
DA:764,0
DA:773,112
DA:799,0
DA:815,112
DA:842,0
DA:851,0
DA:871,0
LF:188
LH:139
BRDA:97,0,0,82
BRDA:97,0,1,58
BRDA:99,1,0,82
BRDA:100,2,0,0
BRDA:100,2,1,82
BRDA:103,3,0,120
BRDA:103,3,1,712
BRDA:112,4,0,0
BRDA:112,4,1,3
BRDA:119,5,0,162
BRDA:119,5,1,162
BRDA:119,5,2,162
BRDA:119,5,3,162
BRDA:119,5,4,162
BRDA:119,5,5,162
BRDA:119,5,6,162
BRDA:129,6,0,162
BRDA:129,6,1,162
BRDA:129,6,2,162
BRDA:129,6,3,144
BRDA:152,7,0,41
BRDA:152,7,1,0
BRDA:164,8,0,41
BRDA:164,8,1,0
BRDA:166,9,0,41
BRDA:166,9,1,12
BRDA:175,10,0,41
BRDA:175,10,1,12
BRDA:179,11,0,12
BRDA:179,11,1,0
BRDA:188,12,0,41
BRDA:188,12,1,39
BRDA:189,13,0,41
BRDA:189,13,1,0
BRDA:198,14,0,41
BRDA:198,14,1,0
BRDA:210,15,0,41
BRDA:210,15,1,0
BRDA:210,15,2,0
BRDA:212,16,0,0
BRDA:212,16,1,0
BRDA:212,17,0,0
BRDA:212,17,1,0
BRDA:215,18,0,12
BRDA:215,18,1,29
BRDA:215,19,0,41
BRDA:215,19,1,41
BRDA:245,20,0,41
BRDA:245,20,1,0
BRDA:255,21,0,41
BRDA:255,21,1,12
BRDA:264,22,0,41
BRDA:264,22,1,0
BRDA:281,23,0,12
BRDA:281,23,1,29
BRDA:281,24,0,41
BRDA:281,24,1,41
BRDA:294,25,0,0
BRDA:294,25,1,41
BRDA:294,26,0,41
BRDA:294,26,1,0
BRDA:295,27,0,0
BRDA:295,27,1,0
BRDA:295,28,0,0
BRDA:295,28,1,0
BRDA:301,29,0,41
BRDA:301,29,1,12
BRDA:305,30,0,12
BRDA:305,30,1,0
BRDA:314,31,0,41
BRDA:314,31,1,39
BRDA:315,32,0,41
BRDA:315,32,1,0
BRDA:324,33,0,41
BRDA:324,33,1,0
BRDA:340,34,0,203
BRDA:340,34,1,195
BRDA:370,35,0,1
BRDA:370,35,1,15
BRDA:371,36,0,1
BRDA:371,36,1,15
BRDA:372,37,0,15
BRDA:372,37,1,1
BRDA:376,38,0,1
BRDA:376,38,1,14
BRDA:385,39,0,41
BRDA:385,39,1,2
BRDA:395,40,0,15
BRDA:395,40,1,1
BRDA:398,41,0,1
BRDA:398,41,1,14
BRDA:403,42,0,1
BRDA:403,42,1,0
BRDA:409,43,0,1
BRDA:409,43,1,0
BRDA:409,44,0,1
BRDA:409,44,1,1
BRDA:447,45,0,0
BRDA:447,45,1,0
BRDA:459,46,0,0
BRDA:459,46,1,0
BRDA:475,47,0,0
BRDA:475,47,1,0
BRDA:482,48,0,5
BRDA:482,48,1,0
BRDA:483,49,0,0
BRDA:483,49,1,5
BRDA:490,50,0,0
BRDA:490,50,1,0
BRDA:510,51,0,2
BRDA:510,51,1,2
BRDA:515,52,0,2
BRDA:515,52,1,0
BRDA:518,53,0,1
BRDA:518,53,1,1
BRDA:519,54,0,0
BRDA:519,54,1,2
BRDA:522,55,0,0
BRDA:522,55,1,2
BRDA:526,56,0,0
BRDA:526,56,1,0
BRDA:545,57,0,0
BRDA:545,57,1,2
BRDA:548,58,0,1
BRDA:548,58,1,1
BRDA:558,59,0,0
BRDA:558,59,1,1
BRDA:559,60,0,0
BRDA:559,60,1,1
BRDA:567,61,0,1
BRDA:567,61,1,62
BRDA:568,62,0,0
BRDA:568,62,1,1
BRDA:570,63,0,0
BRDA:570,63,1,1
BRDA:578,64,0,85
BRDA:578,64,1,0
BRDA:580,65,0,85
BRDA:580,65,1,81
BRDA:585,66,0,63
BRDA:585,66,1,40
BRDA:586,67,0,63
BRDA:586,67,1,60
BRDA:588,68,0,22
BRDA:588,68,1,41
BRDA:588,69,0,63
BRDA:588,69,1,24
BRDA:588,69,2,22
BRDA:596,70,0,1
BRDA:596,70,1,40
BRDA:596,71,0,41
BRDA:596,71,1,1
BRDA:618,72,0,40
BRDA:618,72,1,40
BRDA:618,73,0,40
BRDA:618,73,1,4
BRDA:653,74,0,520
BRDA:653,74,1,0
BRDA:661,75,0,520
BRDA:661,75,1,480
BRDA:661,76,0,480
BRDA:661,76,1,0
BRDA:668,77,0,156
BRDA:668,77,1,0
BRDA:673,78,0,40
BRDA:673,78,1,116
BRDA:677,79,0,156
BRDA:677,79,1,0
BRDA:687,80,0,4
BRDA:687,80,1,36
BRDA:688,81,0,2
BRDA:688,81,1,2
BRDA:689,82,0,2
BRDA:689,82,1,34
BRDA:691,83,0,63
BRDA:691,83,1,0
BRDA:699,84,0,63
BRDA:699,84,1,2
BRDA:705,85,0,2
BRDA:705,85,1,2
BRDA:706,86,0,2
BRDA:706,86,1,2
BRDA:706,86,2,2
BRDA:710,87,0,63
BRDA:710,87,1,8
BRDA:713,88,0,3
BRDA:713,88,1,5
BRDA:721,89,0,3
BRDA:721,89,1,5
BRDA:730,90,0,3
BRDA:730,90,1,5
BRDA:749,91,0,0
BRDA:749,91,1,40
BRDA:752,92,0,0
BRDA:752,92,1,0
BRDA:834,93,0,40
BRDA:834,93,1,36
BRDA:834,93,2,0
BRF:198
BRH:142
end_of_record
TN:
SF:src/components/overview/StatusDot.tsx
FN:48,StatusDot
FNF:1
FNH:1
FNDA:9,StatusDot
DA:7,2
DA:22,2
DA:33,2
DA:49,9
DA:50,9
DA:51,9
DA:53,9
LF:7
LH:7
BRDA:49,0,0,9
BRDA:49,0,1,0
BRDA:51,1,0,9
BRDA:51,1,1,0
BRDA:65,2,0,1
BRDA:65,2,1,8
BRF:6
BRH:4
end_of_record
TN:
SF:src/components/pipeline/PipelineStatusBadge.tsx
FN:25,PipelineStatusBadge
FNF:1
FNH:1
FNDA:30,PipelineStatusBadge
DA:9,3
DA:16,3
DA:18,3
DA:26,30
DA:27,30
DA:28,30
DA:30,30
LF:7
LH:7
BRDA:26,0,0,30
BRDA:26,0,1,1
BRDA:28,1,0,30
BRDA:28,1,1,1
BRDA:36,2,0,30
BRDA:36,2,1,19
BRF:6
BRH:6
end_of_record
TN:
SF:src/components/session/MessageBubble.tsx
FN:12,getToolIcon
FN:17,formatTimestamp
FN:28,TextMessage
FN:52,ThinkingBlock
FN:59,(anonymous_4)
FN:59,(anonymous_5)
FN:81,ToolUseCard
FN:104,ToolResultCard
FN:132,PermissionRequestMessage
FN:144,MessageBubble
FNF:10
FNH:10
FNDA:5,getToolIcon
FNDA:1,formatTimestamp
FNDA:9,TextMessage
FNDA:5,ThinkingBlock
FNDA:1,(anonymous_4)
FNDA:1,(anonymous_5)
FNDA:5,ToolUseCard
FNDA:9,ToolResultCard
FNDA:9,PermissionRequestMessage
FNDA:36,MessageBubble
DA:4,2
DA:13,5
DA:14,4
DA:18,1
DA:19,1
DA:20,1
DA:21,1
DA:23,0
DA:29,9
DA:31,9
DA:53,5
DA:55,5
DA:59,1
DA:82,5
DA:83,5
DA:85,5
DA:106,9
DA:109,9
DA:133,9
DA:145,36
DA:146,9
DA:149,27
DA:150,2
DA:153,25
DA:155,6
DA:157,4
DA:159,5
DA:161,9
DA:163,1
LF:29
LH:28
BRDA:13,0,0,1
BRDA:13,0,1,4
BRDA:14,1,0,4
BRDA:14,1,1,0
BRDA:18,2,0,0
BRDA:18,2,1,1
BRDA:32,3,0,2
BRDA:32,3,1,7
BRDA:35,4,0,2
BRDA:35,4,1,7
BRDA:41,5,0,9
BRDA:41,5,1,1
BRDA:42,6,0,0
BRDA:42,6,1,1
BRDA:64,7,0,1
BRDA:64,7,1,4
BRDA:70,8,0,5
BRDA:70,8,1,1
BRDA:83,9,0,1
BRDA:83,9,1,4
BRDA:91,10,0,5
BRDA:91,10,1,1
BRDA:106,11,0,9
BRDA:106,11,1,8
BRDA:113,12,0,3
BRDA:113,12,1,6
BRDA:118,13,0,3
BRDA:118,13,1,6
BRDA:120,14,0,9
BRDA:120,14,1,3
BRDA:125,15,0,9
BRDA:125,15,1,1
BRDA:145,16,0,9
BRDA:145,16,1,27
BRDA:149,17,0,2
BRDA:149,17,1,25
BRDA:153,18,0,25
BRDA:153,18,1,4
BRDA:153,18,2,5
BRDA:153,18,3,9
BRDA:153,18,4,1
BRF:41
BRH:38
end_of_record
TN:
SF:src/components/session/SessionSummaryCard.tsx
FN:25,SessionSummaryCard
FN:41,(anonymous_1)
FN:60,(anonymous_2)
FNF:3
FNH:3
FNDA:8,SessionSummaryCard
FNDA:20,(anonymous_1)
FNDA:15,(anonymous_2)
DA:5,1
DA:26,8
DA:27,1
DA:34,7
DA:37,6
DA:38,6
DA:39,25
DA:41,20
DA:43,6
DA:61,15
LF:10
LH:10
BRDA:26,0,0,1
BRDA:26,0,1,7
BRDA:34,1,0,1
BRDA:34,1,1,6
BRDA:39,2,0,25
BRDA:39,2,1,15
BRDA:56,3,0,6
BRDA:56,3,1,5
BRDA:76,4,0,8
BRDA:76,4,1,0
BRF:10
BRH:9
end_of_record
TN:
SF:src/components/session/TerminalPassthrough.tsx
FN:28,dedupKey
FN:33,formatTranscriptEntry
FN:44,TerminalPassthrough
FN:45,(anonymous_3)
FN:46,(anonymous_4)
FN:72,(anonymous_5)
FN:77,(anonymous_6)
FN:77,(anonymous_7)
FN:86,(anonymous_8)
FN:91,(anonymous_9)
FN:95,(anonymous_10)
FN:106,(anonymous_11)
FN:113,(anonymous_12)
FN:117,(anonymous_13)
FN:121,(anonymous_14)
FN:122,(anonymous_15)
FN:132,(anonymous_16)
FN:152,(anonymous_17)
FN:156,(anonymous_18)
FN:183,(anonymous_19)
FN:192,(anonymous_20)
FN:201,(anonymous_21)
FN:250,(anonymous_22)
FN:251,(anonymous_23)
FN:260,(anonymous_24)
FN:323,(anonymous_25)
FN:331,(anonymous_26)
FN:334,(anonymous_27)
FN:337,(anonymous_28)
FN:344,(anonymous_29)
FN:351,(anonymous_30)
FN:355,(anonymous_31)
FN:359,(anonymous_32)
FN:364,(anonymous_33)
FN:365,(anonymous_34)
FN:377,(anonymous_35)
FN:380,(anonymous_36)
FNF:37
FNH:0
FNDA:0,dedupKey
FNDA:0,formatTranscriptEntry
FNDA:0,TerminalPassthrough
FNDA:0,(anonymous_3)
FNDA:0,(anonymous_4)
FNDA:0,(anonymous_5)
FNDA:0,(anonymous_6)
FNDA:0,(anonymous_7)
FNDA:0,(anonymous_8)
FNDA:0,(anonymous_9)
FNDA:0,(anonymous_10)
FNDA:0,(anonymous_11)
FNDA:0,(anonymous_12)
FNDA:0,(anonymous_13)
FNDA:0,(anonymous_14)
FNDA:0,(anonymous_15)
FNDA:0,(anonymous_16)
FNDA:0,(anonymous_17)
FNDA:0,(anonymous_18)
FNDA:0,(anonymous_19)
FNDA:0,(anonymous_20)
FNDA:0,(anonymous_21)
FNDA:0,(anonymous_22)
FNDA:0,(anonymous_23)
FNDA:0,(anonymous_24)
FNDA:0,(anonymous_25)
FNDA:0,(anonymous_26)
FNDA:0,(anonymous_27)
FNDA:0,(anonymous_28)
FNDA:0,(anonymous_29)
FNDA:0,(anonymous_30)
FNDA:0,(anonymous_31)
FNDA:0,(anonymous_32)
FNDA:0,(anonymous_33)
FNDA:0,(anonymous_34)
FNDA:0,(anonymous_35)
FNDA:0,(anonymous_36)
DA:25,1
DA:29,0
DA:34,0
DA:35,0
DA:37,0
DA:38,0
DA:39,0
DA:41,0
DA:45,0
DA:46,0
DA:47,0
DA:48,0
DA:49,0
DA:50,0
DA:51,0
DA:52,0
DA:55,0
DA:56,0
DA:57,0
DA:58,0
DA:63,0
DA:64,0
DA:65,0
DA:68,0
DA:69,0
DA:72,0
DA:73,0
DA:77,0
DA:78,0
DA:79,0
DA:80,0
DA:81,0
DA:82,0
DA:86,0
DA:87,0
DA:91,0
DA:92,0
DA:94,0
DA:96,0
DA:97,0
DA:98,0
DA:101,0
DA:102,0
DA:103,0
DA:107,0
DA:108,0
DA:109,0
DA:110,0
DA:114,0
DA:117,0
DA:121,0
DA:122,0
DA:123,0
DA:124,0
DA:125,0
DA:126,0
DA:127,0
DA:129,0
DA:130,0
DA:131,0
DA:132,0
DA:133,0
DA:134,0
DA:135,0
DA:136,0
DA:137,0
DA:138,0
DA:139,0
DA:140,0
DA:141,0
DA:143,0
DA:145,0
DA:152,0
DA:156,0
DA:157,0
DA:159,0
DA:174,0
DA:175,0
DA:176,0
DA:177,0
DA:179,0
DA:180,0
DA:183,0
DA:184,0
DA:185,0
DA:186,0
DA:188,0
DA:189,0
DA:192,0
DA:193,0
DA:194,0
DA:195,0
DA:196,0
DA:201,0
DA:202,0
DA:203,0
DA:205,0
DA:206,0
DA:209,0
DA:210,0
DA:213,0
DA:214,0
DA:215,0
DA:216,0
DA:217,0
DA:220,0
DA:221,0
DA:224,0
DA:225,0
DA:226,0
DA:227,0
DA:228,0
DA:232,0
DA:233,0
DA:234,0
DA:236,0
DA:238,0
DA:239,0
DA:240,0
DA:245,0
DA:246,0
DA:250,0
DA:251,0
DA:252,0
DA:253,0
DA:254,0
DA:255,0
DA:258,0
DA:259,0
DA:261,0
DA:262,0
DA:263,0
DA:264,0
DA:266,0
DA:267,0
DA:268,0
DA:270,0
DA:273,0
DA:274,0
DA:275,0
DA:276,0
DA:280,0
DA:282,0
DA:283,0
DA:284,0
DA:287,0
DA:288,0
DA:289,0
DA:290,0
DA:291,0
DA:293,0
DA:294,0
DA:297,0
DA:298,0
DA:299,0
DA:300,0
DA:301,0
DA:304,0
DA:306,0
DA:309,0
DA:310,0
DA:311,0
DA:316,0
DA:319,0
DA:320,0
DA:324,0
DA:325,0
DA:326,0
DA:327,0
DA:328,0
DA:332,0
DA:335,0
DA:338,0
DA:342,0
DA:344,0
DA:345,0
DA:346,0
DA:351,0
DA:352,0
DA:353,0
DA:355,0
DA:356,0
DA:359,0
DA:360,0
DA:364,0
DA:365,0
DA:368,0
DA:369,0
DA:371,0
DA:378,0
DA:380,0
LF:191
LH:1
BRDA:29,0,0,0
BRDA:29,0,1,0
BRDA:34,1,0,0
BRDA:34,1,1,0
BRDA:34,2,0,0
BRDA:34,2,1,0
BRDA:35,3,0,0
BRDA:35,3,1,0
BRDA:35,4,0,0
BRDA:35,4,1,0
BRDA:35,5,0,0
BRDA:35,5,1,0
BRDA:37,6,0,0
BRDA:37,6,1,0
BRDA:39,7,0,0
BRDA:39,7,1,0
BRDA:78,8,0,0
BRDA:78,8,1,0
BRDA:79,9,0,0
BRDA:79,9,1,0
BRDA:79,10,0,0
BRDA:79,10,1,0
BRDA:80,11,0,0
BRDA:80,11,1,0
BRDA:80,12,0,0
BRDA:80,12,1,0
BRDA:81,13,0,0
BRDA:81,13,1,0
BRDA:81,14,0,0
BRDA:81,14,1,0
BRDA:96,15,0,0
BRDA:96,15,1,0
BRDA:97,16,0,0
BRDA:97,16,1,0
BRDA:98,17,0,0
BRDA:98,17,1,0
BRDA:107,18,0,0
BRDA:107,18,1,0
BRDA:108,19,0,0
BRDA:108,19,1,0
BRDA:114,20,0,0
BRDA:114,20,1,0
BRDA:125,21,0,0
BRDA:125,21,1,0
BRDA:130,22,0,0
BRDA:130,22,1,0
BRDA:134,23,0,0
BRDA:134,23,1,0
BRDA:137,24,0,0
BRDA:137,24,1,0
BRDA:157,25,0,0
BRDA:157,25,1,0
BRDA:188,26,0,0
BRDA:188,26,1,0
BRDA:203,27,0,0
BRDA:203,27,1,0
BRDA:203,28,0,0
BRDA:203,28,1,0
BRDA:209,29,0,0
BRDA:209,29,1,0
BRDA:209,30,0,0
BRDA:209,30,1,0
BRDA:213,31,0,0
BRDA:213,31,1,0
BRDA:233,32,0,0
BRDA:233,32,1,0
BRDA:236,33,0,0
BRDA:236,33,1,0
BRDA:262,34,0,0
BRDA:262,34,1,0
BRDA:268,35,0,0
BRDA:268,35,1,0
BRDA:270,36,0,0
BRDA:270,36,1,0
BRDA:270,36,2,0
BRDA:275,37,0,0
BRDA:275,37,1,0
BRDA:275,38,0,0
BRDA:275,38,1,0
BRDA:283,39,0,0
BRDA:283,39,1,0
BRDA:287,40,0,0
BRDA:287,40,1,0
BRDA:327,41,0,0
BRDA:327,41,1,0
BRDA:327,42,0,0
BRDA:327,42,1,0
BRDA:340,43,0,0
BRDA:340,43,1,0
BRDA:353,44,0,0
BRDA:353,44,1,0
BRDA:383,45,0,0
BRDA:383,45,1,0
BRDA:388,46,0,0
BRDA:388,46,1,0
BRDA:388,47,0,0
BRDA:388,47,1,0
BRDA:402,48,0,0
BRDA:402,48,1,0
BRDA:402,49,0,0
BRDA:402,49,1,0
BRDA:403,50,0,0
BRDA:403,50,1,0
BRDA:404,51,0,0
BRDA:404,51,1,0
BRDA:408,52,0,0
BRDA:408,52,1,0
BRDA:409,53,0,0
BRDA:409,53,1,0
BRDA:410,54,0,0
BRDA:410,54,1,0
BRDA:420,55,0,0
BRDA:420,55,1,0
BRDA:421,56,0,0
BRDA:421,56,1,0
BRDA:425,57,0,0
BRDA:425,57,1,0
BRDA:432,58,0,0
BRDA:432,58,1,0
BRDA:439,59,0,0
BRDA:439,59,1,0
BRF:121
BRH:0
end_of_record
TN:
SF:src/hooks/useSessionPolling.ts
FN:15,hasStatusCode
FN:33,useSessionPolling
FN:34,(anonymous_2)
FN:35,(anonymous_3)
FN:64,(anonymous_4)
FN:90,(anonymous_5)
FN:127,(anonymous_6)
FN:139,(anonymous_7)
FN:150,(anonymous_8)
FN:156,(anonymous_9)
FN:159,(anonymous_10)
FN:165,(anonymous_11)
FN:168,(anonymous_12)
FN:175,(anonymous_13)
FN:179,(anonymous_14)
FN:217,(anonymous_15)
FNF:16
FNH:11
FNDA:0,hasStatusCode
FNDA:19,useSessionPolling
FNDA:0,(anonymous_2)
FNDA:0,(anonymous_3)
FNDA:8,(anonymous_4)
FNDA:8,(anonymous_5)
FNDA:16,(anonymous_6)
FNDA:8,(anonymous_7)
FNDA:8,(anonymous_8)
FNDA:2,(anonymous_9)
FNDA:0,(anonymous_10)
FNDA:1,(anonymous_11)
FNDA:0,(anonymous_12)
FNDA:8,(anonymous_13)
FNDA:2,(anonymous_14)
FNDA:8,(anonymous_15)
DA:16,0
DA:34,19
DA:35,19
DA:38,19
DA:39,19
DA:40,19
DA:41,19
DA:44,19
DA:45,19
DA:48,19
DA:49,19
DA:50,19
DA:51,19
DA:54,19
DA:55,19
DA:56,19
DA:57,19
DA:60,19
DA:61,19
DA:64,19
DA:65,8
DA:66,8
DA:71,8
DA:75,0
DA:76,0
DA:79,8
DA:80,8
DA:82,0
DA:84,8
DA:87,19
DA:90,19
DA:91,8
DA:92,8
DA:94,8
DA:100,8
DA:101,8
DA:103,0
DA:105,8
DA:107,8
DA:108,8
DA:110,0
DA:112,8
DA:114,8
DA:115,8
DA:117,0
DA:119,8
DA:121,19
DA:124,19
DA:125,19
DA:127,19
DA:128,16
DA:129,2
DA:130,2
DA:132,16
DA:133,1
DA:134,1
DA:139,19
DA:140,8
DA:141,8
DA:142,8
DA:143,8
DA:144,8
DA:145,8
DA:147,8
DA:148,8
DA:150,8
DA:151,8
DA:152,8
DA:156,19
DA:157,2
DA:158,2
DA:159,2
DA:160,0
DA:161,0
DA:165,19
DA:166,1
DA:167,1
DA:168,1
DA:169,0
DA:170,0
DA:175,19
DA:176,8
DA:177,8
DA:179,8
DA:180,2
DA:181,2
DA:182,2
DA:183,2
DA:184,0
DA:185,0
DA:187,2
DA:189,2
DA:195,1
DA:196,1
DA:197,1
DA:201,1
DA:202,1
DA:206,0
DA:207,0
DA:208,0
DA:217,8
DA:218,8
DA:219,8
DA:220,8
DA:224,19
LF:105
LH:89
BRDA:16,0,0,0
BRDA:16,0,1,0
BRDA:71,1,0,0
BRDA:71,1,1,8
BRDA:72,2,0,8
BRDA:72,2,1,0
BRDA:72,2,2,0
BRDA:72,2,3,8
BRDA:72,2,4,0
BRDA:72,2,5,0
BRDA:79,3,0,8
BRDA:79,3,1,0
BRDA:80,4,0,8
BRDA:80,4,1,0
BRDA:82,5,0,0
BRDA:82,5,1,0
BRDA:91,6,0,0
BRDA:91,6,1,8
BRDA:100,7,0,8
BRDA:100,7,1,0
BRDA:101,8,0,8
BRDA:101,8,1,0
BRDA:101,9,0,8
BRDA:101,9,1,0
BRDA:103,10,0,0
BRDA:103,10,1,0
BRDA:105,11,0,8
BRDA:105,11,1,0
BRDA:107,12,0,8
BRDA:107,12,1,0
BRDA:108,13,0,8
BRDA:108,13,1,0
BRDA:110,14,0,0
BRDA:110,14,1,0
BRDA:112,15,0,8
BRDA:112,15,1,0
BRDA:114,16,0,8
BRDA:114,16,1,0
BRDA:115,17,0,8
BRDA:115,17,1,0
BRDA:117,18,0,0
BRDA:117,18,1,0
BRDA:119,19,0,8
BRDA:119,19,1,0
BRDA:128,20,0,2
BRDA:128,20,1,14
BRDA:132,21,0,1
BRDA:132,21,1,15
BRDA:157,22,0,0
BRDA:157,22,1,2
BRDA:160,23,0,0
BRDA:160,23,1,0
BRDA:166,24,0,0
BRDA:166,24,1,1
BRDA:169,25,0,0
BRDA:169,25,1,0
BRDA:176,26,0,0
BRDA:176,26,1,8
BRDA:180,27,0,0
BRDA:180,27,1,2
BRDA:183,28,0,0
BRDA:183,28,1,2
BRDA:189,29,0,1
BRDA:189,29,1,1
BRDA:189,29,2,1
BRDA:189,29,3,1
BRDA:189,29,4,1
BRDA:189,29,5,0
BRF:68
BRH:30
end_of_record
TN:
SF:src/hooks/useSseAwarePolling.ts
FN:14,useSseAwarePolling
FN:29,(anonymous_1)
FN:40,(anonymous_2)
FN:63,(anonymous_3)
FN:66,(anonymous_4)
FN:72,(anonymous_5)
FN:75,(anonymous_6)
FN:82,(anonymous_7)
FN:89,(anonymous_8)
FN:98,(anonymous_9)
FN:118,(anonymous_10)
FNF:11
FNH:11
FNDA:76,useSseAwarePolling
FNDA:16,(anonymous_1)
FNDA:23,(anonymous_2)
FNDA:16,(anonymous_3)
FNDA:16,(anonymous_4)
FNDA:18,(anonymous_5)
FNDA:21,(anonymous_6)
FNDA:3,(anonymous_7)
FNDA:18,(anonymous_8)
FNDA:20,(anonymous_9)
FNDA:2,(anonymous_10)
DA:12,3
DA:22,76
DA:23,76
DA:24,76
DA:25,76
DA:26,76
DA:27,76
DA:29,76
DA:30,16
DA:31,16
DA:32,16
DA:34,16
DA:35,0
DA:36,0
DA:40,76
DA:41,23
DA:42,0
DA:45,23
DA:46,0
DA:47,0
DA:50,23
DA:51,23
DA:52,23
DA:54,23
DA:56,23
DA:57,0
DA:58,0
DA:63,76
DA:64,16
DA:66,16
DA:67,16
DA:68,16
DA:72,76
DA:73,18
DA:75,18
DA:76,21
DA:78,21
DA:79,0
DA:82,21
DA:83,3
DA:87,18
DA:89,18
DA:90,18
DA:91,18
DA:92,2
DA:93,2
DA:98,76
DA:99,20
DA:100,5
DA:101,5
DA:102,0
DA:103,0
DA:105,5
DA:108,15
DA:109,13
DA:112,2
DA:114,2
DA:115,0
DA:118,2
DA:119,2
DA:120,2
LF:61
LH:50
BRDA:20,0,0,76
BRDA:30,1,0,16
BRDA:30,1,1,0
BRDA:34,2,0,0
BRDA:34,2,1,16
BRDA:41,3,0,0
BRDA:41,3,1,23
BRDA:45,4,0,0
BRDA:45,4,1,23
BRDA:56,5,0,0
BRDA:56,5,1,23
BRDA:56,6,0,23
BRDA:56,6,1,0
BRDA:78,7,0,0
BRDA:78,7,1,21
BRDA:78,8,0,21
BRDA:78,8,1,21
BRDA:84,9,0,13
BRDA:84,9,1,8
BRDA:91,10,0,2
BRDA:91,10,1,16
BRDA:99,11,0,5
BRDA:99,11,1,15
BRDA:101,12,0,0
BRDA:101,12,1,5
BRDA:108,13,0,13
BRDA:108,13,1,2
BRDA:108,14,0,15
BRDA:108,14,1,15
BRDA:114,15,0,0
BRDA:114,15,1,2
BRF:31
BRH:22
end_of_record
TN:
SF:src/pages/AuthKeysPage.tsx
FN:25,formatCreatedAt
FN:29,maskKey
FN:34,AuthKeysPage
FN:45,(anonymous_3)
FN:47,(anonymous_4)
FN:56,(anonymous_5)
FN:78,(anonymous_6)
FN:80,(anonymous_7)
FN:83,(anonymous_8)
FN:86,(anonymous_9)
FN:88,(anonymous_10)
FN:92,(anonymous_11)
FN:95,handleCreate
FN:119,handleCopySecret
FN:132,handleRevoke
FN:136,executeRevoke
FN:140,(anonymous_16)
FN:140,(anonymous_17)
FN:164,(anonymous_18)
FN:192,(anonymous_19)
FN:219,(anonymous_20)
FN:245,(anonymous_21)
FN:245,(anonymous_22)
FN:253,(anonymous_23)
FN:284,(anonymous_24)
FN:300,(anonymous_25)
FN:320,(anonymous_26)
FN:341,(anonymous_27)
FN:347,(anonymous_28)
FNF:29
FNH:20
FNDA:6,formatCreatedAt
FNDA:1,maskKey
FNDA:13,AuthKeysPage
FNDA:13,(anonymous_3)
FNDA:4,(anonymous_4)
FNDA:0,(anonymous_5)
FNDA:3,(anonymous_6)
FNDA:0,(anonymous_7)
FNDA:3,(anonymous_8)
FNDA:4,(anonymous_9)
FNDA:0,(anonymous_10)
FNDA:1,(anonymous_11)
FNDA:1,handleCreate
FNDA:0,handleCopySecret
FNDA:1,handleRevoke
FNDA:1,executeRevoke
FNDA:1,(anonymous_16)
FNDA:1,(anonymous_17)
FNDA:0,(anonymous_18)
FNDA:1,(anonymous_19)
FNDA:0,(anonymous_20)
FNDA:1,(anonymous_21)
FNDA:1,(anonymous_22)
FNDA:0,(anonymous_23)
FNDA:0,(anonymous_24)
FNDA:6,(anonymous_25)
FNDA:1,(anonymous_26)
FNDA:1,(anonymous_27)
FNDA:0,(anonymous_28)
DA:22,1
DA:23,1
DA:26,6
DA:30,1
DA:31,1
DA:35,13
DA:36,13
DA:37,13
DA:38,13
DA:39,13
DA:40,13
DA:41,13
DA:42,13
DA:43,13
DA:44,13
DA:45,13
DA:47,13
DA:48,4
DA:49,1
DA:51,3
DA:54,4
DA:55,4
DA:56,4
DA:57,4
DA:60,0
DA:61,0
DA:62,0
DA:63,0
DA:64,0
DA:66,0
DA:67,0
DA:68,0
DA:70,4
DA:71,1
DA:73,3
DA:78,13
DA:79,3
DA:80,3
DA:81,0
DA:83,3
DA:86,13
DA:87,4
DA:88,1
DA:89,0
DA:90,0
DA:92,1
DA:96,1
DA:97,1
DA:98,1
DA:100,1
DA:101,1
DA:102,1
DA:103,1
DA:104,1
DA:105,1
DA:106,1
DA:107,1
DA:109,0
DA:115,1
DA:120,0
DA:121,0
DA:122,0
DA:123,0
DA:125,0
DA:126,0
DA:128,0
DA:133,1
DA:137,1
DA:138,1
DA:139,1
DA:140,1
DA:141,1
DA:142,0
DA:143,0
DA:145,1
DA:147,0
DA:149,1
DA:153,13
DA:164,0
DA:192,1
DA:220,0
DA:221,0
DA:245,1
DA:253,0
DA:284,0
DA:301,6
DA:320,1
DA:342,1
DA:343,1
DA:344,1
DA:347,0
LF:91
LH:63
BRDA:30,0,0,0
BRDA:30,0,1,1
BRDA:47,1,0,4
BRDA:48,2,0,1
BRDA:48,2,1,3
BRDA:61,3,0,0
BRDA:61,3,1,0
BRDA:66,4,0,0
BRDA:66,4,1,0
BRDA:70,5,0,1
BRDA:70,5,1,3
BRDA:87,6,0,3
BRDA:87,6,1,1
BRDA:98,7,0,0
BRDA:98,7,1,1
BRDA:112,8,0,0
BRDA:112,8,1,0
BRDA:120,9,0,0
BRDA:120,9,1,0
BRDA:122,10,0,0
BRDA:122,10,1,0
BRDA:128,11,0,0
BRDA:128,11,1,0
BRDA:141,12,0,0
BRDA:141,12,1,1
BRDA:147,13,0,0
BRDA:147,13,1,0
BRDA:168,14,0,0
BRDA:168,14,1,13
BRDA:200,15,0,13
BRDA:200,15,1,12
BRDA:204,16,0,1
BRDA:204,16,1,12
BRDA:208,17,0,2
BRDA:208,17,1,11
BRDA:237,18,0,1
BRDA:237,18,1,1
BRDA:248,19,0,1
BRDA:248,19,1,1
BRDA:249,20,0,1
BRDA:249,20,1,1
BRDA:269,21,0,6
BRDA:269,21,1,7
BRDA:274,22,0,3
BRDA:274,22,1,10
BRDA:278,23,0,0
BRDA:278,23,1,10
BRDA:290,24,0,4
BRDA:290,24,1,6
BRDA:325,25,0,1
BRDA:325,25,1,5
BRDA:338,26,0,1
BRDA:338,26,1,12
BRDA:342,27,0,1
BRDA:342,27,1,0
BRF:55
BRH:35
end_of_record
TN:
SF:src/pages/PipelineDetailPage.tsx
FN:30,toUIState
FN:34,PipelineDetailPage
FN:39,(anonymous_2)
FN:40,(anonymous_3)
FN:42,(anonymous_4)
FN:61,(anonymous_5)
FN:66,(anonymous_6)
FN:83,(anonymous_7)
FN:90,(anonymous_8)
FN:164,(anonymous_9)
FNF:10
FNH:10
FNDA:20,toUIState
FNDA:24,PipelineDetailPage
FNDA:71,(anonymous_2)
FNDA:74,(anonymous_3)
FNDA:13,(anonymous_4)
FNDA:11,(anonymous_5)
FNDA:13,(anonymous_6)
FNDA:2,(anonymous_7)
FNDA:11,(anonymous_8)
FNDA:20,(anonymous_9)
DA:16,1
DA:17,1
DA:18,1
DA:20,1
DA:31,20
DA:35,24
DA:36,24
DA:37,24
DA:38,24
DA:39,71
DA:40,74
DA:42,24
DA:43,13
DA:44,13
DA:45,13
DA:46,10
DA:47,10
DA:48,10
DA:50,3
DA:51,1
DA:53,2
DA:55,3
DA:57,13
DA:61,24
DA:63,11
DA:64,11
DA:66,11
DA:67,13
DA:69,13
DA:70,13
DA:72,13
DA:73,13
DA:75,13
DA:76,10
DA:78,3
DA:79,3
DA:80,3
DA:83,13
DA:84,2
DA:88,11
DA:90,11
DA:91,11
DA:92,11
DA:93,11
DA:98,24
DA:99,10
DA:106,14
DA:107,3
DA:118,11
DA:165,20
LF:50
LH:50
BRDA:31,0,0,20
BRDA:31,0,1,0
BRDA:43,1,0,0
BRDA:43,1,1,13
BRDA:50,2,0,1
BRDA:50,2,1,2
BRDA:50,3,0,3
BRDA:50,3,1,3
BRDA:50,3,2,1
BRDA:53,4,0,2
BRDA:53,4,1,0
BRDA:67,5,0,0
BRDA:67,5,1,13
BRDA:70,6,0,0
BRDA:70,6,1,13
BRDA:72,7,0,2
BRDA:72,7,1,11
BRDA:75,8,0,10
BRDA:75,8,1,3
BRDA:92,9,0,11
BRDA:92,9,1,0
BRDA:98,10,0,10
BRDA:98,10,1,14
BRDA:106,11,0,3
BRDA:106,11,1,11
BRDA:106,12,0,14
BRDA:106,12,1,13
BRDA:149,13,0,1
BRDA:149,13,1,10
BRDA:176,14,0,20
BRDA:176,14,1,0
BRDA:188,15,0,20
BRDA:188,15,1,0
BRF:33
BRH:25
end_of_record
TN:
SF:src/pages/PipelinesPage.tsx
FN:21,PipelinesPage
FN:25,(anonymous_1)
FN:26,(anonymous_2)
FN:28,(anonymous_3)
FN:41,(anonymous_4)
FN:46,(anonymous_5)
FN:63,(anonymous_6)
FN:70,(anonymous_7)
FN:80,(anonymous_8)
FN:81,(anonymous_9)
FN:82,(anonymous_10)
FN:104,(anonymous_11)
FN:128,(anonymous_12)
FN:151,(anonymous_13)
FNF:14
FNH:13
FNDA:25,PipelinesPage
FNDA:74,(anonymous_1)
FNDA:77,(anonymous_2)
FNDA:13,(anonymous_3)
FNDA:11,(anonymous_4)
FNDA:13,(anonymous_5)
FNDA:2,(anonymous_6)
FNDA:11,(anonymous_7)
FNDA:18,(anonymous_8)
FNDA:18,(anonymous_9)
FNDA:18,(anonymous_10)
FNDA:1,(anonymous_11)
FNDA:18,(anonymous_12)
FNDA:0,(anonymous_13)
DA:17,1
DA:18,1
DA:19,1
DA:22,25
DA:23,25
DA:24,25
DA:25,74
DA:26,77
DA:28,25
DA:29,13
DA:30,13
DA:31,11
DA:32,11
DA:34,2
DA:35,2
DA:37,13
DA:41,25
DA:43,11
DA:44,11
DA:46,11
DA:47,13
DA:49,13
DA:50,13
DA:52,13
DA:53,13
DA:55,13
DA:56,11
DA:58,2
DA:59,2
DA:60,2
DA:63,13
DA:64,2
DA:68,11
DA:70,11
DA:71,11
DA:72,11
DA:73,11
DA:78,25
DA:80,18
DA:81,18
DA:82,18
DA:85,25
DA:86,10
DA:93,15
DA:104,1
DA:129,18
DA:151,0
LF:47
LH:46
BRDA:34,0,0,2
BRDA:34,0,1,0
BRDA:47,1,0,0
BRDA:47,1,1,13
BRDA:50,2,0,0
BRDA:50,2,1,13
BRDA:52,3,0,2
BRDA:52,3,1,11
BRDA:55,4,0,11
BRDA:55,4,1,2
BRDA:72,5,0,11
BRDA:72,5,1,0
BRDA:85,6,0,10
BRDA:85,6,1,15
BRDA:121,7,0,6
BRDA:121,7,1,9
BRDA:142,8,0,18
BRDA:142,8,1,0
BRF:18
BRH:13
end_of_record
TN:
SF:src/pages/SessionDetailPage.tsx
FN:45,SessionDetailPage
FN:68,(anonymous_1)
FN:69,(anonymous_2)
FN:70,(anonymous_3)
FN:96,handleApprove
FN:97,(anonymous_5)
FN:101,handleReject
FN:102,(anonymous_7)
FN:106,handleInterrupt
FN:107,(anonymous_9)
FN:111,handleFork
FN:120,handleEscape
FN:121,(anonymous_12)
FN:125,handleKill
FN:134,handleCaptureScreenshot
FN:161,handleSend
FN:179,handleInsertSlashCommand
FN:184,handleSendSlashCommand
FN:197,handleConfirmBashCommand
FN:212,handleReviewBashCommand
FN:217,handleBashInputChange
FN:224,handleKeyDown
FN:235,(anonymous_22)
FN:236,(anonymous_23)
FN:264,(anonymous_24)
FN:290,(anonymous_25)
FN:295,(anonymous_26)
FN:299,(anonymous_27)
FN:360,(anonymous_28)
FN:384,(anonymous_29)
FN:388,(anonymous_30)
FN:415,(anonymous_31)
FN:443,(anonymous_32)
FN:503,(anonymous_33)
FNF:34
FNH:14
FNDA:19,SessionDetailPage
FNDA:0,(anonymous_1)
FNDA:0,(anonymous_2)
FNDA:21,(anonymous_3)
FNDA:0,handleApprove
FNDA:0,(anonymous_5)
FNDA:0,handleReject
FNDA:0,(anonymous_7)
FNDA:0,handleInterrupt
FNDA:0,(anonymous_9)
FNDA:0,handleFork
FNDA:0,handleEscape
FNDA:0,(anonymous_12)
FNDA:0,handleKill
FNDA:2,handleCaptureScreenshot
FNDA:0,handleSend
FNDA:1,handleInsertSlashCommand
FNDA:1,handleSendSlashCommand
FNDA:1,handleConfirmBashCommand
FNDA:1,handleReviewBashCommand
FNDA:1,handleBashInputChange
FNDA:0,handleKeyDown
FNDA:6,(anonymous_22)
FNDA:0,(anonymous_23)
FNDA:6,(anonymous_24)
FNDA:0,(anonymous_25)
FNDA:38,(anonymous_26)
FNDA:0,(anonymous_27)
FNDA:0,(anonymous_28)
FNDA:2,(anonymous_29)
FNDA:76,(anonymous_30)
FNDA:1,(anonymous_31)
FNDA:0,(anonymous_32)
FNDA:0,(anonymous_33)
DA:38,3
DA:43,3
DA:46,19
DA:47,19
DA:48,19
DA:49,19
DA:53,19
DA:56,19
DA:57,19
DA:58,19
DA:59,19
DA:60,19
DA:61,19
DA:62,19
DA:63,19
DA:64,19
DA:65,19
DA:66,19
DA:67,19
DA:68,19
DA:69,19
DA:70,21
DA:72,19
DA:73,0
DA:80,19
DA:81,0
DA:92,19
DA:93,19
DA:94,19
DA:97,0
DA:98,0
DA:102,0
DA:103,0
DA:107,0
DA:108,0
DA:112,0
DA:113,0
DA:114,0
DA:115,0
DA:117,0
DA:121,0
DA:122,0
DA:126,0
DA:127,0
DA:128,0
DA:130,0
DA:135,2
DA:136,2
DA:137,2
DA:138,2
DA:139,1
DA:144,1
DA:146,1
DA:150,1
DA:151,1
DA:152,1
DA:154,0
DA:157,2
DA:162,0
DA:163,0
DA:164,0
DA:165,0
DA:166,0
DA:167,0
DA:168,0
DA:169,0
DA:171,0
DA:173,0
DA:174,0
DA:175,0
DA:180,1
DA:181,1
DA:185,1
DA:186,1
DA:187,1
DA:188,1
DA:189,1
DA:191,0
DA:193,1
DA:198,1
DA:199,1
DA:200,1
DA:201,1
DA:202,1
DA:203,1
DA:204,1
DA:206,0
DA:208,1
DA:213,1
DA:214,1
DA:218,1
DA:219,1
DA:220,0
DA:225,0
DA:226,0
DA:227,0
DA:232,19
DA:233,19
DA:235,19
DA:236,6
DA:237,0
DA:238,0
DA:241,0
DA:242,0
DA:243,0
DA:244,0
DA:246,0
DA:250,0
DA:251,0
DA:252,0
DA:253,0
DA:257,0
DA:258,0
DA:259,0
DA:260,0
DA:263,6
DA:264,6
DA:267,19
DA:290,0
DA:296,38
DA:299,0
DA:360,0
DA:384,2
DA:389,76
DA:415,1
DA:443,0
DA:503,0
LF:127
LH:69
BRDA:54,0,0,19
BRDA:54,0,1,0
BRDA:72,1,0,0
BRDA:72,1,1,19
BRDA:80,2,0,0
BRDA:80,2,1,19
BRDA:80,3,0,19
BRDA:80,3,1,19
BRDA:80,3,2,19
BRDA:94,4,0,19
BRDA:94,4,1,19
BRDA:98,5,0,0
BRDA:98,5,1,0
BRDA:103,6,0,0
BRDA:103,6,1,0
BRDA:108,7,0,0
BRDA:108,7,1,0
BRDA:117,8,0,0
BRDA:117,8,1,0
BRDA:122,9,0,0
BRDA:122,9,1,0
BRDA:130,10,0,0
BRDA:130,10,1,0
BRDA:135,11,0,0
BRDA:135,11,1,2
BRDA:146,12,0,1
BRDA:146,12,1,0
BRDA:146,13,0,1
BRDA:146,13,1,1
BRDA:146,13,2,1
BRDA:150,14,0,1
BRDA:150,14,1,0
BRDA:154,15,0,0
BRDA:154,15,1,0
BRDA:163,16,0,0
BRDA:163,16,1,0
BRDA:164,17,0,0
BRDA:164,17,1,0
BRDA:171,18,0,0
BRDA:171,18,1,0
BRDA:185,19,0,0
BRDA:185,19,1,1
BRDA:185,20,0,1
BRDA:185,20,1,1
BRDA:191,21,0,0
BRDA:191,21,1,0
BRDA:199,22,0,0
BRDA:199,22,1,1
BRDA:199,23,0,1
BRDA:199,23,1,1
BRDA:206,24,0,0
BRDA:206,24,1,0
BRDA:213,25,0,0
BRDA:213,25,1,1
BRDA:219,26,0,0
BRDA:219,26,1,1
BRDA:225,27,0,0
BRDA:225,27,1,0
BRDA:225,28,0,0
BRDA:225,28,1,0
BRDA:238,29,0,0
BRDA:238,29,1,0
BRDA:238,29,2,0
BRDA:241,30,0,0
BRDA:241,30,1,0
BRDA:241,31,0,0
BRDA:241,31,1,0
BRDA:241,31,2,0
BRDA:242,32,0,0
BRDA:242,32,1,0
BRDA:250,33,0,0
BRDA:250,33,1,0
BRDA:250,34,0,0
BRDA:250,34,1,0
BRDA:257,35,0,0
BRDA:257,35,1,0
BRDA:257,36,0,0
BRDA:257,36,1,0
BRDA:277,37,0,19
BRDA:277,37,1,0
BRDA:303,38,0,19
BRDA:303,38,1,19
BRDA:305,39,0,19
BRDA:305,39,1,19
BRDA:311,40,0,38
BRDA:311,40,1,19
BRDA:321,41,0,19
BRDA:321,41,1,0
BRDA:332,42,0,19
BRDA:332,42,1,19
BRDA:338,43,0,19
BRDA:338,43,1,0
BRDA:363,44,0,19
BRDA:363,44,1,19
BRDA:370,45,0,19
BRDA:370,45,1,19
BRDA:370,45,2,1
BRDA:385,46,0,19
BRDA:385,46,1,18
BRDA:396,47,0,19
BRDA:396,47,1,18
BRDA:404,48,0,19
BRDA:404,48,1,18
BRDA:408,49,0,1
BRDA:408,49,1,18
BRDA:417,50,0,19
BRDA:417,50,1,18
BRDA:420,51,0,17
BRDA:420,51,1,2
BRDA:423,52,0,17
BRDA:423,52,1,17
BRDA:423,52,2,1
BRDA:436,53,0,2
BRDA:436,53,1,1
BRDA:436,53,2,1
BRDA:440,54,0,1
BRDA:440,54,1,1
BRDA:451,55,0,19
BRDA:451,55,1,18
BRDA:454,56,0,18
BRDA:454,56,1,16
BRDA:459,57,0,2
BRDA:459,57,1,16
BRDA:482,58,0,19
BRDA:482,58,1,1
BRDA:494,59,0,1
BRDA:494,59,1,0
BRDA:504,60,0,19
BRDA:504,60,1,0
BRF:129
BRH:68
end_of_record
TN:
SF:src/store/useStore.ts
FN:14,areHealthMapsEqual
FN:32,areSessionsEqual
FN:69,areMetricsEqual
FN:80,makeActivityRenderKey
FN:119,(anonymous_4)
FN:122,(anonymous_5)
FN:126,(anonymous_6)
FN:133,(anonymous_7)
FN:133,(anonymous_8)
FN:137,(anonymous_9)
FN:137,(anonymous_10)
FN:145,(anonymous_11)
FN:145,(anonymous_12)
FN:149,(anonymous_13)
FN:151,(anonymous_14)
FN:155,(anonymous_15)
FN:156,(anonymous_16)
FN:159,(anonymous_17)
FN:161,(anonymous_18)
FN:163,(anonymous_19)
FNF:20
FNH:13
FNDA:5,areHealthMapsEqual
FNDA:19,areSessionsEqual
FNDA:11,areMetricsEqual
FNDA:8,makeActivityRenderKey
FNDA:9,(anonymous_4)
FNDA:0,(anonymous_5)
FNDA:0,(anonymous_6)
FNDA:0,(anonymous_7)
FNDA:0,(anonymous_8)
FNDA:19,(anonymous_9)
FNDA:19,(anonymous_10)
FNDA:11,(anonymous_11)
FNDA:11,(anonymous_12)
FNDA:20,(anonymous_13)
FNDA:18,(anonymous_14)
FNDA:8,(anonymous_15)
FNDA:8,(anonymous_16)
FNDA:0,(anonymous_17)
FNDA:0,(anonymous_18)
FNDA:0,(anonymous_19)
DA:12,9
DA:15,5
DA:16,5
DA:17,5
DA:18,0
DA:21,5
DA:22,13
DA:23,13
DA:24,13
DA:25,0
DA:29,5
DA:33,19
DA:34,4
DA:36,15
DA:37,13
DA:40,2
DA:41,2
DA:42,2
DA:43,2
DA:62,1
DA:66,1
DA:70,11
DA:71,4
DA:73,7
DA:74,6
DA:77,1
DA:81,8
DA:82,8
DA:119,9
DA:123,0
DA:124,0
DA:127,0
DA:128,0
DA:133,0
DA:137,19
DA:138,19
DA:145,11
DA:149,20
DA:151,18
DA:156,8
DA:159,0
DA:161,0
DA:163,0
LF:43
LH:33
BRDA:17,0,0,0
BRDA:17,0,1,5
BRDA:24,1,0,0
BRDA:24,1,1,13
BRDA:24,2,0,13
BRDA:24,2,1,13
BRDA:24,2,2,13
BRDA:33,3,0,4
BRDA:33,3,1,15
BRDA:36,4,0,13
BRDA:36,4,1,2
BRDA:43,5,0,1
BRDA:43,5,1,1
BRDA:44,6,0,2
BRDA:44,6,1,1
BRDA:44,6,2,1
BRDA:44,6,3,1
BRDA:44,6,4,1
BRDA:44,6,5,1
BRDA:44,6,6,1
BRDA:44,6,7,1
BRDA:44,6,8,1
BRDA:44,6,9,1
BRDA:44,6,10,1
BRDA:44,6,11,1
BRDA:44,6,12,1
BRDA:44,6,13,1
BRDA:44,6,14,1
BRDA:44,6,15,1
BRDA:44,6,16,1
BRDA:70,7,0,4
BRDA:70,7,1,7
BRDA:73,8,0,6
BRDA:73,8,1,1
BRDA:73,9,0,7
BRDA:73,9,1,1
BRDA:133,10,0,0
BRDA:133,10,1,0
BRDA:138,11,0,5
BRDA:138,11,1,14
BRDA:138,12,0,19
BRDA:138,12,1,5
BRDA:145,13,0,5
BRDA:145,13,1,6
BRF:44
BRH:40
end_of_record
TN:
SF:src/store/useToastStore.ts
FN:26,(anonymous_0)
FN:29,(anonymous_1)
FN:31,(anonymous_2)
FN:33,(anonymous_3)
FN:33,(anonymous_4)
FN:36,(anonymous_5)
FN:40,(anonymous_6)
FN:46,(anonymous_7)
FN:46,(anonymous_8)
FNF:9
FNH:9
FNDA:5,(anonymous_0)
FNDA:12,(anonymous_1)
FNDA:5,(anonymous_2)
FNDA:5,(anonymous_3)
FNDA:5,(anonymous_4)
FNDA:12,(anonymous_5)
FNDA:4,(anonymous_6)
FNDA:4,(anonymous_7)
FNDA:5,(anonymous_8)
DA:22,5
DA:24,5
DA:26,5
DA:30,12
DA:31,12
DA:32,5
DA:33,5
DA:35,12
DA:36,12
DA:37,12
DA:41,4
DA:42,4
DA:43,3
DA:44,3
DA:46,5
LF:15
LH:15
BRDA:42,0,0,3
BRDA:42,0,1,1
BRF:2
BRH:2
end_of_record
TN:
SF:src/utils/format.ts
FN:5,formatUptime
FN:15,formatTimeAgo
FN:32,formatDuration
FNF:3
FNH:3
FNDA:21,formatUptime
FNDA:215,formatTimeAgo
FNDA:13,formatDuration
DA:6,21
DA:7,19
DA:8,19
DA:9,19
DA:10,17
DA:11,16
DA:12,12
DA:16,215
DA:17,215
DA:19,214
DA:20,214
DA:22,179
DA:23,179
DA:25,169
DA:26,169
DA:28,163
DA:29,163
DA:33,13
DA:34,12
DA:35,12
DA:36,9
DA:37,9
DA:38,9
DA:39,5
DA:40,5
DA:41,5
LF:26
LH:26
BRDA:6,0,0,2
BRDA:6,0,1,19
BRDA:9,1,0,2
BRDA:9,1,1,17
BRDA:9,2,0,19
BRDA:9,2,1,3
BRDA:10,3,0,1
BRDA:10,3,1,16
BRDA:11,4,0,4
BRDA:11,4,1,12
BRDA:17,5,0,1
BRDA:17,5,1,214
BRDA:20,6,0,35
BRDA:20,6,1,179
BRDA:23,7,0,10
BRDA:23,7,1,169
BRDA:26,8,0,6
BRDA:26,8,1,163
BRDA:33,9,0,1
BRDA:33,9,1,12
BRDA:35,10,0,3
BRDA:35,10,1,9
BRDA:38,11,0,4
BRDA:38,11,1,5
BRF:24
BRH:24
end_of_record
