TN:
SF:package.json
FNF:0
FNH:0
DA:1,1
DA:2,1
DA:3,1
DA:4,1
DA:5,1
DA:6,1
DA:7,1
DA:8,1
DA:9,1
DA:10,1
DA:11,1
DA:12,1
DA:13,1
DA:14,1
DA:15,1
DA:16,1
DA:17,1
DA:18,1
DA:19,1
DA:20,1
LF:20
LH:20
BRF:0
BRH:0
end_of_record
TN:
SF:src/alerting.ts
FN:55,(anonymous_0)
FN:60,(anonymous_1)
FN:65,(anonymous_2)
FN:73,(anonymous_3)
FN:98,(anonymous_4)
FN:113,(anonymous_5)
FN:129,(anonymous_6)
FN:138,(anonymous_7)
FN:144,(anonymous_8)
FN:153,(anonymous_9)
FN:161,(anonymous_10)
FN:172,(anonymous_11)
FN:183,(anonymous_12)
FNF:13
FNH:11
FNDA:14,(anonymous_0)
FNDA:1,(anonymous_1)
FNDA:0,(anonymous_2)
FNDA:37,(anonymous_3)
FNDA:0,(anonymous_4)
FNDA:2,(anonymous_5)
FNDA:3,(anonymous_6)
FNDA:1,(anonymous_7)
FNDA:35,(anonymous_8)
FNDA:10,(anonymous_9)
FNDA:11,(anonymous_10)
FNDA:11,(anonymous_11)
FNDA:11,(anonymous_12)
DA:43,3
DA:51,14
DA:52,14
DA:53,14
DA:56,14
DA:61,1
DA:66,0
DA:74,37
DA:76,35
DA:77,35
DA:80,35
DA:81,35
DA:82,2
DA:83,2
DA:86,35
DA:88,35
DA:89,9
DA:90,9
DA:98,9
DA:99,0
DA:114,2
DA:115,1
DA:117,1
DA:124,1
DA:125,1
DA:130,3
DA:131,3
DA:132,1
DA:134,3
DA:139,1
DA:140,1
DA:141,1
DA:145,35
DA:146,35
DA:147,10
DA:148,10
DA:150,35
DA:154,10
DA:160,10
DA:161,11
DA:164,10
DA:165,11
DA:166,10
DA:168,1
DA:172,11
DA:173,10
DA:174,1
DA:184,11
DA:185,11
DA:186,0
DA:189,11
DA:192,11
DA:193,11
DA:194,0
DA:195,0
DA:196,0
DA:200,11
DA:210,11
DA:211,1
LF:59
LH:53
BRDA:55,0,0,14
BRDA:74,1,0,2
BRDA:74,1,1,35
BRDA:81,2,0,2
BRDA:81,2,1,33
BRDA:88,3,0,9
BRDA:88,3,1,26
BRDA:88,4,0,35
BRDA:88,4,1,12
BRDA:103,5,0,0
BRDA:103,5,1,0
BRDA:114,6,0,1
BRDA:114,6,1,1
BRDA:146,7,0,10
BRDA:146,7,1,25
BRDA:165,8,0,10
BRDA:165,8,1,1
BRDA:173,9,0,1
BRDA:173,9,1,9
BRDA:185,10,0,0
BRDA:185,10,1,11
BRDA:193,11,0,0
BRDA:193,11,1,11
BRDA:193,12,0,11
BRDA:193,12,1,11
BRDA:193,12,2,11
BRDA:195,13,0,0
BRDA:195,13,1,0
BRDA:210,14,0,1
BRDA:210,14,1,10
BRF:30
BRH:24
end_of_record
TN:
SF:src/api-error-envelope.ts
FN:16,defaultErrorMessage
FN:25,mapStatusToCode
FN:37,parseJsonObjectString
FN:49,isJsonContentType
FN:53,normalizeApiErrorPayload
FNF:5
FNH:5
FNDA:2,defaultErrorMessage
FNDA:22,mapStatusToCode
FNDA:22,parseJsonObjectString
FNDA:22,isJsonContentType
FNDA:57,normalizeApiErrorPayload
DA:17,2
DA:18,2
DA:19,2
DA:20,1
DA:21,1
DA:22,1
DA:26,22
DA:27,10
DA:28,6
DA:29,6
DA:30,3
DA:31,1
DA:32,0
DA:33,0
DA:34,0
DA:38,22
DA:39,22
DA:40,22
DA:41,22
DA:43,0
DA:45,0
DA:50,22
DA:54,57
DA:55,57
DA:56,23
DA:58,22
DA:59,22
DA:60,0
DA:61,22
DA:62,22
DA:65,22
DA:67,22
DA:68,57
DA:69,57
DA:70,57
DA:71,57
DA:78,57
DA:79,8
DA:82,22
DA:83,22
DA:86,0
LF:41
LH:34
BRDA:17,0,0,0
BRDA:17,0,1,2
BRDA:18,1,0,0
BRDA:18,1,1,2
BRDA:19,2,0,1
BRDA:19,2,1,1
BRDA:20,3,0,0
BRDA:20,3,1,1
BRDA:21,4,0,0
BRDA:21,4,1,1
BRDA:26,5,0,12
BRDA:26,5,1,10
BRDA:27,6,0,4
BRDA:27,6,1,6
BRDA:28,7,0,0
BRDA:28,7,1,6
BRDA:29,8,0,3
BRDA:29,8,1,3
BRDA:30,9,0,2
BRDA:30,9,1,1
BRDA:31,10,0,1
BRDA:31,10,1,0
BRDA:32,11,0,0
BRDA:32,11,1,0
BRDA:33,12,0,0
BRDA:33,12,1,0
BRDA:40,13,0,22
BRDA:40,13,1,0
BRDA:40,14,0,22
BRDA:40,14,1,22
BRDA:40,14,2,22
BRDA:50,15,0,22
BRDA:50,15,1,22
BRDA:55,16,0,34
BRDA:55,16,1,23
BRDA:56,17,0,1
BRDA:56,17,1,22
BRDA:56,18,0,23
BRDA:56,18,1,23
BRDA:59,19,0,0
BRDA:59,19,1,22
BRDA:59,20,0,22
BRDA:59,20,1,22
BRDA:59,20,2,0
BRDA:59,20,3,0
BRDA:61,21,0,22
BRDA:61,21,1,0
BRDA:61,22,0,22
BRDA:61,22,1,22
BRDA:65,23,0,0
BRDA:65,23,1,22
BRDA:67,24,0,20
BRDA:67,24,1,2
BRDA:68,25,0,0
BRDA:68,25,1,22
BRDA:69,26,0,57
BRDA:69,26,1,22
BRDA:69,26,2,2
BRDA:70,27,0,0
BRDA:70,27,1,22
BRDA:75,28,0,57
BRDA:75,28,1,2
BRDA:78,29,0,8
BRDA:78,29,1,49
BRDA:82,30,0,22
BRDA:82,30,1,0
BRF:66
BRH:47
end_of_record
TN:
SF:src/audit.ts
FN:64,dateToFileDate
FN:72,computeHash
FN:82,(anonymous_2)
FN:88,(anonymous_3)
FN:101,(anonymous_4)
FN:108,(anonymous_5)
FN:117,(anonymous_6)
FN:121,(anonymous_7)
FN:163,(anonymous_8)
FN:171,(anonymous_9)
FN:177,(anonymous_10)
FN:178,(anonymous_11)
FN:183,(anonymous_12)
FN:223,(anonymous_13)
FN:227,(anonymous_14)
FN:270,(anonymous_15)
FN:282,(anonymous_16)
FNF:17
FNH:15
FNDA:87,dateToFileDate
FNDA:98,computeHash
FNDA:20,(anonymous_2)
FNDA:294,(anonymous_3)
FNDA:87,(anonymous_4)
FNDA:20,(anonymous_5)
FNDA:19,(anonymous_6)
FNDA:1,(anonymous_7)
FNDA:87,(anonymous_8)
FNDA:90,(anonymous_9)
FNDA:0,(anonymous_10)
FNDA:90,(anonymous_11)
FNDA:0,(anonymous_12)
FNDA:3,(anonymous_13)
FNDA:3,(anonymous_14)
FNDA:10,(anonymous_15)
FNDA:9,(anonymous_16)
DA:65,87
DA:73,98
DA:74,98
DA:83,20
DA:84,20
DA:85,20
DA:89,294
DA:90,294
DA:91,261
DA:92,2
DA:95,35
DA:96,35
DA:97,2
DA:102,87
DA:103,87
DA:104,87
DA:109,20
DA:110,19
DA:111,18
DA:113,19
DA:118,19
DA:119,19
DA:120,19
DA:121,1
DA:125,19
DA:126,18
DA:127,18
DA:130,1
DA:131,1
DA:132,1
DA:133,1
DA:135,1
DA:136,0
DA:137,0
DA:140,1
DA:141,1
DA:142,1
DA:143,1
DA:146,0
DA:147,0
DA:148,0
DA:149,0
DA:150,0
DA:152,0
DA:155,0
DA:158,0
DA:164,87
DA:177,90
DA:178,90
DA:179,90
DA:180,90
DA:182,90
DA:183,90
DA:185,87
DA:186,87
DA:194,87
DA:195,87
DA:197,87
DA:198,87
DA:199,87
DA:202,86
DA:203,1
DA:204,0
DA:208,85
DA:209,85
DA:211,85
DA:212,85
DA:214,86
DA:224,3
DA:225,3
DA:226,3
DA:227,3
DA:230,3
DA:231,3
DA:233,3
DA:234,3
DA:235,3
DA:236,3
DA:237,3
DA:239,3
DA:240,11
DA:241,11
DA:242,11
DA:244,11
DA:245,0
DA:248,11
DA:249,11
DA:250,1
DA:253,10
DA:255,0
DA:260,2
DA:262,0
DA:277,10
DA:279,10
DA:280,10
DA:281,10
DA:282,9
DA:285,10
DA:287,10
DA:288,9
DA:289,9
DA:290,9
DA:291,9
DA:293,9
DA:294,85
DA:295,85
DA:297,85
DA:298,84
DA:299,83
DA:301,82
DA:304,0
DA:310,10
DA:314,10
DA:316,0
LF:114
LH:98
BRDA:73,0,0,98
BRDA:73,0,1,92
BRDA:83,1,0,20
BRDA:83,1,1,0
BRDA:91,2,0,2
BRDA:91,2,1,259
BRDA:96,3,0,33
BRDA:96,3,1,2
BRDA:110,4,0,18
BRDA:110,4,1,1
BRDA:121,5,0,1
BRDA:121,5,1,1
BRDA:125,6,0,18
BRDA:125,6,1,1
BRDA:135,7,0,0
BRDA:135,7,1,1
BRDA:202,8,0,1
BRDA:202,8,1,85
BRDA:227,9,0,3
BRDA:227,9,1,3
BRDA:244,10,0,0
BRDA:244,10,1,11
BRDA:249,11,0,1
BRDA:249,11,1,10
BRDA:270,12,0,10
BRDA:275,13,0,10
BRDA:276,14,0,10
BRDA:282,15,0,9
BRDA:282,15,1,9
BRDA:297,16,0,1
BRDA:297,16,1,84
BRDA:297,17,0,85
BRDA:297,17,1,2
BRDA:298,18,0,1
BRDA:298,18,1,83
BRDA:298,19,0,84
BRDA:298,19,1,2
BRDA:299,20,0,1
BRDA:299,20,1,82
BRDA:299,21,0,83
BRDA:299,21,1,2
BRDA:310,22,0,3
BRDA:310,22,1,7
BRF:43
BRH:40
end_of_record
TN:
SF:src/auth.ts
FNF:0
FNH:0
LF:0
LH:0
BRF:0
BRH:0
end_of_record
TN:
SF:src/config.ts
FN:108,computeStallThreshold
FN:149,getConfigPathFromArgv
FN:160,loadConfigFile
FN:204,expandTilde
FN:234,parseNumericEnvOverride
FN:245,(anonymous_5)
FN:249,parseTgAllowedUsers
FN:271,applyEnvOverrides
FN:324,(anonymous_8)
FN:351,applyAlertingEnvOverrides
FN:355,(anonymous_10)
FN:382,resolveStateDir
FN:396,loadConfig
FN:405,(anonymous_13)
FN:418,getConfig
FNF:15
FNH:12
FNDA:31,computeStallThreshold
FNDA:2,getConfigPathFromArgv
FNDA:2,loadConfigFile
FNDA:0,expandTilde
FNDA:16,parseNumericEnvOverride
FNDA:3,(anonymous_5)
FNDA:1,parseTgAllowedUsers
FNDA:36,applyEnvOverrides
FNDA:2,(anonymous_8)
FNDA:1,applyAlertingEnvOverrides
FNDA:0,(anonymous_10)
FNDA:1,resolveStateDir
FNDA:2,loadConfig
FNDA:0,(anonymous_13)
FNDA:35,getConfig
DA:109,31
DA:110,31
DA:111,6
DA:113,25
DA:117,16
DA:150,2
DA:151,2
DA:152,0
DA:154,2
DA:161,2
DA:171,2
DA:172,4
DA:173,2
DA:174,2
DA:175,1
DA:176,1
DA:177,0
DA:178,0
DA:181,1
DA:182,1
DA:184,1
DA:185,1
DA:186,0
DA:187,0
DA:190,1
DA:191,0
DA:193,1
DA:195,0
DA:200,0
DA:205,0
DA:206,0
DA:208,0
DA:221,16
DA:223,16
DA:240,16
DA:245,3
DA:250,1
DA:251,1
DA:252,1
DA:253,4
DA:254,4
DA:255,4
DA:256,4
DA:257,2
DA:258,2
DA:260,2
DA:262,1
DA:263,1
DA:265,1
DA:273,36
DA:295,36
DA:297,684
DA:298,684
DA:299,44
DA:301,684
DA:310,16
DA:311,16
DA:313,4
DA:314,3
DA:316,1
DA:320,4
DA:323,4
DA:324,2
DA:326,4
DA:328,1
DA:329,1
DA:339,19
DA:340,19
DA:343,0
DA:347,36
DA:352,1
DA:353,1
DA:354,0
DA:355,0
DA:358,1
DA:359,1
DA:360,0
DA:367,1
DA:368,1
DA:369,0
DA:376,1
DA:383,1
DA:384,1
DA:387,1
DA:388,0
DA:389,0
DA:392,1
DA:397,2
DA:398,1
DA:399,1
DA:400,1
DA:401,1
DA:403,1
DA:404,0
DA:406,0
DA:407,0
DA:409,0
DA:414,1
DA:420,35
DA:421,35
DA:422,35
LF:101
LH:79
BRDA:110,0,0,6
BRDA:110,0,1,25
BRDA:151,1,0,0
BRDA:151,1,1,2
BRDA:151,2,0,2
BRDA:151,2,1,0
BRDA:172,3,0,2
BRDA:172,3,1,2
BRDA:176,4,0,0
BRDA:176,4,1,1
BRDA:176,5,0,1
BRDA:176,5,1,1
BRDA:176,5,2,1
BRDA:181,6,0,0
BRDA:181,6,1,1
BRDA:182,7,0,0
BRDA:182,7,1,1
BRDA:185,8,0,0
BRDA:185,8,1,1
BRDA:190,9,0,0
BRDA:190,9,1,1
BRDA:205,10,0,0
BRDA:205,10,1,0
BRDA:254,11,0,0
BRDA:254,11,1,4
BRDA:256,12,0,2
BRDA:256,12,1,2
BRDA:256,13,0,4
BRDA:256,13,1,3
BRDA:262,14,0,1
BRDA:262,14,1,0
BRDA:297,15,0,684
BRDA:297,15,1,652
BRDA:298,16,0,640
BRDA:298,16,1,44
BRDA:299,17,0,32
BRDA:299,17,1,12
BRDA:301,18,0,7
BRDA:301,18,1,10
BRDA:301,18,2,12
BRDA:301,18,3,13
BRDA:301,18,4,14
BRDA:301,18,5,14
BRDA:301,18,6,14
BRDA:301,18,7,16
BRDA:301,18,8,4
BRDA:301,18,9,4
BRDA:301,18,10,1
BRDA:301,18,11,4
BRDA:301,18,12,9
BRDA:301,18,13,9
BRDA:301,18,14,12
BRDA:301,18,15,15
BRDA:301,18,16,17
BRDA:301,18,17,18
BRDA:301,18,18,19
BRDA:301,18,19,0
BRDA:313,19,0,3
BRDA:313,19,1,1
BRDA:313,20,0,4
BRDA:313,20,1,1
BRDA:323,21,0,1
BRDA:323,21,1,3
BRDA:352,22,0,1
BRDA:352,22,1,1
BRDA:353,23,0,0
BRDA:353,23,1,1
BRDA:354,24,0,0
BRDA:354,24,1,0
BRDA:359,25,0,0
BRDA:359,25,1,1
BRDA:368,26,0,0
BRDA:368,26,1,1
BRDA:387,27,0,0
BRDA:387,27,1,1
BRDA:387,28,0,1
BRDA:387,28,1,0
BRDA:387,28,2,0
BRDA:403,29,0,0
BRDA:403,29,1,1
BRF:80
BRH:59
end_of_record
TN:
SF:src/consensus.ts
FN:19,resolveConsensusRequestStatus
FN:28,buildConsensusPrompt
FN:37,mergeConsensusFindings
FN:55,parseReviewOutput
FNF:4
FNH:3
FNDA:4,resolveConsensusRequestStatus
FNDA:0,buildConsensusPrompt
FNDA:1,mergeConsensusFindings
FNDA:7,parseReviewOutput
DA:23,4
DA:24,2
DA:25,1
DA:29,0
DA:38,1
DA:39,1
DA:40,2
DA:41,4
DA:42,4
DA:45,1
DA:56,7
DA:57,7
DA:58,14
DA:59,9
DA:60,14
DA:61,14
DA:64,7
LF:17
LH:16
BRDA:23,0,0,2
BRDA:23,0,1,2
BRDA:24,1,0,1
BRDA:24,1,1,1
BRDA:42,2,0,4
BRDA:42,2,1,0
BRDA:58,3,0,5
BRDA:58,3,1,9
BRDA:58,4,0,14
BRDA:58,4,1,12
BRDA:61,5,0,12
BRDA:61,5,1,2
BRF:12
BRH:11
end_of_record
TN:
SF:src/container.ts
FN:33,toError
FN:44,(anonymous_1)
FN:63,(anonymous_2)
FN:71,(anonymous_3)
FN:90,(anonymous_4)
FN:94,(anonymous_5)
FN:119,(anonymous_6)
FN:121,(anonymous_7)
FN:124,(anonymous_8)
FN:131,(anonymous_9)
FN:140,(anonymous_10)
FN:151,(anonymous_11)
FN:152,(anonymous_12)
FN:153,(anonymous_13)
FN:154,(anonymous_14)
FN:155,(anonymous_15)
FN:183,(anonymous_16)
FN:187,(anonymous_17)
FNF:18
FNH:15
FNDA:0,toError
FNDA:17,(anonymous_1)
FNDA:0,(anonymous_2)
FNDA:8,(anonymous_3)
FNDA:5,(anonymous_4)
FNDA:2,(anonymous_5)
FNDA:2,(anonymous_6)
FNDA:7,(anonymous_7)
FNDA:1,(anonymous_8)
FNDA:2,(anonymous_9)
FNDA:3,(anonymous_10)
FNDA:6,(anonymous_11)
FNDA:5,(anonymous_12)
FNDA:0,(anonymous_13)
FNDA:6,(anonymous_14)
FNDA:1,(anonymous_15)
FNDA:8,(anonymous_16)
FNDA:27,(anonymous_17)
DA:34,0
DA:35,0
DA:39,7
DA:40,7
DA:41,7
DA:42,7
DA:50,17
DA:51,0
DA:53,17
DA:59,17
DA:60,17
DA:64,0
DA:65,0
DA:66,0
DA:68,0
DA:72,8
DA:73,8
DA:74,8
DA:75,8
DA:76,17
DA:77,14
DA:78,14
DA:79,13
DA:80,13
DA:81,13
DA:83,5
DA:85,1
DA:86,1
DA:91,5
DA:95,2
DA:96,2
DA:98,2
DA:99,7
DA:100,7
DA:101,7
DA:102,0
DA:103,0
DA:105,7
DA:106,7
DA:107,7
DA:109,0
DA:116,2
DA:120,2
DA:121,7
DA:122,2
DA:123,1
DA:124,1
DA:126,1
DA:128,1
DA:132,2
DA:133,2
DA:134,2
DA:135,2
DA:136,2
DA:137,2
DA:141,3
DA:143,3
DA:144,6
DA:145,6
DA:146,6
DA:148,6
DA:150,6
DA:151,6
DA:152,5
DA:153,0
DA:154,6
DA:155,6
DA:156,1
DA:157,1
DA:161,6
DA:162,6
DA:164,6
DA:165,6
DA:166,6
DA:168,6
DA:169,1
DA:170,1
DA:173,5
DA:174,0
DA:175,0
DA:178,5
DA:180,3
DA:184,8
DA:185,8
DA:187,8
DA:188,27
DA:189,27
DA:190,0
DA:193,27
DA:194,27
DA:195,21
DA:196,1
DA:199,20
DA:200,20
DA:201,14
DA:202,1
DA:204,13
DA:206,17
DA:207,17
DA:210,8
DA:211,14
DA:214,6
LF:102
LH:88
BRDA:34,0,0,0
BRDA:34,0,1,0
BRDA:48,1,0,17
BRDA:50,2,0,0
BRDA:50,2,1,17
BRDA:65,3,0,0
BRDA:65,3,1,0
BRDA:76,4,0,3
BRDA:76,4,1,14
BRDA:95,5,0,0
BRDA:95,5,1,2
BRDA:99,6,0,0
BRDA:99,6,1,7
BRDA:101,7,0,0
BRDA:101,7,1,7
BRDA:122,8,0,1
BRDA:122,8,1,1
BRDA:124,9,0,1
BRDA:124,9,1,0
BRDA:131,10,0,2
BRDA:132,11,0,2
BRDA:132,11,1,1
BRDA:144,12,0,0
BRDA:144,12,1,6
BRDA:146,13,0,0
BRDA:146,13,1,6
BRDA:162,14,0,6
BRDA:162,14,1,0
BRDA:166,15,0,6
BRDA:166,15,1,0
BRDA:168,16,0,1
BRDA:168,16,1,5
BRDA:173,17,0,0
BRDA:173,17,1,5
BRDA:189,18,0,0
BRDA:189,18,1,27
BRDA:194,19,0,6
BRDA:194,19,1,21
BRDA:195,20,0,1
BRDA:195,20,1,20
BRDA:201,21,0,1
BRDA:201,21,1,13
BRF:42
BRH:27
end_of_record
TN:
SF:src/continuation-pointer.ts
FN:9,computeExpiresAt
FN:16,persistPointerMap
FN:32,loadContinuationPointers
FNF:3
FNH:3
FNDA:3,computeExpiresAt
FNDA:5,persistPointerMap
FNDA:5,loadContinuationPointers
DA:10,3
DA:11,1
DA:13,2
DA:20,5
DA:21,5
DA:22,5
DA:37,5
DA:40,5
DA:41,5
DA:42,5
DA:43,1
DA:44,1
DA:46,4
DA:48,4
DA:49,1
DA:50,1
DA:53,3
DA:54,3
DA:56,3
DA:57,4
DA:58,4
DA:59,1
DA:60,1
DA:63,3
DA:64,3
DA:65,3
DA:66,2
DA:67,2
DA:70,1
DA:71,1
DA:74,1
DA:81,3
DA:82,3
DA:85,3
LF:34
LH:34
BRDA:10,0,0,1
BRDA:10,0,1,2
BRDA:35,1,0,5
BRDA:37,2,0,0
BRDA:37,2,1,5
BRDA:42,3,0,1
BRDA:42,3,1,4
BRDA:48,4,0,1
BRDA:48,4,1,3
BRDA:48,5,0,4
BRDA:48,5,1,4
BRDA:48,5,2,4
BRDA:58,6,0,1
BRDA:58,6,1,3
BRDA:65,7,0,2
BRDA:65,7,1,1
BRDA:70,8,0,1
BRDA:70,8,1,0
BRDA:70,9,0,1
BRDA:70,9,1,0
BRDA:81,10,0,3
BRDA:81,10,1,0
BRF:22
BRH:18
end_of_record
TN:
SF:src/diagnostics.ts
FN:40,isForbiddenAttribute
FN:42,(anonymous_1)
FN:45,sanitizeValue
FN:56,(anonymous_3)
FN:70,sanitizeDiagnosticsAttributes
FN:78,sanitizeDiagnosticsEvent
FN:89,(anonymous_6)
FN:91,(anonymous_7)
FN:100,(anonymous_8)
FN:102,(anonymous_9)
FN:105,(anonymous_10)
FN:110,(anonymous_11)
FNF:12
FNH:9
FNDA:834,isForbiddenAttribute
FNDA:9984,(anonymous_1)
FNDA:1057,sanitizeValue
FNDA:2,(anonymous_3)
FNDA:227,sanitizeDiagnosticsAttributes
FNDA:178,sanitizeDiagnosticsEvent
FNDA:14,(anonymous_6)
FNDA:178,(anonymous_7)
FNDA:0,(anonymous_8)
FNDA:0,(anonymous_9)
FNDA:5,(anonymous_10)
FNDA:0,(anonymous_11)
DA:21,11
DA:22,11
DA:23,11
DA:25,11
DA:41,834
DA:42,9984
DA:46,1057
DA:47,1057
DA:48,313
DA:52,744
DA:53,515
DA:55,229
DA:56,2
DA:58,228
DA:59,228
DA:60,228
DA:61,834
DA:62,830
DA:64,228
DA:66,0
DA:67,0
DA:71,227
DA:72,225
DA:73,225
DA:79,178
DA:86,14
DA:87,14
DA:89,14
DA:92,178
DA:93,178
DA:94,178
DA:95,27
DA:97,178
DA:101,0
DA:102,0
DA:106,5
DA:107,5
DA:111,0
DA:115,11
LF:39
LH:34
BRDA:45,0,0,1057
BRDA:46,1,0,0
BRDA:46,1,1,1057
BRDA:47,2,0,313
BRDA:47,2,1,744
BRDA:48,3,0,0
BRDA:48,3,1,313
BRDA:52,4,0,515
BRDA:52,4,1,229
BRDA:52,5,0,744
BRDA:52,5,1,442
BRDA:52,5,2,229
BRDA:55,6,0,1
BRDA:55,6,1,228
BRDA:58,7,0,228
BRDA:58,7,1,0
BRDA:61,8,0,4
BRDA:61,8,1,830
BRDA:66,9,0,0
BRDA:66,9,1,0
BRDA:71,10,0,2
BRDA:71,10,1,225
BRDA:73,11,0,225
BRDA:73,11,1,0
BRDA:73,12,0,225
BRDA:73,12,1,225
BRDA:73,12,2,225
BRDA:89,13,0,14
BRDA:94,14,0,27
BRDA:94,14,1,151
BRDA:105,15,0,5
BRDA:106,16,0,0
BRDA:106,16,1,5
BRF:33
BRH:26
end_of_record
TN:
SF:src/error-categories.ts
FN:11,(anonymous_0)
FN:42,categorize
FN:85,shouldRetry
FNF:3
FNH:3
FNDA:6,(anonymous_0)
FNDA:45,categorize
FNDA:22,shouldRetry
DA:11,6
DA:13,6
DA:15,6
DA:17,6
DA:19,6
DA:21,6
DA:23,6
DA:25,6
DA:27,6
DA:29,6
DA:31,6
DA:44,45
DA:45,2
DA:48,43
DA:49,38
DA:50,38
DA:53,38
DA:54,3
DA:56,35
DA:57,4
DA:59,31
DA:60,5
DA:62,26
DA:63,3
DA:65,23
DA:66,6
DA:68,17
DA:69,7
DA:71,10
DA:72,7
DA:76,3
DA:80,5
DA:81,45
DA:86,22
LF:34
LH:34
BRDA:44,0,0,2
BRDA:44,0,1,43
BRDA:48,1,0,38
BRDA:48,1,1,5
BRDA:53,2,0,3
BRDA:53,2,1,35
BRDA:53,3,0,38
BRDA:53,3,1,36
BRDA:56,4,0,4
BRDA:56,4,1,31
BRDA:56,5,0,35
BRDA:56,5,1,32
BRDA:59,6,0,5
BRDA:59,6,1,26
BRDA:59,7,0,31
BRDA:59,7,1,28
BRDA:59,7,2,27
BRDA:62,8,0,3
BRDA:62,8,1,23
BRDA:62,9,0,26
BRDA:62,9,1,24
BRDA:65,10,0,6
BRDA:65,10,1,17
BRDA:65,11,0,23
BRDA:65,11,1,19
BRDA:65,11,2,18
BRDA:68,12,0,7
BRDA:68,12,1,10
BRDA:68,13,0,17
BRDA:68,13,1,13
BRDA:68,13,2,12
BRDA:68,13,3,11
BRDA:71,14,0,7
BRDA:71,14,1,3
BRDA:80,15,0,2
BRDA:80,15,1,3
BRF:36
BRH:36
end_of_record
TN:
SF:src/events.ts
FN:51,toGlobalEvent
FN:89,(anonymous_1)
FN:111,(anonymous_2)
FN:115,(anonymous_3)
FN:119,(anonymous_4)
FN:148,(anonymous_5)
FN:164,(anonymous_6)
FN:167,(anonymous_7)
FN:177,(anonymous_8)
FN:193,(anonymous_9)
FN:204,(anonymous_10)
FN:213,(anonymous_11)
FN:217,(anonymous_12)
FN:217,(anonymous_13)
FN:227,(anonymous_14)
FN:254,(anonymous_15)
FN:259,(anonymous_16)
FN:273,(anonymous_17)
FN:283,(anonymous_18)
FN:293,(anonymous_19)
FN:303,(anonymous_20)
FN:313,(anonymous_21)
FN:323,(anonymous_22)
FN:339,(anonymous_23)
FN:351,(anonymous_24)
FN:361,(anonymous_25)
FN:371,(anonymous_26)
FN:381,(anonymous_27)
FN:387,(anonymous_28)
FN:404,(anonymous_29)
FN:410,(anonymous_30)
FN:420,(anonymous_31)
FN:436,(anonymous_32)
FN:437,(anonymous_33)
FN:441,(anonymous_34)
FN:457,(anonymous_35)
FNF:36
FNH:35
FNDA:285,toGlobalEvent
FNDA:1181,(anonymous_1)
FNDA:320,(anonymous_2)
FNDA:1217,(anonymous_3)
FNDA:1174,(anonymous_4)
FNDA:110,(anonymous_5)
FNDA:110,(anonymous_6)
FNDA:27,(anonymous_7)
FNDA:1174,(anonymous_8)
FNDA:132,(anonymous_9)
FNDA:99,(anonymous_10)
FNDA:93,(anonymous_11)
FNDA:456,(anonymous_12)
FNDA:397,(anonymous_13)
FNDA:5,(anonymous_14)
FNDA:10,(anonymous_15)
FNDA:13,(anonymous_16)
FNDA:891,(anonymous_17)
FNDA:0,(anonymous_18)
FNDA:17,(anonymous_19)
FNDA:10,(anonymous_20)
FNDA:34,(anonymous_21)
FNDA:19,(anonymous_22)
FNDA:5,(anonymous_23)
FNDA:15,(anonymous_24)
FNDA:8,(anonymous_25)
FNDA:155,(anonymous_26)
FNDA:21,(anonymous_27)
FNDA:6,(anonymous_28)
FNDA:37,(anonymous_29)
FNDA:3,(anonymous_30)
FNDA:8,(anonymous_31)
FNDA:14,(anonymous_32)
FNDA:172,(anonymous_33)
FNDA:6,(anonymous_34)
FNDA:103,(anonymous_35)
DA:52,285
DA:66,285
DA:80,336
DA:83,336
DA:86,336
DA:90,1181
DA:91,2
DA:92,2
DA:94,1181
DA:98,336
DA:101,336
DA:104,336
DA:107,336
DA:112,320
DA:116,1217
DA:120,1174
DA:123,47
DA:125,47
DA:126,277
DA:127,230
DA:128,0
DA:129,0
DA:131,230
DA:132,230
DA:133,1
DA:135,229
DA:136,47
DA:137,47
DA:141,47
DA:142,47
DA:143,47
DA:149,110
DA:151,110
DA:152,3
DA:153,3
DA:155,110
DA:156,104
DA:157,104
DA:158,104
DA:160,110
DA:165,110
DA:166,110
DA:167,110
DA:168,27
DA:170,27
DA:171,14
DA:179,1174
DA:181,1174
DA:183,1174
DA:184,1174
DA:185,332
DA:186,332
DA:188,1174
DA:189,1174
DA:190,1174
DA:191,1174
DA:192,1174
DA:193,139
DA:194,132
DA:195,132
DA:197,139
DA:200,1174
DA:201,285
DA:203,285
DA:204,285
DA:205,99
DA:206,99
DA:208,285
DA:214,93
DA:215,93
DA:216,39
DA:217,456
DA:238,5
DA:239,5
DA:240,1
DA:249,4
DA:251,4
DA:252,4
DA:253,4
DA:254,10
DA:256,5
DA:257,5
DA:258,5
DA:259,13
DA:260,5
DA:261,5
DA:263,5
DA:274,891
DA:284,0
DA:294,17
DA:304,10
DA:314,34
DA:324,19
DA:331,19
DA:332,19
DA:333,14
DA:339,19
DA:340,5
DA:341,5
DA:342,3
DA:344,5
DA:345,5
DA:347,19
DA:352,15
DA:362,8
DA:372,155
DA:382,21
DA:383,21
DA:388,6
DA:389,6
DA:395,336
DA:398,336
DA:401,336
DA:405,37
DA:406,35
DA:407,35
DA:409,37
DA:410,37
DA:411,3
DA:413,3
DA:414,2
DA:421,8
DA:422,7
DA:423,7
DA:431,7
DA:432,7
DA:437,172
DA:443,6
DA:444,2
DA:445,2
DA:447,6
DA:448,6
DA:449,6
DA:450,6
DA:451,3
DA:452,3
DA:459,103
DA:460,193
DA:462,103
DA:464,103
DA:465,9
DA:467,103
DA:468,103
DA:469,32
DA:471,103
DA:472,103
DA:473,103
DA:474,103
DA:475,103
DA:476,103
LF:150
LH:147
BRDA:67,0,0,285
BRDA:67,0,1,0
BRDA:90,1,0,2
BRDA:90,1,1,1179
BRDA:111,2,0,320
BRDA:112,3,0,320
BRDA:112,3,1,317
BRDA:120,4,0,1127
BRDA:120,4,1,47
BRDA:126,5,0,47
BRDA:126,5,1,230
BRDA:127,6,0,0
BRDA:127,6,1,230
BRDA:132,7,0,1
BRDA:132,7,1,229
BRDA:132,8,0,230
BRDA:132,8,1,1
BRDA:135,9,0,47
BRDA:135,9,1,182
BRDA:141,10,0,47
BRDA:141,10,1,0
BRDA:151,11,0,3
BRDA:151,11,1,107
BRDA:151,12,0,110
BRDA:151,12,1,9
BRDA:155,13,0,104
BRDA:155,13,1,6
BRDA:170,14,0,14
BRDA:170,14,1,13
BRDA:170,15,0,27
BRDA:170,15,1,25
BRDA:184,16,0,332
BRDA:184,16,1,842
BRDA:192,17,0,139
BRDA:192,17,1,1035
BRDA:200,18,0,285
BRDA:200,18,1,889
BRDA:215,19,0,54
BRDA:215,19,1,39
BRDA:230,20,0,5
BRDA:239,21,0,1
BRDA:239,21,1,4
BRDA:253,22,0,2
BRDA:253,22,1,2
BRDA:256,23,0,0
BRDA:256,23,1,4
BRDA:260,24,0,4
BRDA:260,24,1,0
BRDA:261,25,0,4
BRDA:261,25,1,0
BRDA:332,26,0,14
BRDA:332,26,1,5
BRDA:341,27,0,3
BRDA:341,27,1,2
BRDA:383,28,0,21
BRDA:383,28,1,7
BRDA:389,29,0,2
BRDA:389,29,1,4
BRDA:405,30,0,35
BRDA:405,30,1,2
BRDA:413,31,0,2
BRDA:413,31,1,1
BRDA:413,32,0,3
BRDA:413,32,1,3
BRDA:421,33,0,1
BRDA:421,33,1,7
BRDA:450,34,0,3
BRDA:450,34,1,3
BRF:68
BRH:62
end_of_record
TN:
SF:src/fault-injection.ts
FN:22,(anonymous_0)
FN:32,(anonymous_1)
FN:46,(anonymous_2)
FN:50,(anonymous_3)
FN:55,(anonymous_4)
FN:61,(anonymous_5)
FN:68,(anonymous_6)
FN:74,(anonymous_7)
FN:79,(anonymous_8)
FN:83,(anonymous_9)
FN:88,(anonymous_10)
FN:92,(anonymous_11)
FN:113,(anonymous_12)
FN:129,maybeInjectFault
FN:133,resetFaultInjection
FN:137,clearFaultRules
FN:141,setFaultInjectionEnabledForTest
FN:145,setFaultInjectionSeedForTest
FN:149,addFaultRule
FNF:19
FNH:18
FNDA:1,(anonymous_0)
FNDA:1,(anonymous_1)
FNDA:20,(anonymous_2)
FNDA:28,(anonymous_3)
FNDA:0,(anonymous_4)
FNDA:438,(anonymous_5)
FNDA:28,(anonymous_6)
FNDA:9,(anonymous_7)
FNDA:9,(anonymous_8)
FNDA:4,(anonymous_9)
FNDA:4,(anonymous_10)
FNDA:438,(anonymous_11)
FNDA:1,(anonymous_12)
FNDA:438,maybeInjectFault
FNDA:8,resetFaultInjection
FNDA:9,clearFaultRules
FNDA:9,setFaultInjectionEnabledForTest
FNDA:4,setFaultInjectionSeedForTest
FNDA:4,addFaultRule
DA:23,1
DA:24,1
DA:25,1
DA:33,1
DA:34,1
DA:35,1
DA:40,20
DA:41,20
DA:42,20
DA:43,20
DA:44,20
DA:47,20
DA:51,28
DA:52,28
DA:57,0
DA:58,0
DA:62,438
DA:63,6
DA:65,432
DA:69,28
DA:70,28
DA:71,28
DA:75,9
DA:76,9
DA:80,9
DA:84,4
DA:85,4
DA:89,4
DA:93,438
DA:95,5
DA:96,3
DA:98,3
DA:99,3
DA:101,3
DA:102,3
DA:103,3
DA:104,0
DA:105,0
DA:108,3
DA:110,3
DA:111,1
DA:112,1
DA:113,1
DA:115,1
DA:118,2
DA:119,1
DA:122,1
DA:127,20
DA:130,438
DA:134,8
DA:138,9
DA:142,9
DA:146,4
DA:150,4
LF:54
LH:50
BRDA:23,0,0,1
BRDA:23,0,1,0
BRDA:33,1,0,1
BRDA:33,1,1,0
BRDA:51,2,0,28
BRDA:51,2,1,28
BRDA:52,3,0,28
BRDA:52,3,1,0
BRDA:52,4,0,28
BRDA:52,4,1,28
BRDA:62,5,0,6
BRDA:62,5,1,432
BRDA:84,6,0,4
BRDA:84,6,1,0
BRDA:93,7,0,433
BRDA:93,7,1,5
BRDA:96,8,0,0
BRDA:96,8,1,3
BRDA:98,9,0,3
BRDA:98,9,1,3
BRDA:102,10,0,3
BRDA:102,10,1,0
BRDA:102,11,0,3
BRDA:102,11,1,3
BRDA:104,12,0,0
BRDA:104,12,1,0
BRDA:108,13,0,0
BRDA:108,13,1,3
BRDA:110,14,0,1
BRDA:110,14,1,2
BRDA:111,15,0,1
BRDA:111,15,1,0
BRDA:112,16,0,1
BRDA:112,16,1,0
BRDA:118,17,0,1
BRDA:118,17,1,1
BRF:36
BRH:25
end_of_record
TN:
SF:src/file-utils.ts
FN:6,buildWindowsIcaclsArgs
FN:10,runIcacls
FN:12,(anonymous_2)
FN:13,(anonymous_3)
FN:23,secureFilePermissions
FNF:5
FNH:5
FNDA:2,buildWindowsIcaclsArgs
FNDA:1,runIcacls
FNDA:1,(anonymous_2)
FNDA:1,(anonymous_3)
FNDA:166,secureFilePermissions
DA:4,37
DA:7,2
DA:11,1
DA:12,1
DA:13,1
DA:14,1
DA:15,1
DA:16,1
DA:18,0
DA:24,166
DA:25,165
DA:26,165
DA:29,1
DA:30,1
DA:31,0
DA:32,0
DA:35,1
DA:36,166
DA:37,166
DA:39,1
DA:40,1
LF:21
LH:18
BRDA:14,0,0,1
BRDA:14,0,1,0
BRDA:23,1,0,166
BRDA:24,2,0,165
BRDA:24,2,1,1
BRDA:30,3,0,0
BRDA:30,3,1,1
BRDA:35,4,0,1
BRDA:35,4,1,0
BRDA:39,5,0,1
BRDA:39,5,1,0
BRF:11
BRH:7
end_of_record
TN:
SF:src/handshake.ts
FN:78,computeFeatureGates
FN:81,(anonymous_1)
FN:83,(anonymous_2)
FN:89,isFeatureEnabled
FN:101,negotiate
FN:152,(anonymous_5)
FN:156,(anonymous_6)
FNF:7
FNH:7
FNDA:9,computeFeatureGates
FNDA:54,(anonymous_1)
FNDA:57,(anonymous_2)
FNDA:1,isFeatureEnabled
FNDA:9,negotiate
FNDA:19,(anonymous_5)
FNDA:19,(anonymous_6)
DA:10,3
DA:13,3
DA:19,3
DA:42,3
DA:79,9
DA:80,9
DA:81,54
DA:83,57
DA:90,1
DA:102,9
DA:103,9
DA:106,9
DA:107,9
DA:108,9
DA:110,9
DA:111,1
DA:112,1
DA:123,8
DA:124,2
DA:125,2
DA:138,6
DA:139,1
DA:146,6
DA:148,2
DA:149,2
DA:151,4
DA:152,19
DA:153,4
DA:154,2
DA:156,4
DA:157,19
DA:161,6
LF:32
LH:32
BRDA:110,0,0,1
BRDA:110,0,1,8
BRDA:123,1,0,2
BRDA:123,1,1,6
BRDA:138,2,0,1
BRDA:138,2,1,5
BRDA:146,3,0,2
BRDA:146,3,1,4
BRDA:146,4,0,6
BRDA:146,4,1,4
BRDA:153,5,0,2
BRDA:153,5,1,2
BRDA:166,6,0,4
BRDA:166,6,1,2
BRDA:166,7,0,6
BRDA:166,7,1,4
BRF:16
BRH:16
end_of_record
TN:
SF:src/hook-settings.ts
FN:25,isRecord
FN:29,parseSettingsWithFallback
FN:41,normalizeHookBaseUrl
FN:54,buildProjectSettingsPath
FN:80,validateWorkDirPath
FN:151,generateHookSettings
FN:185,writeHookSettingsFile
FN:239,cleanupHookSettingsFile
FN:245,(anonymous_8)
FN:263,cleanupStaleSessionHooks
FN:284,(anonymous_10)
FN:285,(anonymous_11)
FNF:12
FNH:9
FNDA:8,isRecord
FNDA:9,parseSettingsWithFallback
FNDA:36,normalizeHookBaseUrl
FNDA:17,buildProjectSettingsPath
FNDA:19,validateWorkDirPath
FNDA:36,generateHookSettings
FNDA:23,writeHookSettingsFile
FNDA:5,cleanupHookSettingsFile
FNDA:0,(anonymous_8)
FNDA:1,cleanupStaleSessionHooks
FNDA:0,(anonymous_10)
FNDA:0,(anonymous_11)
DA:26,8
DA:31,9
DA:32,9
DA:34,8
DA:35,8
DA:38,1
DA:42,36
DA:43,36
DA:44,36
DA:45,1
DA:47,36
DA:49,0
DA:58,17
DA:64,17
DA:65,17
DA:66,17
DA:67,17
DA:69,17
DA:70,17
DA:81,19
DA:82,15
DA:95,18
DA:152,36
DA:153,36
DA:155,36
DA:156,792
DA:160,792
DA:161,550
DA:163,792
DA:170,36
DA:186,23
DA:191,23
DA:192,23
DA:193,23
DA:194,14
DA:195,14
DA:196,9
DA:197,9
DA:198,9
DA:207,23
DA:208,23
DA:209,23
DA:210,506
DA:213,23
DA:217,23
DA:218,23
DA:222,23
DA:223,23
DA:225,23
DA:227,23
DA:228,23
DA:229,23
DA:231,23
DA:240,5
DA:241,5
DA:242,4
DA:244,4
DA:245,4
DA:267,1
DA:268,1
DA:270,1
DA:271,1
DA:273,0
DA:274,0
DA:275,0
DA:276,0
DA:278,0
DA:279,0
DA:280,0
DA:282,0
DA:283,0
DA:284,0
DA:285,0
DA:286,0
DA:287,0
DA:288,0
DA:289,0
DA:290,0
DA:291,0
DA:292,0
DA:293,0
DA:295,0
DA:297,0
DA:300,0
DA:301,0
DA:302,0
LF:86
LH:61
BRDA:26,0,0,8
BRDA:26,0,1,8
BRDA:26,0,2,8
BRDA:32,1,0,0
BRDA:32,1,1,9
BRDA:35,2,0,7
BRDA:35,2,1,1
BRDA:44,3,0,1
BRDA:44,3,1,35
BRDA:44,4,0,36
BRDA:44,4,1,35
BRDA:44,4,2,35
BRDA:56,5,0,17
BRDA:58,6,0,1
BRDA:58,6,1,16
BRDA:66,7,0,17
BRDA:66,7,1,1
BRDA:66,7,2,16
BRDA:67,8,0,0
BRDA:67,8,1,17
BRDA:70,9,0,1
BRDA:70,9,1,16
BRDA:81,10,0,4
BRDA:81,10,1,15
BRDA:160,11,0,550
BRDA:160,11,1,242
BRDA:192,12,0,18
BRDA:192,12,1,5
BRDA:193,13,0,14
BRDA:193,13,1,9
BRDA:195,14,0,9
BRDA:195,14,1,5
BRDA:198,15,0,9
BRDA:198,15,1,0
BRDA:207,16,0,23
BRDA:207,16,1,18
BRDA:210,17,0,506
BRDA:210,17,1,501
BRDA:217,18,0,23
BRDA:217,18,1,19
BRDA:218,19,0,23
BRDA:218,19,1,0
BRDA:241,20,0,4
BRDA:241,20,1,1
BRDA:267,21,0,1
BRDA:267,21,1,0
BRDA:268,22,0,0
BRDA:268,22,1,1
BRDA:271,23,0,1
BRDA:271,23,1,0
BRDA:276,24,0,0
BRDA:276,24,1,0
BRDA:280,25,0,0
BRDA:280,25,1,0
BRDA:286,26,0,0
BRDA:286,26,1,0
BRDA:289,27,0,0
BRDA:289,27,1,0
BRDA:291,28,0,0
BRDA:291,28,1,0
BRDA:300,29,0,0
BRDA:300,29,1,0
BRF:62
BRH:43
end_of_record
TN:
SF:src/hook.ts
FN:42,normalizeCommandPath
FN:46,assertCommandPathSafe
FN:52,quoteCommandPath
FN:71,buildHookCommand
FN:79,sleepSync
FN:84,assertPathNotSymlink
FN:92,withLockFile
FN:114,writeTextAtomic
FN:131,getPointerTtlMs
FN:156,handleStopEvent
FN:163,(anonymous_10)
FN:192,main
FN:280,(anonymous_12)
FN:312,install
FN:333,(anonymous_14)
FN:334,(anonymous_15)
FN:352,(anonymous_16)
FN:353,(anonymous_17)
FN:366,(anonymous_18)
FN:372,(anonymous_19)
FNF:20
FNH:16
FNDA:13,normalizeCommandPath
FNDA:13,assertCommandPathSafe
FNDA:13,quoteCommandPath
FNDA:7,buildHookCommand
FNDA:1,sleepSync
FNDA:13,assertPathNotSymlink
FNDA:5,withLockFile
FNDA:3,writeTextAtomic
FNDA:1,getPointerTtlMs
FNDA:1,handleStopEvent
FNDA:1,(anonymous_10)
FNDA:5,main
FNDA:1,(anonymous_12)
FNDA:1,install
FNDA:0,(anonymous_14)
FNDA:0,(anonymous_15)
FNDA:0,(anonymous_16)
FNDA:0,(anonymous_17)
FNDA:1,(anonymous_18)
FNDA:8,(anonymous_19)
DA:27,8
DA:28,8
DA:31,8
DA:32,8
DA:33,8
DA:34,8
DA:35,8
DA:36,8
DA:37,8
DA:38,8
DA:39,8
DA:40,8
DA:43,13
DA:47,13
DA:48,1
DA:53,13
DA:54,13
DA:56,13
DA:57,5
DA:58,1
DA:60,4
DA:63,4
DA:66,7
DA:67,7
DA:76,7
DA:80,1
DA:81,1
DA:85,13
DA:86,9
DA:87,9
DA:88,1
DA:93,5
DA:94,5
DA:95,6
DA:96,6
DA:97,6
DA:98,6
DA:100,4
DA:101,4
DA:104,2
DA:105,2
DA:106,2
DA:107,1
DA:109,1
DA:115,3
DA:116,3
DA:117,3
DA:118,3
DA:119,3
DA:120,3
DA:121,3
DA:122,3
DA:123,3
DA:125,3
DA:126,2
DA:132,1
DA:133,1
DA:134,1
DA:161,1
DA:162,1
DA:163,1
DA:164,1
DA:165,1
DA:166,1
DA:167,1
DA:168,1
DA:170,0
DA:174,1
DA:175,1
DA:176,1
DA:187,1
DA:189,1
DA:194,5
DA:195,0
DA:196,0
DA:211,5
DA:212,5
DA:213,5
DA:214,5
DA:215,1
DA:217,4
DA:219,1
DA:222,4
DA:223,5
DA:224,5
DA:226,5
DA:227,0
DA:231,4
DA:232,1
DA:233,1
DA:236,3
DA:237,0
DA:240,3
DA:241,1
DA:242,1
DA:246,2
DA:247,2
DA:248,1
DA:249,1
DA:252,1
DA:253,0
DA:254,0
DA:258,1
DA:259,1
DA:265,0
DA:266,0
DA:269,1
DA:270,1
DA:271,0
DA:274,1
DA:275,1
DA:278,1
DA:279,1
DA:280,1
DA:281,1
DA:282,1
DA:283,1
DA:284,1
DA:285,1
DA:287,0
DA:291,1
DA:292,1
DA:307,1
DA:309,1
DA:313,1
DA:315,1
DA:316,1
DA:317,0
DA:318,0
DA:319,0
DA:320,0
DA:322,0
DA:325,1
DA:329,1
DA:330,1
DA:333,1
DA:334,0
DA:337,1
DA:338,0
DA:339,0
DA:342,1
DA:346,1
DA:349,1
DA:350,1
DA:351,2
DA:352,2
DA:353,0
DA:355,2
DA:356,2
DA:357,2
DA:361,1
DA:363,1
DA:364,1
DA:365,1
DA:366,1
DA:367,1
DA:369,1
DA:372,8
DA:373,8
DA:374,8
DA:375,8
DA:376,8
DA:378,0
DA:382,8
DA:383,0
LF:165
LH:143
BRDA:33,0,0,7
BRDA:33,0,1,1
BRDA:42,1,0,13
BRDA:43,2,0,5
BRDA:43,2,1,8
BRDA:47,3,0,1
BRDA:47,3,1,12
BRDA:52,4,0,13
BRDA:56,5,0,5
BRDA:56,5,1,8
BRDA:57,6,0,1
BRDA:57,6,1,4
BRDA:73,7,0,7
BRDA:74,8,0,7
BRDA:85,9,0,4
BRDA:85,9,1,9
BRDA:87,10,0,1
BRDA:87,10,1,8
BRDA:92,11,0,5
BRDA:105,12,0,0
BRDA:105,12,1,2
BRDA:106,13,0,1
BRDA:106,13,1,1
BRDA:125,14,0,2
BRDA:125,14,1,1
BRDA:132,15,0,1
BRDA:132,15,1,1
BRDA:133,16,0,0
BRDA:133,16,1,1
BRDA:134,17,0,0
BRDA:134,17,1,1
BRDA:134,18,0,1
BRDA:134,18,1,0
BRDA:165,19,0,1
BRDA:165,19,1,0
BRDA:167,20,0,1
BRDA:167,20,1,0
BRDA:175,21,0,1
BRDA:175,21,1,0
BRDA:180,22,0,1
BRDA:180,22,1,0
BRDA:180,22,2,0
BRDA:181,23,0,1
BRDA:181,23,1,1
BRDA:182,24,0,1
BRDA:182,24,1,1
BRDA:183,25,0,1
BRDA:183,25,1,1
BRDA:184,26,0,1
BRDA:184,26,1,0
BRDA:194,27,0,0
BRDA:194,27,1,5
BRDA:214,28,0,1
BRDA:214,28,1,4
BRDA:214,29,0,5
BRDA:214,29,1,5
BRDA:214,29,2,5
BRDA:214,29,3,5
BRDA:222,30,0,4
BRDA:222,30,1,0
BRDA:223,31,0,5
BRDA:223,31,1,1
BRDA:224,32,0,5
BRDA:224,32,1,0
BRDA:226,33,0,0
BRDA:226,33,1,5
BRDA:231,34,0,1
BRDA:231,34,1,3
BRDA:231,35,0,4
BRDA:231,35,1,4
BRDA:236,36,0,0
BRDA:236,36,1,3
BRDA:240,37,0,1
BRDA:240,37,1,2
BRDA:247,38,0,1
BRDA:247,38,1,1
BRDA:252,39,0,0
BRDA:252,39,1,1
BRDA:270,40,0,0
BRDA:270,40,1,1
BRDA:282,41,0,1
BRDA:282,41,1,0
BRDA:284,42,0,1
BRDA:284,42,1,0
BRDA:295,43,0,1
BRDA:295,43,1,0
BRDA:296,44,0,1
BRDA:296,44,1,1
BRDA:297,45,0,1
BRDA:297,45,1,1
BRDA:298,46,0,1
BRDA:298,46,1,1
BRDA:299,47,0,1
BRDA:299,47,1,0
BRDA:300,48,0,1
BRDA:300,48,1,1
BRDA:301,49,0,1
BRDA:301,49,1,1
BRDA:316,50,0,0
BRDA:316,50,1,1
BRDA:318,51,0,0
BRDA:318,51,1,0
BRDA:318,52,0,0
BRDA:318,52,1,0
BRDA:318,52,2,0
BRDA:318,52,3,0
BRDA:329,53,0,1
BRDA:329,53,1,1
BRDA:330,54,0,1
BRDA:330,54,1,1
BRDA:334,55,0,0
BRDA:334,55,1,0
BRDA:334,55,2,0
BRDA:337,56,0,0
BRDA:337,56,1,1
BRDA:351,57,0,2
BRDA:351,57,1,2
BRDA:353,58,0,0
BRDA:353,58,1,0
BRDA:353,58,2,0
BRDA:355,59,0,2
BRDA:355,59,1,0
BRDA:374,60,0,0
BRDA:374,60,1,8
BRDA:382,61,0,0
BRDA:382,61,1,8
BRF:126
BRH:88
end_of_record
TN:
SF:src/hooks.ts
FN:30,timingSafeEqual
FN:50,getAnswerTimeoutMs
FN:108,hookToUIState
FN:134,extractQuestionText
FN:155,registerHookRoutes
FN:159,(anonymous_5)
FNF:6
FNH:6
FNDA:7,timingSafeEqual
FNDA:15,getAnswerTimeoutMs
FNDA:149,hookToUIState
FNDA:16,extractQuestionText
FNDA:206,registerHookRoutes
FNDA:169,(anonymous_5)
DA:31,7
DA:32,6
DA:33,6
DA:35,1
DA:39,15
DA:42,15
DA:45,15
DA:47,15
DA:48,15
DA:51,15
DA:52,15
DA:53,14
DA:54,13
DA:58,15
DA:61,15
DA:64,15
DA:96,15
DA:109,149
DA:113,34
DA:115,4
DA:123,57
DA:124,4
DA:125,27
DA:126,2
DA:128,1
DA:129,20
DA:135,16
DA:136,15
DA:137,15
DA:138,13
DA:139,13
DA:156,206
DA:160,169
DA:162,169
DA:163,5
DA:165,164
DA:167,169
DA:168,3
DA:171,161
DA:172,2
DA:175,159
DA:176,159
DA:177,3
DA:180,156
DA:181,156
DA:182,156
DA:183,156
DA:184,2
DA:186,154
DA:187,2
DA:189,154
DA:190,169
DA:191,2
DA:195,152
DA:196,169
DA:197,1
DA:199,151
DA:202,151
DA:203,4
DA:204,4
DA:205,4
DA:211,147
DA:212,3
DA:213,3
DA:214,3
DA:223,149
DA:224,3
DA:236,149
DA:237,10
DA:241,149
DA:242,16
DA:246,149
DA:247,8
DA:251,149
DA:254,149
DA:255,3
DA:259,149
DA:260,27
DA:261,27
DA:262,5
DA:263,5
DA:269,149
DA:270,149
DA:275,169
DA:276,4
DA:277,4
DA:278,2
DA:282,149
DA:283,149
DA:286,149
DA:287,73
DA:290,3
DA:291,3
DA:292,1
DA:293,1
DA:294,1
DA:296,2
DA:298,3
DA:302,19
DA:303,19
DA:305,4
DA:306,4
DA:308,2
DA:309,2
DA:311,3
DA:312,3
DA:314,3
DA:315,3
DA:317,3
DA:318,3
DA:320,1
DA:321,1
DA:323,25
DA:325,25
DA:331,149
DA:332,58
DA:333,58
DA:335,58
DA:337,31
DA:338,16
DA:339,16
DA:340,16
DA:343,16
DA:350,16
DA:352,16
DA:354,16
DA:355,7
DA:356,7
DA:366,9
DA:369,24
DA:370,3
DA:375,3
DA:376,1
DA:382,1
DA:391,2
DA:392,1
DA:393,1
DA:399,1
DA:409,22
DA:417,27
DA:420,27
DA:421,27
DA:422,16
DA:423,16
DA:433,11
DA:434,11
DA:441,11
DA:442,27
DA:444,27
DA:452,0
DA:456,91
LF:151
LH:150
BRDA:31,0,0,1
BRDA:31,0,1,6
BRDA:31,1,0,7
BRDA:31,1,1,6
BRDA:52,2,0,1
BRDA:52,2,1,14
BRDA:53,3,0,1
BRDA:53,3,1,13
BRDA:109,4,0,26
BRDA:109,4,1,28
BRDA:109,4,2,30
BRDA:109,4,3,34
BRDA:109,4,4,2
BRDA:109,4,5,4
BRDA:109,4,6,31
BRDA:109,4,7,35
BRDA:109,4,8,38
BRDA:109,4,9,41
BRDA:109,4,10,44
BRDA:109,4,11,47
BRDA:109,4,12,54
BRDA:109,4,13,57
BRDA:109,4,14,4
BRDA:109,4,15,27
BRDA:109,4,16,2
BRDA:109,4,17,1
BRDA:109,4,18,20
BRDA:135,5,0,1
BRDA:135,5,1,15
BRDA:137,6,0,2
BRDA:137,6,1,13
BRDA:137,7,0,15
BRDA:137,7,1,14
BRDA:137,7,2,14
BRDA:139,8,0,13
BRDA:139,8,1,0
BRDA:162,9,0,5
BRDA:162,9,1,164
BRDA:165,10,0,164
BRDA:165,10,1,137
BRDA:167,11,0,3
BRDA:167,11,1,166
BRDA:171,12,0,2
BRDA:171,12,1,159
BRDA:176,13,0,3
BRDA:176,13,1,156
BRDA:183,14,0,2
BRDA:183,14,1,154
BRDA:183,15,0,156
BRDA:183,15,1,3
BRDA:186,16,0,2
BRDA:186,16,1,152
BRDA:186,17,0,154
BRDA:186,17,1,153
BRDA:189,18,0,154
BRDA:189,18,1,150
BRDA:190,19,0,2
BRDA:190,19,1,167
BRDA:190,20,0,169
BRDA:190,20,1,7
BRDA:195,21,0,152
BRDA:195,21,1,2
BRDA:196,22,0,1
BRDA:196,22,1,168
BRDA:202,23,0,4
BRDA:202,23,1,147
BRDA:203,24,0,4
BRDA:203,24,1,3
BRDA:203,24,2,2
BRDA:211,25,0,3
BRDA:211,25,1,144
BRDA:212,26,0,3
BRDA:212,26,1,2
BRDA:223,27,0,3
BRDA:223,27,1,146
BRDA:229,28,0,3
BRDA:229,28,1,1
BRDA:230,29,0,3
BRDA:230,29,1,2
BRDA:236,30,0,10
BRDA:236,30,1,139
BRDA:236,31,0,149
BRDA:236,31,1,142
BRDA:241,32,0,16
BRDA:241,32,1,133
BRDA:246,33,0,8
BRDA:246,33,1,141
BRDA:246,34,0,149
BRDA:246,34,1,145
BRDA:254,35,0,3
BRDA:254,35,1,146
BRDA:259,36,0,27
BRDA:259,36,1,122
BRDA:261,37,0,5
BRDA:261,37,1,22
BRDA:261,38,0,27
BRDA:261,38,1,11
BRDA:270,39,0,5
BRDA:270,39,1,144
BRDA:275,40,0,4
BRDA:275,40,1,165
BRDA:275,41,0,169
BRDA:275,41,1,5
BRDA:277,42,0,2
BRDA:277,42,1,2
BRDA:286,43,0,73
BRDA:286,43,1,76
BRDA:286,44,0,149
BRDA:286,44,1,129
BRDA:287,45,0,3
BRDA:287,45,1,15
BRDA:287,45,2,19
BRDA:287,45,3,4
BRDA:287,45,4,2
BRDA:287,45,5,3
BRDA:287,45,6,3
BRDA:287,45,7,3
BRDA:287,45,8,1
BRDA:287,45,9,25
BRDA:291,46,0,1
BRDA:291,46,1,2
BRDA:293,47,0,1
BRDA:293,47,1,0
BRDA:317,48,0,3
BRDA:317,48,1,2
BRDA:320,49,0,1
BRDA:320,49,1,1
BRDA:324,50,0,25
BRDA:324,50,1,1
BRDA:331,51,0,58
BRDA:331,51,1,91
BRDA:332,52,0,58
BRDA:332,52,1,26
BRDA:333,53,0,58
BRDA:333,53,1,32
BRDA:335,54,0,31
BRDA:335,54,1,27
BRDA:337,55,0,16
BRDA:337,55,1,15
BRDA:339,56,0,16
BRDA:339,56,1,1
BRDA:354,57,0,7
BRDA:354,57,1,9
BRDA:369,58,0,3
BRDA:369,58,1,21
BRDA:375,59,0,1
BRDA:375,59,1,2
BRDA:391,60,0,1
BRDA:391,60,1,1
BRDA:417,61,0,27
BRDA:417,61,1,0
BRDA:420,62,0,27
BRDA:420,62,1,0
BRDA:421,63,0,16
BRDA:421,63,1,11
BRDA:441,64,0,8
BRDA:441,64,1,3
BRF:157
BRH:153
end_of_record
TN:
SF:src/jsonl-watcher.ts
FN:70,(anonymous_0)
FN:75,(anonymous_1)
FN:77,(anonymous_2)
FN:86,(anonymous_3)
FN:101,(anonymous_4)
FN:118,(anonymous_5)
FN:136,(anonymous_6)
FN:151,(anonymous_7)
FN:166,(anonymous_8)
FN:174,(anonymous_9)
FN:179,(anonymous_10)
FN:184,(anonymous_11)
FN:192,(anonymous_12)
FN:211,(anonymous_13)
FN:227,(anonymous_14)
FN:235,(anonymous_15)
FN:242,(anonymous_16)
FNF:17
FNH:15
FNDA:16,(anonymous_0)
FNDA:12,(anonymous_1)
FNDA:10,(anonymous_2)
FNDA:22,(anonymous_3)
FNDA:11,(anonymous_4)
FNDA:5,(anonymous_5)
FNDA:18,(anonymous_6)
FNDA:0,(anonymous_7)
FNDA:0,(anonymous_8)
FNDA:13,(anonymous_9)
FNDA:2,(anonymous_10)
FNDA:15,(anonymous_11)
FNDA:5,(anonymous_12)
FNDA:4,(anonymous_13)
FNDA:10,(anonymous_14)
FNDA:9,(anonymous_15)
FNDA:9,(anonymous_16)
DA:35,3
DA:66,16
DA:67,16
DA:71,16
DA:76,12
DA:77,12
DA:78,10
DA:79,10
DA:89,22
DA:90,2
DA:91,2
DA:92,0
DA:93,0
DA:95,2
DA:96,2
DA:99,22
DA:101,21
DA:103,11
DA:104,1
DA:106,1
DA:107,1
DA:110,0
DA:111,0
DA:115,10
DA:118,21
DA:119,5
DA:121,5
DA:124,21
DA:137,18
DA:138,18
DA:140,15
DA:141,1
DA:143,15
DA:144,0
DA:146,15
DA:147,15
DA:152,0
DA:153,0
DA:154,0
DA:156,0
DA:157,0
DA:159,0
DA:161,0
DA:162,0
DA:167,0
DA:168,0
DA:169,0
DA:175,13
DA:180,2
DA:185,15
DA:186,12
DA:188,15
DA:193,5
DA:194,5
DA:196,5
DA:197,1
DA:200,1
DA:201,1
DA:204,4
DA:205,4
DA:207,4
DA:211,4
DA:212,4
DA:213,4
DA:215,4
DA:216,4
DA:217,4
DA:219,4
DA:220,4
DA:221,4
DA:228,10
DA:229,10
DA:231,10
DA:232,0
DA:235,10
DA:236,9
DA:237,9
DA:244,9
DA:245,9
DA:246,0
DA:247,0
DA:250,9
DA:251,9
DA:252,9
DA:253,9
DA:255,9
DA:257,9
DA:260,9
DA:268,9
DA:269,9
LF:90
LH:71
BRDA:79,0,0,10
BRDA:79,0,1,0
BRDA:89,1,0,2
BRDA:89,1,1,20
BRDA:91,2,0,0
BRDA:91,2,1,2
BRDA:99,3,0,1
BRDA:99,3,1,21
BRDA:103,4,0,1
BRDA:103,4,1,10
BRDA:104,5,0,1
BRDA:104,5,1,0
BRDA:138,6,0,3
BRDA:138,6,1,15
BRDA:140,7,0,1
BRDA:140,7,1,14
BRDA:143,8,0,0
BRDA:143,8,1,15
BRDA:153,9,0,0
BRDA:153,9,1,0
BRDA:156,10,0,0
BRDA:156,10,1,0
BRDA:168,11,0,0
BRDA:168,11,1,0
BRDA:194,12,0,0
BRDA:194,12,1,5
BRDA:196,13,0,1
BRDA:196,13,1,4
BRDA:220,14,0,4
BRDA:220,14,1,0
BRDA:229,15,0,0
BRDA:229,15,1,10
BRDA:231,16,0,0
BRDA:231,16,1,10
BRDA:244,17,0,0
BRDA:244,17,1,9
BRDA:245,18,0,0
BRDA:245,18,1,9
BRDA:255,19,0,9
BRDA:255,19,1,0
BRDA:255,20,0,9
BRDA:255,20,1,0
BRF:42
BRH:24
end_of_record
TN:
SF:src/logger.ts
FN:39,(anonymous_0)
FN:40,(anonymous_1)
FN:41,(anonymous_2)
FN:46,setStructuredLogSink
FN:55,(anonymous_4)
FN:57,(anonymous_5)
FN:61,(anonymous_6)
FN:65,(anonymous_7)
FN:69,(anonymous_8)
FNF:9
FNH:9
FNDA:3,(anonymous_0)
FNDA:32,(anonymous_1)
FNDA:8,(anonymous_2)
FNDA:10,setStructuredLogSink
FNDA:12,(anonymous_4)
FNDA:7,(anonymous_5)
FNDA:33,(anonymous_6)
FNDA:8,(anonymous_7)
FNDA:48,(anonymous_8)
DA:38,11
DA:39,3
DA:40,32
DA:41,8
DA:44,11
DA:47,10
DA:55,12
DA:58,7
DA:62,33
DA:66,8
DA:70,48
DA:71,48
DA:72,48
DA:83,48
DA:84,8
DA:85,40
DA:86,33
DA:88,7
DA:91,48
DA:105,11
LF:20
LH:20
BRDA:48,0,0,10
BRDA:48,0,1,8
BRDA:49,1,0,10
BRDA:49,1,1,8
BRDA:50,2,0,10
BRDA:50,2,1,8
BRDA:55,3,0,12
BRDA:83,4,0,8
BRDA:83,4,1,40
BRDA:85,5,0,33
BRDA:85,5,1,7
BRF:11
BRH:11
end_of_record
TN:
SF:src/mcp-server.ts
FNF:0
FNH:0
LF:0
LH:0
BRF:0
BRH:0
end_of_record
TN:
SF:src/memory-bridge.ts
FN:13,isMemoryEntry
FN:35,(anonymous_1)
FN:39,(anonymous_2)
FN:57,(anonymous_3)
FN:67,(anonymous_4)
FN:73,(anonymous_5)
FN:75,(anonymous_6)
FN:79,(anonymous_7)
FN:82,(anonymous_8)
FN:91,(anonymous_9)
FN:112,(anonymous_10)
FN:126,(anonymous_11)
FN:128,(anonymous_12)
FN:138,(anonymous_13)
FN:140,(anonymous_14)
FN:148,(anonymous_15)
FNF:16
FNH:14
FNDA:4,isMemoryEntry
FNDA:19,(anonymous_1)
FNDA:17,(anonymous_2)
FNDA:11,(anonymous_3)
FNDA:2,(anonymous_4)
FNDA:4,(anonymous_5)
FNDA:6,(anonymous_6)
FNDA:3,(anonymous_7)
FNDA:1,(anonymous_8)
FNDA:4,(anonymous_9)
FNDA:3,(anonymous_10)
FNDA:15,(anonymous_11)
FNDA:1,(anonymous_12)
FNDA:0,(anonymous_13)
FNDA:0,(anonymous_14)
FNDA:15,(anonymous_15)
DA:14,4
DA:15,4
DA:16,4
DA:17,3
DA:18,2
DA:19,2
DA:20,2
DA:21,2
DA:22,2
DA:25,3
DA:26,3
DA:27,3
DA:30,19
DA:31,19
DA:32,19
DA:33,19
DA:35,19
DA:36,19
DA:40,17
DA:41,16
DA:42,16
DA:43,14
DA:44,14
DA:45,14
DA:46,14
DA:52,17
DA:53,17
DA:54,17
DA:58,11
DA:59,11
DA:60,7
DA:61,1
DA:62,1
DA:64,6
DA:68,2
DA:69,2
DA:70,2
DA:74,4
DA:75,4
DA:76,6
DA:78,4
DA:79,3
DA:83,1
DA:84,1
DA:85,3
DA:86,3
DA:88,1
DA:92,4
DA:94,4
DA:95,4
DA:97,1
DA:98,1
DA:99,0
DA:100,0
DA:103,3
DA:104,3
DA:105,2
DA:106,2
DA:107,4
DA:108,2
DA:113,3
DA:114,2
DA:115,2
DA:116,2
DA:117,2
DA:118,1
DA:120,1
DA:121,1
DA:122,1
DA:127,15
DA:128,9
DA:129,1
DA:130,1
DA:131,1
DA:139,0
DA:140,0
DA:141,0
DA:142,0
DA:143,0
DA:149,15
DA:150,15
LF:81
LH:74
BRDA:14,0,0,0
BRDA:14,0,1,4
BRDA:14,1,0,4
BRDA:14,1,1,4
BRDA:14,1,2,4
BRDA:16,2,0,1
BRDA:16,2,1,3
BRDA:17,3,0,1
BRDA:17,3,1,2
BRDA:18,4,0,0
BRDA:18,4,1,2
BRDA:19,5,0,0
BRDA:19,5,1,2
BRDA:20,6,0,0
BRDA:20,6,1,2
BRDA:21,7,0,0
BRDA:21,7,1,2
BRDA:21,8,0,2
BRDA:21,8,1,0
BRDA:35,9,0,19
BRDA:35,10,0,19
BRDA:40,11,0,1
BRDA:40,11,1,16
BRDA:42,12,0,2
BRDA:42,12,1,14
BRDA:44,13,0,0
BRDA:44,13,1,14
BRDA:48,14,0,1
BRDA:48,14,1,13
BRDA:50,15,0,1
BRDA:50,15,1,13
BRDA:59,16,0,4
BRDA:59,16,1,7
BRDA:60,17,0,1
BRDA:60,17,1,6
BRDA:60,18,0,7
BRDA:60,18,1,2
BRDA:69,19,0,1
BRDA:69,19,1,1
BRDA:76,20,0,6
BRDA:76,20,1,0
BRDA:78,21,0,3
BRDA:78,21,1,1
BRDA:86,22,0,2
BRDA:86,22,1,1
BRDA:92,23,0,0
BRDA:92,23,1,4
BRDA:98,24,0,1
BRDA:98,24,1,0
BRDA:104,25,0,1
BRDA:104,25,1,2
BRDA:105,26,0,0
BRDA:105,26,1,2
BRDA:107,27,0,2
BRDA:107,27,1,2
BRDA:113,28,0,1
BRDA:113,28,1,2
BRDA:127,29,0,6
BRDA:127,29,1,9
BRDA:139,30,0,0
BRDA:139,30,1,0
BRDA:143,31,0,0
BRDA:143,31,1,0
BRDA:143,32,0,0
BRDA:143,32,1,0
BRDA:149,33,0,0
BRDA:149,33,1,15
BRDA:150,34,0,7
BRDA:150,34,1,8
BRF:69
BRH:51
end_of_record
TN:
SF:src/memory-routes.ts
FN:12,registerMemoryRoutes
FN:14,(anonymous_1)
FN:32,(anonymous_2)
FN:40,(anonymous_3)
FN:47,(anonymous_4)
FN:57,(anonymous_5)
FN:73,(anonymous_6)
FN:92,(anonymous_7)
FNF:8
FNH:0
FNDA:0,registerMemoryRoutes
FNDA:0,(anonymous_1)
FNDA:0,(anonymous_2)
FNDA:0,(anonymous_3)
FNDA:0,(anonymous_4)
FNDA:0,(anonymous_5)
FNDA:0,(anonymous_6)
FNDA:0,(anonymous_7)
DA:6,2
DA:14,0
DA:15,0
DA:16,0
DA:17,0
DA:19,0
DA:20,0
DA:21,0
DA:22,0
DA:24,0
DA:25,0
DA:26,0
DA:27,0
DA:32,0
DA:33,0
DA:34,0
DA:35,0
DA:36,0
DA:40,0
DA:41,0
DA:42,0
DA:43,0
DA:47,0
DA:48,0
DA:49,0
DA:50,0
DA:51,0
DA:55,0
DA:57,0
DA:58,0
DA:59,0
DA:60,0
DA:62,0
DA:63,0
DA:67,0
DA:73,0
DA:74,0
DA:75,0
DA:76,0
DA:77,0
DA:78,0
DA:79,0
DA:80,0
DA:81,0
DA:82,0
DA:84,0
DA:85,0
DA:86,0
DA:87,0
DA:92,0
DA:93,0
DA:94,0
DA:95,0
DA:96,0
LF:54
LH:1
BRDA:15,0,0,0
BRDA:15,0,1,0
BRDA:16,1,0,0
BRDA:16,1,1,0
BRDA:24,2,0,0
BRDA:24,2,1,0
BRDA:25,3,0,0
BRDA:25,3,1,0
BRDA:26,4,0,0
BRDA:26,4,1,0
BRDA:35,5,0,0
BRDA:35,5,1,0
BRDA:50,6,0,0
BRDA:50,6,1,0
BRDA:59,7,0,0
BRDA:59,7,1,0
BRDA:59,8,0,0
BRDA:59,8,1,0
BRDA:75,9,0,0
BRDA:75,9,1,0
BRDA:76,10,0,0
BRDA:76,10,1,0
BRDA:77,11,0,0
BRDA:77,11,1,0
BRDA:84,12,0,0
BRDA:84,12,1,0
BRDA:85,13,0,0
BRDA:85,13,1,0
BRDA:86,14,0,0
BRDA:86,14,1,0
BRDA:94,15,0,0
BRDA:94,15,1,0
BRF:32
BRH:0
end_of_record
TN:
SF:src/metrics.ts
FN:122,(anonymous_0)
FN:138,(anonymous_1)
FN:140,(anonymous_2)
FN:152,(anonymous_3)
FN:160,(anonymous_4)
FN:170,(anonymous_5)
FN:176,(anonymous_6)
FN:183,(anonymous_7)
FN:191,(anonymous_8)
FN:198,(anonymous_9)
FN:205,(anonymous_10)
FN:214,(anonymous_11)
FN:219,(anonymous_12)
FN:220,(anonymous_13)
FN:221,(anonymous_14)
FN:222,(anonymous_15)
FN:223,(anonymous_16)
FN:225,(anonymous_17)
FN:238,(anonymous_18)
FN:261,(anonymous_19)
FN:270,(anonymous_20)
FN:277,(anonymous_21)
FN:282,(anonymous_22)
FN:287,(anonymous_23)
FN:292,(anonymous_24)
FN:297,(anonymous_25)
FN:313,(anonymous_26)
FN:331,(anonymous_27)
FN:343,(anonymous_28)
FN:348,(anonymous_29)
FN:354,(anonymous_30)
FN:416,(anonymous_31)
FN:420,(anonymous_32)
FNF:33
FNH:29
FNDA:56,(anonymous_0)
FNDA:50,(anonymous_1)
FNDA:6,(anonymous_2)
FNDA:4,(anonymous_3)
FNDA:34,(anonymous_4)
FNDA:3,(anonymous_5)
FNDA:2,(anonymous_6)
FNDA:5,(anonymous_7)
FNDA:7,(anonymous_8)
FNDA:2,(anonymous_9)
FNDA:4,(anonymous_10)
FNDA:2,(anonymous_11)
FNDA:3,(anonymous_12)
FNDA:1,(anonymous_13)
FNDA:0,(anonymous_14)
FNDA:0,(anonymous_15)
FNDA:0,(anonymous_16)
FNDA:8,(anonymous_17)
FNDA:0,(anonymous_18)
FNDA:166,(anonymous_19)
FNDA:166,(anonymous_20)
FNDA:159,(anonymous_21)
FNDA:2,(anonymous_22)
FNDA:3,(anonymous_23)
FNDA:2,(anonymous_24)
FNDA:36,(anonymous_25)
FNDA:80,(anonymous_26)
FNDA:11,(anonymous_27)
FNDA:1,(anonymous_28)
FNDA:3,(anonymous_29)
FNDA:20,(anonymous_30)
FNDA:9,(anonymous_31)
FNDA:8,(anonymous_32)
DA:87,56
DA:104,56
DA:105,56
DA:106,56
DA:107,56
DA:110,56
DA:116,56
DA:123,0
DA:124,0
DA:125,0
DA:126,0
DA:127,0
DA:129,0
DA:130,0
DA:138,50
DA:141,6
DA:142,4
DA:143,4
DA:144,4
DA:145,4
DA:146,4
DA:153,4
DA:154,4
DA:155,0
DA:157,4
DA:161,34
DA:162,34
DA:163,34
DA:164,34
DA:171,3
DA:172,3
DA:173,3
DA:177,2
DA:178,2
DA:179,2
DA:184,5
DA:185,5
DA:186,5
DA:187,5
DA:192,7
DA:193,7
DA:194,7
DA:195,7
DA:199,2
DA:200,2
DA:201,2
DA:202,2
DA:206,4
DA:207,4
DA:208,4
DA:209,4
DA:210,4
DA:215,2
DA:216,2
DA:219,3
DA:220,1
DA:221,0
DA:222,0
DA:223,0
DA:226,8
DA:227,8
DA:228,8
DA:229,5
DA:230,5
DA:232,3
DA:233,3
DA:239,0
DA:240,0
DA:241,0
DA:242,0
DA:243,0
DA:251,0
DA:252,0
DA:253,0
DA:254,0
DA:255,0
DA:262,166
DA:263,166
DA:264,11
DA:265,11
DA:267,166
DA:271,166
DA:272,166
DA:273,50
DA:278,159
DA:279,159
DA:283,2
DA:284,2
DA:288,3
DA:289,3
DA:293,2
DA:294,2
DA:298,36
DA:299,27
DA:301,9
DA:302,9
DA:303,9
DA:304,9
DA:305,113
DA:306,113
DA:307,113
DA:309,9
DA:316,80
DA:317,80
DA:318,80
DA:319,8
DA:320,8
DA:321,3
DA:322,3
DA:323,3
DA:324,3
DA:327,80
DA:328,2
DA:332,11
DA:333,11
DA:334,9
DA:344,1
DA:349,3
DA:350,3
DA:351,3
DA:355,20
DA:360,20
DA:361,20
DA:362,20
DA:363,13
DA:364,3
DA:366,10
DA:367,10
DA:368,10
DA:372,20
DA:376,20
DA:379,20
DA:380,20
DA:381,20
DA:382,20
DA:384,20
DA:417,9
DA:421,8
LF:138
LH:117
BRDA:124,0,0,0
BRDA:124,0,1,0
BRDA:126,1,0,0
BRDA:126,1,1,0
BRDA:127,2,0,0
BRDA:127,2,1,0
BRDA:141,3,0,4
BRDA:141,3,1,2
BRDA:145,4,0,4
BRDA:145,4,1,0
BRDA:145,5,0,4
BRDA:145,5,1,4
BRDA:154,6,0,0
BRDA:154,6,1,4
BRDA:186,7,0,5
BRDA:186,7,1,0
BRDA:186,8,0,5
BRDA:186,8,1,5
BRDA:195,9,0,7
BRDA:195,9,1,0
BRDA:202,10,0,2
BRDA:202,10,1,0
BRDA:205,11,0,4
BRDA:206,12,0,3
BRDA:206,12,1,1
BRDA:208,13,0,4
BRDA:208,13,1,0
BRDA:210,14,0,3
BRDA:210,14,1,1
BRDA:216,15,0,2
BRDA:216,15,1,0
BRDA:228,16,0,5
BRDA:228,16,1,3
BRDA:240,17,0,0
BRDA:240,17,1,0
BRDA:242,18,0,0
BRDA:242,18,1,0
BRDA:263,19,0,11
BRDA:263,19,1,155
BRDA:272,20,0,50
BRDA:272,20,1,116
BRDA:298,21,0,27
BRDA:298,21,1,9
BRDA:305,22,0,0
BRDA:305,22,1,113
BRDA:306,23,0,104
BRDA:306,23,1,9
BRDA:321,24,0,2
BRDA:321,24,1,1
BRDA:321,25,0,3
BRDA:321,25,1,1
BRDA:322,26,0,3
BRDA:322,26,1,0
BRDA:322,27,0,3
BRDA:322,27,1,1
BRDA:327,28,0,78
BRDA:327,28,1,2
BRDA:333,29,0,2
BRDA:333,29,1,9
BRDA:355,30,0,8
BRDA:355,30,1,12
BRDA:363,31,0,3
BRDA:363,31,1,10
BRDA:367,32,0,10
BRDA:367,32,1,0
BRDA:372,33,0,7
BRDA:372,33,1,13
BRDA:404,34,0,4
BRDA:404,34,1,16
BRDA:417,35,0,9
BRDA:417,35,1,1
BRF:71
BRH:51
end_of_record
TN:
SF:src/monitor.ts
FN:66,signalFromExitCode
FN:79,(anonymous_1)
FN:84,(anonymous_2)
FN:90,(anonymous_3)
FN:95,(anonymous_4)
FN:100,(anonymous_5)
FN:136,(anonymous_6)
FN:145,(anonymous_7)
FN:155,(anonymous_8)
FN:160,(anonymous_9)
FN:165,(anonymous_10)
FN:167,(anonymous_11)
FN:172,(anonymous_12)
FN:178,(anonymous_13)
FN:182,(anonymous_14)
FN:186,(anonymous_15)
FN:209,(anonymous_16)
FN:221,(anonymous_17)
FN:266,(anonymous_18)
FN:278,(anonymous_19)
FN:484,(anonymous_20)
FN:582,(anonymous_21)
FN:595,(anonymous_22)
FN:626,(anonymous_23)
FN:665,(anonymous_24)
FN:670,(anonymous_25)
FN:684,(anonymous_26)
FN:712,(anonymous_27)
FN:789,(anonymous_28)
FN:803,(anonymous_29)
FN:892,(anonymous_30)
FN:959,(anonymous_31)
FN:985,(anonymous_32)
FN:992,sleep
FN:993,(anonymous_34)
FNF:35
FNH:34
FNDA:22,signalFromExitCode
FNDA:56,(anonymous_1)
FNDA:56,(anonymous_2)
FNDA:93,(anonymous_3)
FNDA:47,(anonymous_4)
FNDA:2,(anonymous_5)
FNDA:116,(anonymous_6)
FNDA:9,(anonymous_7)
FNDA:7,(anonymous_8)
FNDA:1,(anonymous_9)
FNDA:6,(anonymous_10)
FNDA:4,(anonymous_11)
FNDA:1,(anonymous_12)
FNDA:0,(anonymous_13)
FNDA:2,(anonymous_14)
FNDA:1,(anonymous_15)
FNDA:4,(anonymous_16)
FNDA:6,(anonymous_17)
FNDA:57,(anonymous_18)
FNDA:7,(anonymous_19)
FNDA:3,(anonymous_20)
FNDA:8,(anonymous_21)
FNDA:4,(anonymous_22)
FNDA:9,(anonymous_23)
FNDA:5,(anonymous_24)
FNDA:3,(anonymous_25)
FNDA:7,(anonymous_26)
FNDA:5,(anonymous_27)
FNDA:65,(anonymous_28)
FNDA:33,(anonymous_29)
FNDA:12,(anonymous_30)
FNDA:38,(anonymous_31)
FNDA:6,(anonymous_32)
FNDA:4,sleep
FNDA:4,(anonymous_34)
DA:40,9
DA:42,9
DA:54,9
DA:67,22
DA:68,0
DA:72,125
DA:73,125
DA:74,125
DA:76,125
DA:80,56
DA:85,56
DA:86,56
DA:91,93
DA:96,47
DA:101,2
DA:102,2
DA:103,4
DA:105,125
DA:106,125
DA:107,125
DA:108,125
DA:109,125
DA:110,125
DA:112,125
DA:113,125
DA:114,125
DA:115,125
DA:117,125
DA:119,125
DA:121,125
DA:122,125
DA:123,125
DA:128,125
DA:137,116
DA:138,116
DA:139,116
DA:141,116
DA:146,9
DA:156,7
DA:161,1
DA:166,6
DA:167,6
DA:168,4
DA:173,1
DA:174,1
DA:175,1
DA:179,0
DA:183,2
DA:187,1
DA:188,4
DA:189,4
DA:191,0
DA:200,4
DA:201,4
DA:210,4
DA:211,4
DA:212,3
DA:213,3
DA:215,0
DA:218,4
DA:222,6
DA:227,6
DA:228,4
DA:229,4
DA:232,6
DA:233,5
DA:235,5
DA:236,0
DA:238,5
DA:240,0
DA:245,6
DA:246,3
DA:247,3
DA:248,3
DA:252,6
DA:253,3
DA:254,3
DA:267,57
DA:268,58
DA:269,58
DA:273,58
DA:274,48
DA:275,48
DA:276,16
DA:277,32
DA:278,7
DA:279,4
DA:280,2
DA:282,2
DA:288,58
DA:290,22
DA:291,1
DA:294,21
DA:295,21
DA:297,21
DA:298,3
DA:299,3
DA:302,18
DA:303,6
DA:304,6
DA:305,6
DA:307,12
DA:308,12
DA:312,12
DA:313,12
DA:315,12
DA:317,0
DA:318,0
DA:319,0
DA:320,0
DA:321,0
DA:323,0
DA:324,0
DA:330,12
DA:331,4
DA:332,4
DA:333,4
DA:335,4
DA:336,4
DA:344,36
DA:345,36
DA:349,54
DA:350,15
DA:351,15
DA:352,15
DA:353,12
DA:354,10
DA:355,10
DA:356,10
DA:358,10
DA:359,10
DA:365,15
DA:366,6
DA:367,5
DA:368,5
DA:369,5
DA:376,5
DA:377,5
DA:378,4
DA:379,4
DA:380,5
DA:384,1
DA:397,54
DA:398,5
DA:399,5
DA:400,5
DA:401,4
DA:402,3
DA:403,3
DA:404,3
DA:406,3
DA:407,3
DA:415,54
DA:416,26
DA:417,26
DA:418,26
DA:419,26
DA:420,11
DA:421,9
DA:422,9
DA:423,9
DA:425,9
DA:426,9
DA:435,54
DA:436,18
DA:437,18
DA:438,18
DA:439,18
DA:440,18
DA:441,2
DA:442,2
DA:443,2
DA:445,2
DA:446,2
DA:454,54
DA:455,5
DA:456,5
DA:458,5
DA:459,2
DA:461,5
DA:462,2
DA:467,54
DA:468,9
DA:469,9
DA:471,9
DA:475,54
DA:476,53
DA:478,1
DA:486,3
DA:487,3
DA:488,3
DA:492,3
DA:494,0
DA:495,0
DA:496,0
DA:497,0
DA:498,0
DA:503,0
DA:505,0
DA:507,0
DA:508,0
DA:509,0
DA:516,0
DA:518,0
DA:519,0
DA:520,0
DA:524,0
DA:525,0
DA:526,0
DA:527,0
DA:528,0
DA:532,0
DA:533,0
DA:544,0
DA:545,0
DA:546,0
DA:547,0
DA:552,0
DA:553,0
DA:558,0
DA:561,0
DA:562,0
DA:571,0
DA:577,0
DA:583,8
DA:584,8
DA:587,8
DA:589,8
DA:591,6
DA:593,6
DA:595,7
DA:596,4
DA:607,6
DA:612,8
DA:613,8
DA:614,8
DA:615,8
DA:617,6
DA:618,6
DA:621,2
DA:629,9
DA:630,9
DA:633,9
DA:634,0
DA:635,0
DA:636,0
DA:641,9
DA:642,3
DA:643,2
DA:646,6
DA:648,6
DA:649,3
DA:654,9
DA:658,7
DA:659,7
DA:661,7
DA:662,7
DA:663,7
DA:665,7
DA:666,5
DA:668,5
DA:669,5
DA:670,3
DA:680,9
DA:681,9
DA:685,7
DA:693,7
DA:696,7
DA:697,0
DA:698,0
DA:701,7
DA:702,7
DA:705,7
DA:708,7
DA:709,6
DA:718,5
DA:720,5
DA:722,3
DA:727,3
DA:728,3
DA:729,0
DA:735,0
DA:736,0
DA:737,0
DA:742,0
DA:743,0
DA:750,0
DA:756,3
DA:760,2
DA:761,0
DA:762,0
DA:765,2
DA:766,1
DA:767,1
DA:769,1
DA:770,1
DA:771,1
DA:772,1
DA:776,1
DA:777,0
DA:778,0
DA:784,2
DA:785,0
DA:790,65
DA:806,33
DA:808,32
DA:809,32
DA:810,35
DA:812,32
DA:813,32
DA:814,31
DA:815,22
DA:816,22
DA:817,22
DA:818,22
DA:820,22
DA:821,22
DA:822,0
DA:823,0
DA:824,0
DA:825,0
DA:826,0
DA:827,0
DA:828,0
DA:829,0
DA:830,0
DA:831,0
DA:839,22
DA:845,22
DA:868,22
DA:870,22
DA:871,22
DA:873,22
DA:874,22
DA:878,22
DA:880,22
DA:882,22
DA:883,22
DA:885,2
DA:893,12
DA:894,9
DA:895,9
DA:896,9
DA:897,9
DA:899,0
DA:900,0
DA:903,9
DA:906,4
DA:907,4
DA:908,1
DA:914,1
DA:916,3
DA:917,2
DA:923,2
DA:925,2
DA:928,3
DA:932,5
DA:933,2
DA:938,2
DA:940,2
DA:941,2
DA:942,1
DA:948,1
DA:949,1
DA:961,38
DA:962,38
DA:963,38
DA:964,38
DA:965,38
DA:966,38
DA:968,38
DA:969,38
DA:970,12
DA:971,12
DA:974,38
DA:975,38
DA:976,38
DA:977,38
DA:978,38
DA:986,6
DA:987,6
DA:988,2
DA:993,4
LF:383
LH:309
BRDA:67,0,0,22
BRDA:67,0,1,0
BRDA:67,1,0,22
BRDA:67,1,1,0
BRDA:68,2,0,0
BRDA:68,2,1,0
BRDA:80,3,0,56
BRDA:80,3,1,25
BRDA:86,4,0,19
BRDA:86,4,1,37
BRDA:102,5,0,0
BRDA:102,5,1,2
BRDA:139,6,0,116
BRDA:173,7,0,0
BRDA:173,7,1,1
BRDA:195,8,0,0
BRDA:195,8,1,0
BRDA:200,9,0,0
BRDA:200,9,1,4
BRDA:213,10,0,3
BRDA:213,10,1,0
BRDA:215,11,0,0
BRDA:215,11,1,0
BRDA:227,12,0,4
BRDA:227,12,1,2
BRDA:235,13,0,0
BRDA:235,13,1,5
BRDA:235,14,0,5
BRDA:235,14,1,3
BRDA:235,14,2,0
BRDA:245,15,0,3
BRDA:245,15,1,3
BRDA:252,16,0,3
BRDA:252,16,1,3
BRDA:273,17,0,48
BRDA:273,17,1,10
BRDA:273,18,0,58
BRDA:273,18,1,57
BRDA:275,19,0,16
BRDA:275,19,1,32
BRDA:277,20,0,4
BRDA:277,20,1,28
BRDA:278,21,0,7
BRDA:278,21,1,4
BRDA:279,22,0,2
BRDA:279,22,1,2
BRDA:279,23,0,4
BRDA:279,23,1,3
BRDA:288,24,0,22
BRDA:288,24,1,36
BRDA:290,25,0,1
BRDA:290,25,1,21
BRDA:297,26,0,3
BRDA:297,26,1,18
BRDA:302,27,0,6
BRDA:302,27,1,12
BRDA:308,28,0,12
BRDA:308,28,1,10
BRDA:312,29,0,12
BRDA:312,29,1,12
BRDA:313,30,0,0
BRDA:313,30,1,12
BRDA:315,31,0,0
BRDA:315,31,1,12
BRDA:318,32,0,0
BRDA:318,32,1,0
BRDA:318,33,0,0
BRDA:318,33,1,0
BRDA:330,34,0,4
BRDA:330,34,1,8
BRDA:330,35,0,12
BRDA:330,35,1,5
BRDA:349,36,0,15
BRDA:349,36,1,39
BRDA:349,37,0,54
BRDA:349,37,1,42
BRDA:351,38,0,15
BRDA:351,38,1,0
BRDA:352,39,0,12
BRDA:352,39,1,3
BRDA:353,40,0,10
BRDA:353,40,1,2
BRDA:365,41,0,6
BRDA:365,41,1,9
BRDA:366,42,0,5
BRDA:366,42,1,1
BRDA:389,43,0,1
BRDA:389,43,1,0
BRDA:397,44,0,5
BRDA:397,44,1,49
BRDA:399,45,0,5
BRDA:399,45,1,0
BRDA:400,46,0,4
BRDA:400,46,1,1
BRDA:401,47,0,3
BRDA:401,47,1,1
BRDA:415,48,0,26
BRDA:415,48,1,28
BRDA:415,49,0,54
BRDA:415,49,1,53
BRDA:415,49,2,44
BRDA:417,50,0,26
BRDA:417,50,1,0
BRDA:419,51,0,11
BRDA:419,51,1,15
BRDA:420,52,0,9
BRDA:420,52,1,2
BRDA:435,53,0,18
BRDA:435,53,1,36
BRDA:437,54,0,18
BRDA:437,54,1,0
BRDA:437,55,0,18
BRDA:437,55,1,18
BRDA:440,56,0,2
BRDA:440,56,1,16
BRDA:440,57,0,18
BRDA:440,57,1,3
BRDA:454,58,0,5
BRDA:454,58,1,49
BRDA:454,59,0,54
BRDA:454,59,1,10
BRDA:455,60,0,5
BRDA:455,60,1,4
BRDA:458,61,0,2
BRDA:458,61,1,3
BRDA:461,62,0,2
BRDA:461,62,1,3
BRDA:467,63,0,9
BRDA:467,63,1,45
BRDA:475,64,0,53
BRDA:475,64,1,1
BRDA:488,65,0,0
BRDA:488,65,1,3
BRDA:492,66,0,3
BRDA:492,66,1,0
BRDA:497,67,0,0
BRDA:497,67,1,0
BRDA:508,68,0,0
BRDA:508,68,1,0
BRDA:516,69,0,0
BRDA:516,69,1,0
BRDA:519,70,0,0
BRDA:519,70,1,0
BRDA:524,71,0,0
BRDA:524,71,1,0
BRDA:532,72,0,0
BRDA:532,72,1,0
BRDA:539,73,0,0
BRDA:539,73,1,0
BRDA:540,74,0,0
BRDA:540,74,1,0
BRDA:541,75,0,0
BRDA:541,75,1,0
BRDA:544,76,0,0
BRDA:544,76,1,0
BRDA:545,77,0,0
BRDA:545,77,1,0
BRDA:545,78,0,0
BRDA:545,78,1,0
BRDA:552,79,0,0
BRDA:552,79,1,0
BRDA:552,79,2,0
BRDA:561,80,0,0
BRDA:561,80,1,0
BRDA:568,81,0,0
BRDA:568,81,1,0
BRDA:584,82,0,0
BRDA:584,82,1,8
BRDA:589,83,0,6
BRDA:589,83,1,2
BRDA:601,84,0,4
BRDA:601,84,1,0
BRDA:614,85,0,8
BRDA:614,85,1,0
BRDA:614,86,0,8
BRDA:614,86,1,6
BRDA:615,87,0,6
BRDA:615,87,1,2
BRDA:621,88,0,2
BRDA:621,88,1,1
BRDA:633,89,0,0
BRDA:633,89,1,9
BRDA:633,90,0,9
BRDA:633,90,1,6
BRDA:641,91,0,3
BRDA:641,91,1,6
BRDA:642,92,0,2
BRDA:642,92,1,1
BRDA:648,93,0,3
BRDA:648,93,1,3
BRDA:648,94,0,6
BRDA:648,94,1,6
BRDA:654,95,0,7
BRDA:654,95,1,2
BRDA:659,96,0,0
BRDA:659,96,1,7
BRDA:668,97,0,0
BRDA:668,97,1,5
BRDA:675,98,0,3
BRDA:675,98,1,0
BRDA:696,99,0,0
BRDA:696,99,1,7
BRDA:702,100,0,0
BRDA:702,100,1,7
BRDA:706,101,0,0
BRDA:706,101,1,1
BRDA:706,102,0,7
BRDA:706,102,1,1
BRDA:720,103,0,3
BRDA:720,103,1,2
BRDA:720,104,0,5
BRDA:720,104,1,2
BRDA:722,105,0,3
BRDA:722,105,1,0
BRDA:728,106,0,0
BRDA:728,106,1,3
BRDA:728,107,0,3
BRDA:728,107,1,0
BRDA:739,108,0,0
BRDA:739,108,1,0
BRDA:742,109,0,0
BRDA:742,109,1,0
BRDA:752,110,0,0
BRDA:752,110,1,0
BRDA:757,111,0,3
BRDA:757,111,1,0
BRDA:760,112,0,0
BRDA:760,112,1,2
BRDA:761,113,0,0
BRDA:761,113,1,0
BRDA:763,114,0,0
BRDA:763,114,1,0
BRDA:765,115,0,1
BRDA:765,115,1,1
BRDA:766,116,0,1
BRDA:766,116,1,0
BRDA:769,117,0,1
BRDA:769,117,1,0
BRDA:769,118,0,1
BRDA:769,118,1,1
BRDA:771,119,0,1
BRDA:771,119,1,0
BRDA:773,120,0,1
BRDA:773,120,1,0
BRDA:776,121,0,0
BRDA:776,121,1,1
BRDA:776,122,0,1
BRDA:776,122,1,0
BRDA:777,123,0,0
BRDA:777,123,1,0
BRDA:779,124,0,0
BRDA:779,124,1,0
BRDA:784,125,0,0
BRDA:784,125,1,2
BRDA:784,126,0,2
BRDA:784,126,1,0
BRDA:806,127,0,1
BRDA:806,127,1,32
BRDA:810,128,0,3
BRDA:810,128,1,32
BRDA:814,129,0,22
BRDA:814,129,1,9
BRDA:821,130,0,0
BRDA:821,130,1,22
BRDA:826,131,0,0
BRDA:826,131,1,0
BRDA:826,132,0,0
BRDA:826,132,1,0
BRDA:829,133,0,0
BRDA:829,133,1,0
BRDA:830,134,0,0
BRDA:830,134,1,0
BRDA:831,135,0,0
BRDA:831,135,1,0
BRDA:839,136,0,0
BRDA:839,136,1,22
BRDA:841,137,0,0
BRDA:841,137,1,22
BRDA:855,138,0,22
BRDA:855,138,1,19
BRDA:859,139,0,22
BRDA:859,139,1,0
BRDA:893,140,0,3
BRDA:893,140,1,9
BRDA:900,141,0,0
BRDA:900,141,1,0
BRDA:903,142,0,4
BRDA:903,142,1,5
BRDA:906,143,0,4
BRDA:906,143,1,0
BRDA:907,144,0,1
BRDA:907,144,1,3
BRDA:912,145,0,1
BRDA:912,145,1,0
BRDA:916,146,0,2
BRDA:916,146,1,1
BRDA:921,147,0,2
BRDA:921,147,1,0
BRDA:926,148,0,2
BRDA:926,148,1,0
BRDA:932,149,0,2
BRDA:932,149,1,3
BRDA:941,150,0,1
BRDA:941,150,1,1
BRDA:941,151,0,2
BRDA:941,151,1,1
BRDA:969,152,0,12
BRDA:969,152,1,26
BRDA:987,153,0,4
BRDA:987,153,1,2
BRDA:987,154,0,6
BRDA:987,154,1,3
BRF:312
BRH:197
end_of_record
TN:
SF:src/path-utils.ts
FN:12,computeProjectHash
FN:14,(anonymous_1)
FN:18,(anonymous_2)
FNF:3
FNH:3
FNDA:9,computeProjectHash
FNDA:3,(anonymous_1)
FNDA:34,(anonymous_2)
DA:13,9
DA:14,9
DA:15,9
DA:18,34
DA:20,9
DA:21,8
LF:6
LH:6
BRDA:20,0,0,1
BRDA:20,0,1,8
BRF:2
BRH:2
end_of_record
TN:
SF:src/permission-guard.ts
FN:34,workDirHash
FN:41,settingsPath
FN:46,projectSettingsPath
FN:51,userSettingsPath
FN:56,backupDirForWorkDir
FN:62,backupPath
FN:67,legacyBackupPath
FN:72,userBackupDir
FN:77,getAllSettingsLocations
FN:92,neutralizeOneFile
FN:127,neutralizeBypassPermissions
FN:142,restoreOneFile
FN:163,restoreSettings
FN:188,cleanOrphanedBackup
FNF:14
FNH:14
FNDA:75,workDirHash
FNDA:72,settingsPath
FNDA:51,projectSettingsPath
FNDA:52,userSettingsPath
FNDA:75,backupDirForWorkDir
FNDA:40,backupPath
FNDA:9,legacyBackupPath
FNDA:33,userBackupDir
FNDA:33,getAllSettingsLocations
FNDA:72,neutralizeOneFile
FNDA:24,neutralizeBypassPermissions
FNDA:18,restoreOneFile
FNDA:6,restoreSettings
FNDA:3,cleanOrphanedBackup
DA:29,16
DA:30,16
DA:31,16
DA:35,75
DA:42,72
DA:47,51
DA:52,52
DA:57,75
DA:58,75
DA:63,40
DA:68,9
DA:73,33
DA:78,33
DA:93,72
DA:95,31
DA:96,31
DA:97,31
DA:98,31
DA:99,30
DA:101,30
DA:102,72
DA:105,20
DA:106,20
DA:109,20
DA:110,20
DA:111,20
DA:113,20
DA:114,20
DA:116,1
DA:117,1
DA:128,24
DA:129,24
DA:131,24
DA:132,72
DA:133,72
DA:136,24
DA:143,18
DA:145,7
DA:146,7
DA:147,7
DA:148,7
DA:149,7
DA:150,7
DA:152,0
DA:153,0
DA:164,6
DA:166,6
DA:167,18
DA:171,6
DA:172,6
DA:173,0
DA:174,0
DA:175,0
DA:177,0
DA:189,3
DA:191,3
DA:192,9
DA:193,4
DA:194,4
DA:195,4
DA:196,4
DA:197,4
DA:199,0
DA:204,3
DA:205,3
DA:206,0
DA:207,0
DA:208,0
DA:210,0
LF:69
LH:58
BRDA:52,0,0,52
BRDA:52,0,1,1
BRDA:57,1,0,75
BRDA:57,1,1,0
BRDA:93,2,0,41
BRDA:93,2,1,31
BRDA:98,3,0,0
BRDA:98,3,1,31
BRDA:102,4,0,10
BRDA:102,4,1,62
BRDA:109,5,0,0
BRDA:109,5,1,20
BRDA:127,6,0,24
BRDA:128,7,0,24
BRDA:128,7,1,0
BRDA:133,8,0,20
BRDA:133,8,1,52
BRDA:143,9,0,11
BRDA:143,9,1,7
BRDA:164,10,0,6
BRDA:164,10,1,0
BRDA:172,11,0,0
BRDA:172,11,1,6
BRDA:189,12,0,3
BRDA:189,12,1,0
BRDA:192,13,0,5
BRDA:192,13,1,4
BRDA:205,14,0,0
BRDA:205,14,1,3
BRF:29
BRH:21
end_of_record
TN:
SF:src/permission-request-manager.ts
FN:13,(anonymous_0)
FN:19,(anonymous_1)
FN:20,(anonymous_2)
FN:30,(anonymous_3)
FN:34,(anonymous_4)
FN:39,(anonymous_5)
FN:48,(anonymous_6)
FNF:7
FNH:1
FNDA:0,(anonymous_0)
FNDA:0,(anonymous_1)
FNDA:0,(anonymous_2)
FNDA:0,(anonymous_3)
FNDA:0,(anonymous_4)
FNDA:0,(anonymous_5)
FNDA:4,(anonymous_6)
DA:11,30
DA:19,0
DA:20,0
DA:21,0
DA:22,0
DA:23,0
DA:26,0
DA:31,0
DA:35,0
DA:36,0
DA:40,0
DA:41,0
DA:42,0
DA:43,0
DA:44,0
DA:45,0
DA:49,4
DA:50,4
DA:51,0
DA:52,0
LF:20
LH:3
BRDA:15,0,0,0
BRDA:36,1,0,0
BRDA:36,1,1,0
BRDA:41,2,0,0
BRDA:41,2,1,0
BRDA:50,3,0,0
BRDA:50,3,1,4
BRF:7
BRH:1
end_of_record
TN:
SF:src/permission-routes.ts
FN:15,createPermissionHandler
FN:23,(anonymous_1)
FN:67,registerPermissionRoutes
FNF:3
FNH:3
FNDA:30,createPermissionHandler
FNDA:13,(anonymous_1)
FNDA:15,registerPermissionRoutes
DA:23,30
DA:25,13
DA:26,6
DA:27,6
DA:28,2
DA:33,11
DA:34,11
DA:35,10
DA:36,10
DA:37,2
DA:40,8
DA:41,8
DA:42,6
DA:44,2
DA:49,7
DA:50,13
DA:51,0
DA:55,7
DA:56,7
DA:57,1
DA:60,7
DA:62,1
DA:74,15
DA:75,30
DA:76,30
DA:77,30
LF:26
LH:25
BRDA:25,0,0,6
BRDA:25,0,1,7
BRDA:26,1,0,6
BRDA:26,1,1,6
BRDA:27,2,0,2
BRDA:27,2,1,4
BRDA:27,3,0,6
BRDA:27,3,1,3
BRDA:34,4,0,1
BRDA:34,4,1,10
BRDA:36,5,0,2
BRDA:36,5,1,8
BRDA:36,6,0,10
BRDA:36,6,1,9
BRDA:36,6,2,8
BRDA:36,6,3,4
BRDA:36,6,4,3
BRDA:41,7,0,6
BRDA:41,7,1,2
BRDA:49,8,0,0
BRDA:49,8,1,7
BRDA:50,9,0,0
BRDA:50,9,1,13
BRDA:51,10,0,0
BRDA:51,10,1,0
BRDA:56,11,0,1
BRDA:56,11,1,6
BRDA:56,12,0,7
BRDA:56,12,1,7
BRDA:62,13,0,1
BRDA:62,13,1,0
BRDA:71,14,0,15
BRF:32
BRH:27
end_of_record
TN:
SF:src/pipeline.ts
FN:95,(anonymous_0)
FN:104,(anonymous_1)
FN:106,(anonymous_2)
FN:149,(anonymous_3)
FN:153,(anonymous_4)
FN:173,(anonymous_5)
FN:195,(anonymous_6)
FN:202,(anonymous_7)
FN:207,(anonymous_8)
FN:212,(anonymous_9)
FN:217,(anonymous_10)
FN:217,(anonymous_11)
FN:219,(anonymous_12)
FN:224,(anonymous_13)
FN:229,(anonymous_14)
FN:242,(anonymous_15)
FN:246,(anonymous_16)
FN:251,(anonymous_17)
FN:259,(anonymous_18)
FN:265,(anonymous_19)
FN:268,(anonymous_20)
FN:287,(anonymous_21)
FN:288,(anonymous_22)
FN:290,(anonymous_23)
FN:290,(anonymous_24)
FN:292,(anonymous_25)
FN:292,(anonymous_26)
FN:297,(anonymous_27)
FN:325,(anonymous_28)
FN:362,(anonymous_29)
FN:378,(anonymous_30)
FN:402,(anonymous_31)
FN:411,(anonymous_32)
FN:431,(anonymous_33)
FN:435,(anonymous_34)
FN:453,(anonymous_35)
FN:477,(anonymous_36)
FN:492,(anonymous_37)
FN:517,(anonymous_38)
FN:547,(anonymous_39)
FN:554,(anonymous_40)
FNF:41
FNH:38
FNDA:90,(anonymous_0)
FNDA:7,(anonymous_1)
FNDA:9,(anonymous_2)
FNDA:63,(anonymous_3)
FNDA:95,(anonymous_4)
FNDA:83,(anonymous_5)
FNDA:309,(anonymous_6)
FNDA:8,(anonymous_7)
FNDA:5,(anonymous_8)
FNDA:359,(anonymous_9)
FNDA:405,(anonymous_10)
FNDA:32,(anonymous_11)
FNDA:405,(anonymous_12)
FNDA:9,(anonymous_13)
FNDA:363,(anonymous_14)
FNDA:39,(anonymous_15)
FNDA:86,(anonymous_16)
FNDA:73,(anonymous_17)
FNDA:5,(anonymous_18)
FNDA:68,(anonymous_19)
FNDA:1,(anonymous_20)
FNDA:346,(anonymous_21)
FNDA:370,(anonymous_22)
FNDA:372,(anonymous_23)
FNDA:333,(anonymous_24)
FNDA:0,(anonymous_25)
FNDA:0,(anonymous_26)
FNDA:346,(anonymous_27)
FNDA:304,(anonymous_28)
FNDA:7,(anonymous_29)
FNDA:470,(anonymous_30)
FNDA:62,(anonymous_31)
FNDA:124,(anonymous_32)
FNDA:289,(anonymous_33)
FNDA:23,(anonymous_34)
FNDA:17,(anonymous_35)
FNDA:133,(anonymous_36)
FNDA:6,(anonymous_37)
FNDA:3,(anonymous_38)
FNDA:0,(anonymous_39)
FNDA:91,(anonymous_40)
DA:85,93
DA:86,93
DA:88,93
DA:89,93
DA:90,93
DA:91,93
DA:93,93
DA:96,90
DA:97,90
DA:98,90
DA:100,90
DA:105,7
DA:107,9
DA:117,5
DA:118,4
DA:121,4
DA:129,7
DA:130,7
DA:132,7
DA:133,9
DA:134,4
DA:136,5
DA:140,7
DA:150,63
DA:153,95
DA:154,63
DA:155,95
DA:156,35
DA:157,1
DA:163,62
DA:165,62
DA:173,83
DA:181,62
DA:182,62
DA:183,62
DA:184,58
DA:185,1
DA:186,1
DA:187,1
DA:191,57
DA:194,57
DA:195,309
DA:198,57
DA:203,8
DA:208,5
DA:213,359
DA:214,359
DA:216,356
DA:217,405
DA:219,405
DA:222,356
DA:223,9
DA:224,9
DA:225,9
DA:229,363
DA:230,15
DA:231,15
DA:232,15
DA:233,15
DA:234,14
DA:236,15
DA:240,332
DA:241,376
DA:242,96
DA:243,96
DA:246,86
DA:247,70
DA:249,70
DA:250,70
DA:251,73
DA:259,5
DA:263,68
DA:264,68
DA:265,68
DA:268,1
DA:273,67
DA:274,67
DA:275,67
DA:276,67
DA:277,67
DA:279,3
DA:280,3
DA:281,3
DA:282,3
DA:283,3
DA:287,346
DA:288,370
DA:289,332
DA:290,372
DA:291,3
DA:292,0
DA:301,346
DA:302,0
DA:303,0
DA:304,0
DA:306,0
DA:309,346
DA:310,346
DA:313,302
DA:314,326
DA:316,302
DA:317,302
DA:318,5
DA:319,5
DA:320,5
DA:321,5
DA:325,304
DA:326,326
DA:327,326
DA:328,67
DA:329,67
DA:330,4
DA:331,4
DA:332,4
DA:333,4
DA:334,4
DA:338,293
DA:339,27
DA:340,27
DA:341,27
DA:342,27
DA:347,302
DA:348,302
DA:349,302
DA:353,302
DA:354,27
DA:360,302
DA:361,25
DA:362,25
DA:363,7
DA:364,7
DA:365,7
DA:366,7
DA:368,7
DA:369,7
DA:370,7
DA:373,25
DA:383,470
DA:384,169
DA:385,169
DA:386,169
DA:387,169
DA:388,169
DA:390,169
DA:391,169
DA:393,169
DA:394,13
DA:395,13
DA:396,0
DA:403,62
DA:404,62
DA:405,94
DA:408,62
DA:409,62
DA:411,62
DA:412,124
DA:413,120
DA:415,94
DA:416,94
DA:417,94
DA:418,34
DA:420,86
DA:423,62
DA:424,90
DA:432,289
DA:435,27
DA:436,27
DA:438,27
DA:440,10
DA:441,10
DA:443,5
DA:444,5
DA:445,0
DA:448,10
DA:453,17
DA:454,17
DA:455,17
DA:456,17
DA:457,17
DA:460,17
DA:461,17
DA:462,17
DA:464,2
DA:466,15
DA:467,15
DA:470,0
DA:471,0
DA:474,15
DA:478,133
DA:479,133
DA:481,1
DA:482,1
DA:483,1
DA:493,6
DA:494,6
DA:495,6
DA:498,6
DA:499,6
DA:501,1
DA:505,5
DA:506,5
DA:508,1
DA:511,4
DA:513,3
DA:514,6
DA:516,3
DA:517,3
DA:518,3
DA:519,2
DA:520,2
DA:523,3
DA:525,2
DA:526,2
DA:527,1
DA:528,1
DA:531,2
DA:535,3
DA:536,3
DA:537,3
DA:538,2
DA:541,3
DA:542,3
DA:546,3
DA:547,3
DA:550,3
DA:555,91
DA:556,50
DA:557,50
DA:560,91
DA:561,18
DA:563,91
DA:565,91
DA:567,91
DA:568,91
LF:234
LH:225
BRDA:98,0,0,90
BRDA:100,1,0,90
BRDA:117,2,0,4
BRDA:117,2,1,1
BRDA:133,3,0,4
BRDA:133,3,1,5
BRDA:136,4,0,5
BRDA:136,4,1,1
BRDA:155,5,0,95
BRDA:155,5,1,0
BRDA:156,6,0,1
BRDA:156,6,1,34
BRDA:176,7,0,83
BRDA:176,7,1,0
BRDA:184,8,0,1
BRDA:184,8,1,57
BRDA:194,9,0,55
BRDA:194,9,1,2
BRDA:203,10,0,8
BRDA:203,10,1,3
BRDA:214,11,0,3
BRDA:214,11,1,356
BRDA:214,12,0,359
BRDA:214,12,1,359
BRDA:222,13,0,9
BRDA:222,13,1,347
BRDA:229,14,0,15
BRDA:229,14,1,332
BRDA:233,15,0,14
BRDA:233,15,1,1
BRDA:241,16,0,280
BRDA:241,16,1,96
BRDA:243,17,0,26
BRDA:243,17,1,70
BRDA:247,18,0,0
BRDA:247,18,1,70
BRDA:252,19,0,73
BRDA:252,19,1,72
BRDA:263,20,0,68
BRDA:263,20,1,0
BRDA:289,21,0,329
BRDA:289,21,1,3
BRDA:291,22,0,0
BRDA:291,22,1,3
BRDA:301,23,0,0
BRDA:301,23,1,346
BRDA:302,24,0,0
BRDA:302,24,1,0
BRDA:310,25,0,44
BRDA:310,25,1,302
BRDA:314,26,0,24
BRDA:314,26,1,302
BRDA:314,27,0,326
BRDA:314,27,1,302
BRDA:317,28,0,5
BRDA:317,28,1,297
BRDA:326,29,0,326
BRDA:326,29,1,249
BRDA:327,30,0,67
BRDA:327,30,1,259
BRDA:327,31,0,326
BRDA:327,31,1,67
BRDA:329,32,0,4
BRDA:329,32,1,63
BRDA:338,33,0,27
BRDA:338,33,1,266
BRDA:348,34,0,302
BRDA:348,34,1,0
BRDA:353,35,0,27
BRDA:353,35,1,275
BRDA:360,36,0,25
BRDA:360,36,1,277
BRDA:360,37,0,302
BRDA:360,37,1,27
BRDA:368,38,0,7
BRDA:368,38,1,0
BRDA:368,39,0,7
BRDA:368,39,1,7
BRDA:383,40,0,301
BRDA:383,40,1,169
BRDA:386,41,0,169
BRDA:386,41,1,0
BRDA:386,42,0,169
BRDA:386,42,1,169
BRDA:388,43,0,169
BRDA:388,43,1,0
BRDA:393,44,0,13
BRDA:393,44,1,156
BRDA:395,45,0,0
BRDA:395,45,1,13
BRDA:405,46,0,94
BRDA:405,46,1,0
BRDA:412,47,0,4
BRDA:412,47,1,120
BRDA:413,48,0,26
BRDA:413,48,1,94
BRDA:417,49,0,94
BRDA:417,49,1,0
BRDA:432,50,0,262
BRDA:432,50,1,27
BRDA:438,51,0,10
BRDA:438,51,1,17
BRDA:443,52,0,5
BRDA:443,52,1,0
BRDA:443,53,0,5
BRDA:443,53,1,5
BRDA:444,54,0,0
BRDA:444,54,1,5
BRDA:456,55,0,17
BRDA:456,55,1,0
BRDA:479,56,0,132
BRDA:479,56,1,1
BRDA:481,57,0,1
BRDA:481,57,1,0
BRDA:511,58,0,1
BRDA:511,58,1,3
BRDA:514,59,0,3
BRDA:514,59,1,3
BRDA:514,60,0,6
BRDA:514,60,1,5
BRDA:514,60,2,4
BRDA:518,61,0,1
BRDA:518,61,1,2
BRDA:523,62,0,2
BRDA:523,62,1,1
BRDA:523,63,0,3
BRDA:523,63,1,2
BRDA:526,64,0,1
BRDA:526,64,1,1
BRDA:537,65,0,2
BRDA:537,65,1,1
BRDA:537,66,0,3
BRDA:537,66,1,3
BRDA:546,67,0,3
BRDA:546,67,1,0
BRDA:546,68,0,3
BRDA:546,68,1,3
BRDA:555,69,0,50
BRDA:555,69,1,41
BRF:139
BRH:119
end_of_record
TN:
SF:src/process-utils.ts
FN:6,runCommand
FN:7,(anonymous_1)
FN:11,(anonymous_2)
FN:23,parsePidLines
FN:28,(anonymous_4)
FN:29,(anonymous_5)
FN:33,buildWindowsFindPidOnPortScript
FN:40,buildWindowsReadParentPidScript
FN:47,findPidOnPort
FN:65,readParentPid
FNF:10
FNH:10
FNDA:1,runCommand
FNDA:1,(anonymous_1)
FNDA:1,(anonymous_2)
FNDA:1,parsePidLines
FNDA:3,(anonymous_4)
FNDA:3,(anonymous_5)
FNDA:2,buildWindowsFindPidOnPortScript
FNDA:2,buildWindowsReadParentPidScript
FNDA:1,findPidOnPort
FNDA:2,readParentPid
DA:4,3
DA:7,1
DA:8,1
DA:13,1
DA:14,0
DA:15,0
DA:17,1
DA:24,1
DA:28,3
DA:29,3
DA:34,2
DA:41,2
DA:48,1
DA:50,1
DA:51,1
DA:52,0
DA:54,0
DA:55,0
DA:58,1
DA:59,1
DA:61,0
DA:66,2
DA:68,2
DA:69,2
DA:70,0
DA:72,0
DA:73,0
DA:74,0
DA:77,2
DA:78,0
DA:81,2
DA:82,2
DA:83,2
DA:85,1
DA:86,1
DA:88,0
LF:36
LH:24
BRDA:13,0,0,0
BRDA:13,0,1,1
BRDA:29,1,0,3
BRDA:29,1,1,3
BRDA:48,2,0,0
BRDA:48,2,1,1
BRDA:48,3,0,1
BRDA:48,3,1,1
BRDA:48,3,2,1
BRDA:51,4,0,0
BRDA:51,4,1,1
BRDA:66,5,0,0
BRDA:66,5,1,2
BRDA:66,6,0,2
BRDA:66,6,1,2
BRDA:69,7,0,0
BRDA:69,7,1,2
BRDA:74,8,0,0
BRDA:74,8,1,0
BRDA:74,9,0,0
BRDA:74,9,1,0
BRDA:77,10,0,0
BRDA:77,10,1,2
BRDA:83,11,0,1
BRDA:83,11,1,1
BRDA:86,12,0,1
BRDA:86,12,1,0
BRDA:86,13,0,1
BRDA:86,13,1,1
BRF:29
BRH:18
end_of_record
TN:
SF:src/prometheus.ts
FN:156,recordLatency
FNF:1
FNH:1
FNDA:166,recordLatency
DA:18,6
DA:21,6
DA:25,6
DA:31,6
DA:37,6
DA:43,6
DA:50,6
DA:56,6
DA:62,6
DA:69,6
DA:75,6
DA:81,6
DA:88,6
DA:94,6
DA:101,6
DA:107,6
DA:113,6
DA:120,6
DA:127,6
DA:134,6
DA:141,6
DA:148,6
DA:160,166
DA:161,159
DA:162,2
DA:163,3
DA:164,2
DA:169,6
LF:28
LH:28
BRDA:160,0,0,159
BRDA:160,0,1,2
BRDA:160,0,2,3
BRDA:160,0,3,2
BRF:4
BRH:4
end_of_record
TN:
SF:src/question-manager.ts
FN:31,(anonymous_0)
FN:37,(anonymous_1)
FN:38,(anonymous_2)
FN:56,(anonymous_3)
FN:72,(anonymous_4)
FN:82,(anonymous_5)
FN:92,(anonymous_6)
FNF:7
FNH:7
FNDA:27,(anonymous_0)
FNDA:27,(anonymous_1)
FNDA:6,(anonymous_2)
FNDA:15,(anonymous_3)
FNDA:16,(anonymous_4)
FNDA:7,(anonymous_5)
FNDA:9,(anonymous_6)
DA:19,59
DA:37,27
DA:38,27
DA:39,6
DA:40,6
DA:41,6
DA:44,27
DA:57,15
DA:58,15
DA:59,13
DA:60,12
DA:61,12
DA:62,12
DA:63,12
DA:73,16
DA:83,7
DA:84,7
DA:93,9
DA:94,9
DA:95,3
DA:96,3
LF:21
LH:21
BRDA:35,0,0,27
BRDA:58,1,0,2
BRDA:58,1,1,13
BRDA:59,2,0,1
BRDA:59,2,1,12
BRDA:84,3,0,4
BRDA:84,3,1,3
BRDA:94,4,0,3
BRDA:94,4,1,6
BRF:9
BRH:9
end_of_record
TN:
SF:src/retry.ts
FN:20,sleep
FN:21,(anonymous_1)
FN:24,computeDelayMs
FN:30,retryWithJitter
FNF:4
FNH:4
FNDA:10,sleep
FNDA:10,(anonymous_1)
FNDA:10,computeDelayMs
FNDA:147,retryWithJitter
DA:21,10
DA:25,10
DA:26,10
DA:27,10
DA:31,147
DA:32,147
DA:33,147
DA:37,147
DA:38,157
DA:39,157
DA:41,19
DA:42,19
DA:43,19
DA:44,19
DA:45,9
DA:48,10
DA:49,10
DA:50,19
DA:54,0
LF:19
LH:18
BRDA:30,0,0,147
BRDA:31,1,0,147
BRDA:31,1,1,0
BRDA:32,2,0,147
BRDA:32,2,1,139
BRDA:33,3,0,147
BRDA:33,3,1,139
BRDA:43,4,0,13
BRDA:43,4,1,6
BRDA:44,5,0,9
BRDA:44,5,1,10
BRDA:44,6,0,19
BRDA:44,6,1,17
BRF:13
BRH:12
end_of_record
TN:
SF:src/safe-json.ts
FN:9,safeJsonParse
FN:18,safeJsonParseSchema
FN:28,(anonymous_2)
FNF:3
FNH:3
FNDA:122,safeJsonParse
FNDA:6,safeJsonParseSchema
FNDA:3,(anonymous_2)
DA:10,122
DA:11,122
DA:13,7
DA:23,6
DA:24,6
DA:26,5
DA:27,5
DA:28,3
DA:29,2
DA:32,3
LF:10
LH:10
BRDA:9,0,0,122
BRDA:21,1,0,6
BRDA:24,2,0,1
BRDA:24,2,1,5
BRDA:27,3,0,2
BRDA:27,3,1,3
BRF:6
BRH:6
end_of_record
TN:
SF:src/server.ts
FN:76,timingSafeEqual
FN:121,handleInbound
FN:165,(anonymous_2)
FN:170,(anonymous_3)
FN:186,(anonymous_4)
FN:195,(anonymous_5)
FN:196,(anonymous_6)
FN:197,(anonymous_7)
FN:201,(anonymous_8)
FN:228,checkIpRateLimit
FN:232,checkAuthFailRateLimit
FN:236,recordAuthFailure
FN:242,recordAuthFailureOnce
FN:248,pruneAuthFailLimits
FN:252,pruneIpRateLimits
FN:261,(anonymous_15)
FN:267,setupAuth
FN:268,(anonymous_17)
FN:412,(anonymous_18)
FN:424,reapStaleSessions
FN:475,reapZombieSessions
FN:521,registerChannels
FN:535,(anonymous_22)
FN:556,main
FN:619,(anonymous_24)
FN:622,(anonymous_25)
FN:623,(anonymous_26)
FN:629,(anonymous_27)
FN:632,(anonymous_28)
FN:635,(anonymous_29)
FN:638,(anonymous_30)
FN:641,(anonymous_31)
FN:642,(anonymous_32)
FN:645,(anonymous_33)
FN:648,(anonymous_34)
FN:651,(anonymous_35)
FN:654,(anonymous_36)
FN:657,(anonymous_37)
FN:660,(anonymous_38)
FN:679,(anonymous_39)
FN:684,(anonymous_40)
FN:716,(anonymous_41)
FN:724,(anonymous_42)
FN:739,(anonymous_43)
FN:740,(anonymous_44)
FN:741,(anonymous_45)
FN:747,(anonymous_46)
FN:754,gracefulShutdown
FN:761,(anonymous_48)
FN:927,(anonymous_49)
FN:928,(anonymous_50)
FN:930,(anonymous_51)
FN:937,(anonymous_52)
FN:952,(anonymous_53)
FN:1038,(anonymous_54)
FN:1056,(anonymous_55)
FN:1094,(anonymous_56)
FNF:57
FNH:26
FNDA:0,timingSafeEqual
FNDA:0,handleInbound
FNDA:55,(anonymous_2)
FNDA:55,(anonymous_3)
FNDA:52,(anonymous_4)
FNDA:4,(anonymous_5)
FNDA:1,(anonymous_6)
FNDA:0,(anonymous_7)
FNDA:55,(anonymous_8)
FNDA:50,checkIpRateLimit
FNDA:50,checkAuthFailRateLimit
FNDA:0,recordAuthFailure
FNDA:0,recordAuthFailureOnce
FNDA:0,pruneAuthFailLimits
FNDA:0,pruneIpRateLimits
FNDA:55,(anonymous_15)
FNDA:1,setupAuth
FNDA:55,(anonymous_17)
FNDA:55,(anonymous_18)
FNDA:0,reapStaleSessions
FNDA:0,reapZombieSessions
FNDA:1,registerChannels
FNDA:0,(anonymous_22)
FNDA:2,main
FNDA:1,(anonymous_24)
FNDA:0,(anonymous_25)
FNDA:1,(anonymous_26)
FNDA:1,(anonymous_27)
FNDA:0,(anonymous_28)
FNDA:1,(anonymous_29)
FNDA:1,(anonymous_30)
FNDA:0,(anonymous_31)
FNDA:1,(anonymous_32)
FNDA:1,(anonymous_33)
FNDA:0,(anonymous_34)
FNDA:1,(anonymous_35)
FNDA:1,(anonymous_36)
FNDA:0,(anonymous_37)
FNDA:1,(anonymous_38)
FNDA:0,(anonymous_39)
FNDA:0,(anonymous_40)
FNDA:4,(anonymous_41)
FNDA:3,(anonymous_42)
FNDA:0,(anonymous_43)
FNDA:0,(anonymous_44)
FNDA:0,(anonymous_45)
FNDA:0,(anonymous_46)
FNDA:0,gracefulShutdown
FNDA:0,(anonymous_48)
FNDA:0,(anonymous_49)
FNDA:0,(anonymous_50)
FNDA:0,(anonymous_51)
FNDA:0,(anonymous_52)
FNDA:0,(anonymous_53)
FNDA:0,(anonymous_54)
FNDA:0,(anonymous_55)
FNDA:0,(anonymous_56)
DA:77,0
DA:78,0
DA:79,0
DA:81,0
DA:85,2
DA:86,2
DA:98,2
DA:108,2
DA:109,2
DA:110,2
DA:122,0
DA:123,0
DA:125,0
DA:126,0
DA:128,0
DA:129,0
DA:131,0
DA:132,0
DA:136,0
DA:137,0
DA:138,0
DA:139,0
DA:142,0
DA:143,0
DA:146,0
DA:160,2
DA:165,55
DA:171,55
DA:172,55
DA:173,55
DA:174,55
DA:184,2
DA:186,52
DA:192,2
DA:194,2
DA:195,4
DA:196,1
DA:197,0
DA:201,2
DA:202,55
DA:203,55
DA:204,0
DA:206,55
DA:207,55
DA:209,55
DA:210,54
DA:213,55
DA:214,55
DA:215,55
DA:216,55
DA:222,55
DA:226,2
DA:229,50
DA:233,50
DA:237,0
DA:240,2
DA:243,0
DA:244,0
DA:245,0
DA:249,0
DA:253,0
DA:257,2
DA:261,2
DA:262,55
DA:263,55
DA:264,55
DA:268,1
DA:271,55
DA:272,55
DA:274,54
DA:275,53
DA:281,53
DA:282,53
DA:283,0
DA:285,0
DA:286,0
DA:288,0
DA:289,0
DA:290,0
DA:291,0
DA:292,0
DA:293,0
DA:295,0
DA:296,0
DA:297,0
DA:299,0
DA:303,0
DA:307,53
DA:313,53
DA:314,1
DA:315,1
DA:318,1
DA:320,0
DA:321,0
DA:323,0
DA:331,53
DA:337,53
DA:339,53
DA:340,53
DA:341,50
DA:342,3
DA:343,0
DA:346,53
DA:347,3
DA:351,50
DA:353,55
DA:354,0
DA:357,50
DA:361,50
DA:362,0
DA:363,0
DA:365,0
DA:366,0
DA:369,50
DA:370,0
DA:371,0
DA:374,50
DA:376,50
DA:377,0
DA:379,0
DA:380,0
DA:382,0
DA:385,50
DA:386,0
DA:391,50
DA:392,55
DA:396,55
DA:397,50
DA:402,50
DA:403,50
DA:404,0
DA:412,2
DA:413,55
DA:414,55
DA:415,0
DA:425,0
DA:427,0
DA:428,0
DA:430,0
DA:431,0
DA:432,0
DA:433,0
DA:434,0
DA:443,0
DA:446,0
DA:447,0
DA:448,0
DA:454,0
DA:456,0
DA:472,2
DA:473,2
DA:476,0
DA:478,0
DA:479,0
DA:481,0
DA:482,0
DA:483,0
DA:484,0
DA:486,0
DA:494,0
DA:495,0
DA:496,0
DA:497,0
DA:498,0
DA:505,0
DA:523,1
DA:524,1
DA:533,1
DA:534,0
DA:535,0
DA:537,0
DA:541,1
DA:542,1
DA:543,0
DA:547,1
DA:548,1
DA:549,0
DA:558,2
DA:561,1
DA:562,1
DA:563,1
DA:565,1
DA:566,1
DA:570,1
DA:571,0
DA:572,0
DA:573,0
DA:574,0
DA:575,0
DA:576,0
DA:583,1
DA:584,1
DA:587,1
DA:590,1
DA:591,1
DA:594,1
DA:595,1
DA:596,1
DA:599,1
DA:600,1
DA:601,0
DA:612,1
DA:613,1
DA:614,1
DA:615,1
DA:616,1
DA:618,1
DA:620,1
DA:624,1
DA:625,1
DA:628,1
DA:630,1
DA:633,0
DA:635,1
DA:637,1
DA:639,1
DA:642,1
DA:644,1
DA:646,1
DA:649,0
DA:651,1
DA:653,1
DA:655,1
DA:658,0
DA:660,1
DA:666,1
DA:669,1
DA:670,1
DA:674,1
DA:675,1
DA:676,0
DA:678,1
DA:679,0
DA:681,1
DA:684,1
DA:685,0
DA:686,0
DA:687,0
DA:688,0
DA:689,0
DA:695,1
DA:696,0
DA:697,0
DA:702,1
DA:705,1
DA:706,1
DA:711,1
DA:712,1
DA:716,4
DA:719,1
DA:720,1
DA:722,1
DA:724,3
DA:728,1
DA:729,1
DA:730,1
DA:731,1
DA:732,1
DA:733,1
DA:734,1
DA:735,1
DA:736,1
DA:739,1
DA:740,1
DA:741,1
DA:743,1
DA:745,1
DA:747,1
DA:748,1
DA:752,1
DA:753,1
DA:755,0
DA:761,0
DA:762,0
DA:768,0
DA:770,0
DA:772,0
DA:775,0
DA:776,0
DA:778,0
DA:787,0
DA:788,0
DA:789,0
DA:790,0
DA:791,0
DA:792,0
DA:793,0
DA:794,0
DA:795,0
DA:798,0
DA:799,0
DA:801,0
DA:808,0
DA:809,0
DA:811,0
DA:818,0
DA:819,0
DA:820,0
DA:822,0
DA:832,0
DA:833,0
DA:835,0
DA:842,0
DA:843,0
DA:845,0
DA:852,0
DA:853,0
DA:854,0
DA:856,0
DA:866,0
DA:867,0
DA:869,0
DA:878,0
DA:879,0
DA:880,0
DA:881,0
DA:882,0
DA:888,0
DA:889,0
DA:902,0
DA:903,0
DA:905,0
DA:914,0
DA:916,0
DA:921,0
DA:923,0
DA:927,1
DA:928,1
DA:929,1
DA:930,0
DA:931,0
DA:932,0
DA:933,0
DA:937,1
DA:938,0
DA:949,1
DA:952,1
DA:953,0
DA:954,0
DA:955,0
DA:957,0
DA:958,0
DA:959,0
DA:965,0
DA:970,0
DA:971,0
DA:972,0
DA:978,0
DA:983,1
DA:986,1
DA:987,1
DA:988,1
DA:993,1
DA:1003,1
DA:1016,1
DA:1017,1
DA:1018,1
DA:1019,1
DA:1020,0
DA:1022,1
DA:1033,1
DA:1034,0
DA:1040,0
DA:1041,0
DA:1042,0
DA:1044,0
DA:1046,0
DA:1047,0
DA:1049,0
DA:1056,1
DA:1057,0
DA:1059,0
DA:1060,0
DA:1062,0
DA:1064,1
DA:1065,1
DA:1066,1
DA:1067,1
DA:1078,1
DA:1079,1
DA:1085,0
DA:1094,2
DA:1095,0
DA:1101,0
LF:384
LH:186
BRDA:77,0,0,0
BRDA:77,0,1,0
BRDA:77,1,0,0
BRDA:77,1,1,0
BRDA:123,2,0,0
BRDA:123,2,1,0
BRDA:123,2,2,0
BRDA:123,2,3,0
BRDA:123,2,4,0
BRDA:123,2,5,0
BRDA:142,3,0,0
BRDA:142,3,1,0
BRDA:152,4,0,0
BRDA:152,4,1,0
BRDA:171,5,0,55
BRDA:171,5,1,0
BRDA:186,6,0,52
BRDA:186,6,1,0
BRDA:203,7,0,0
BRDA:203,7,1,55
BRDA:203,8,0,55
BRDA:203,8,1,55
BRDA:209,9,0,54
BRDA:209,9,1,1
BRDA:220,10,0,55
BRDA:220,10,1,0
BRDA:243,11,0,0
BRDA:243,11,1,0
BRDA:271,12,0,55
BRDA:271,12,1,0
BRDA:272,13,0,1
BRDA:272,13,1,54
BRDA:272,14,0,55
BRDA:272,14,1,55
BRDA:274,15,0,1
BRDA:274,15,1,53
BRDA:275,16,0,0
BRDA:275,16,1,53
BRDA:275,17,0,53
BRDA:275,17,1,53
BRDA:282,18,0,0
BRDA:282,18,1,53
BRDA:283,19,0,0
BRDA:283,19,1,0
BRDA:285,20,0,0
BRDA:285,20,1,0
BRDA:285,21,0,0
BRDA:285,21,1,0
BRDA:288,22,0,0
BRDA:288,22,1,0
BRDA:290,23,0,0
BRDA:290,23,1,0
BRDA:292,24,0,0
BRDA:292,24,1,0
BRDA:292,25,0,0
BRDA:292,25,1,0
BRDA:295,26,0,0
BRDA:295,26,1,0
BRDA:296,27,0,0
BRDA:296,27,1,0
BRDA:296,28,0,0
BRDA:296,28,1,0
BRDA:307,29,0,0
BRDA:307,29,1,53
BRDA:313,30,0,1
BRDA:313,30,1,52
BRDA:315,31,0,0
BRDA:315,31,1,1
BRDA:318,32,0,0
BRDA:318,32,1,1
BRDA:320,33,0,0
BRDA:320,33,1,0
BRDA:320,34,0,0
BRDA:320,34,1,0
BRDA:320,34,2,0
BRDA:331,35,0,0
BRDA:331,35,1,53
BRDA:331,36,0,53
BRDA:331,36,1,0
BRDA:340,37,0,50
BRDA:340,37,1,3
BRDA:342,38,0,0
BRDA:342,38,1,3
BRDA:346,39,0,3
BRDA:346,39,1,50
BRDA:351,40,0,50
BRDA:351,40,1,0
BRDA:353,41,0,0
BRDA:353,41,1,55
BRDA:361,42,0,0
BRDA:361,42,1,50
BRDA:362,43,0,0
BRDA:362,43,1,0
BRDA:369,44,0,0
BRDA:369,44,1,50
BRDA:376,45,0,0
BRDA:376,45,1,50
BRDA:379,46,0,0
BRDA:379,46,1,0
BRDA:385,47,0,0
BRDA:385,47,1,50
BRDA:391,48,0,50
BRDA:391,48,1,0
BRDA:396,49,0,50
BRDA:396,49,1,5
BRDA:397,50,0,50
BRDA:397,50,1,0
BRDA:397,51,0,50
BRDA:397,51,1,0
BRDA:403,52,0,0
BRDA:403,52,1,50
BRDA:414,53,0,0
BRDA:414,53,1,55
BRDA:414,54,0,55
BRDA:414,54,1,28
BRDA:430,55,0,0
BRDA:430,55,1,0
BRDA:432,56,0,0
BRDA:432,56,1,0
BRDA:462,57,0,0
BRDA:462,57,1,0
BRDA:481,58,0,0
BRDA:481,58,1,0
BRDA:482,59,0,0
BRDA:482,59,1,0
BRDA:484,60,0,0
BRDA:484,60,1,0
BRDA:511,61,0,0
BRDA:511,61,1,0
BRDA:523,62,0,1
BRDA:523,62,1,0
BRDA:523,63,0,1
BRDA:523,63,1,1
BRDA:533,64,0,0
BRDA:533,64,1,1
BRDA:542,65,0,0
BRDA:542,65,1,1
BRDA:548,66,0,0
BRDA:548,66,1,1
BRDA:565,67,0,1
BRDA:565,67,1,0
BRDA:570,68,0,0
BRDA:570,68,1,1
BRDA:571,69,0,0
BRDA:571,69,1,0
BRDA:600,70,0,0
BRDA:600,70,1,1
BRDA:625,71,0,1
BRDA:625,71,1,1
BRDA:662,72,0,1
BRDA:662,72,1,0
BRDA:675,73,0,0
BRDA:675,73,1,1
BRDA:679,74,0,0
BRDA:679,74,1,1
BRDA:686,75,0,0
BRDA:686,75,1,0
BRDA:686,76,0,0
BRDA:686,76,1,0
BRDA:687,77,0,0
BRDA:687,77,1,0
BRDA:696,78,0,0
BRDA:696,78,1,0
BRDA:782,79,0,0
BRDA:782,79,1,0
BRDA:805,80,0,0
BRDA:805,80,1,0
BRDA:815,81,0,0
BRDA:815,81,1,0
BRDA:818,82,0,0
BRDA:818,82,1,0
BRDA:826,83,0,0
BRDA:826,83,1,0
BRDA:839,84,0,0
BRDA:839,84,1,0
BRDA:849,85,0,0
BRDA:849,85,1,0
BRDA:852,86,0,0
BRDA:852,86,1,0
BRDA:860,87,0,0
BRDA:860,87,1,0
BRDA:873,88,0,0
BRDA:873,88,1,0
BRDA:881,89,0,0
BRDA:881,89,1,0
BRDA:888,90,0,0
BRDA:888,90,1,0
BRDA:895,91,0,0
BRDA:895,91,1,0
BRDA:909,92,0,0
BRDA:909,92,1,0
BRDA:927,93,0,0
BRDA:927,93,1,0
BRDA:928,94,0,0
BRDA:928,94,1,0
BRDA:929,95,0,0
BRDA:929,95,1,1
BRDA:931,96,0,0
BRDA:931,96,1,0
BRDA:931,97,0,0
BRDA:931,97,1,0
BRDA:943,98,0,0
BRDA:943,98,1,0
BRDA:953,99,0,0
BRDA:953,99,1,0
BRDA:957,100,0,0
BRDA:957,100,1,0
BRDA:970,101,0,0
BRDA:970,101,1,0
BRDA:987,102,0,1
BRDA:987,102,1,0
BRDA:987,103,0,1
BRDA:987,103,1,1
BRDA:1033,104,0,0
BRDA:1033,104,1,1
BRDA:1046,105,0,0
BRDA:1046,105,1,0
BRDA:1046,106,0,0
BRDA:1046,106,1,0
BRDA:1057,107,0,0
BRDA:1057,107,1,0
BRDA:1057,108,0,0
BRDA:1057,108,1,0
BRDA:1057,108,2,0
BRDA:1057,108,3,0
BRDA:1078,109,0,1
BRDA:1078,109,1,0
BRDA:1099,110,0,0
BRDA:1099,110,1,0
BRF:229
BRH:66
end_of_record
TN:
SF:src/session-cleanup.ts
FN:14,cleanupTerminatedSessionState
FNF:1
FNH:1
FNDA:204,cleanupTerminatedSessionState
DA:18,204
DA:19,204
DA:20,204
LF:3
LH:3
BRF:0
BRH:0
end_of_record
TN:
SF:src/session-discovery.ts
FN:41,(anonymous_0)
FN:48,(anonymous_1)
FN:70,(anonymous_2)
FN:74,(anonymous_3)
FN:121,(anonymous_4)
FN:135,(anonymous_5)
FN:169,(anonymous_6)
FN:180,(anonymous_7)
FN:206,(anonymous_8)
FN:278,(anonymous_9)
FN:284,(anonymous_10)
FN:311,(anonymous_11)
FNF:12
FNH:9
FNDA:30,(anonymous_0)
[...]
BRDA:224,42,1,2
BRDA:227,43,0,1
BRDA:227,43,1,1
BRDA:242,44,0,2
BRDA:242,44,1,0
BRDA:246,45,0,0
BRDA:246,45,1,2
BRDA:253,46,0,0
BRDA:253,46,1,0
BRF:96
BRH:38
end_of_record
TN:
SF:src/routes/session-data.ts
FN:20,registerSessionDataRoutes
FN:24,(anonymous_1)
FN:31,(anonymous_2)
FN:39,(anonymous_3)
FN:43,(anonymous_4)
FN:45,(anonymous_5)
FN:50,(anonymous_6)
FN:57,(anonymous_7)
FN:64,(anonymous_8)
FN:82,(anonymous_9)
FN:109,(anonymous_10)
FN:140,(anonymous_11)
FN:159,(anonymous_12)
FN:181,(anonymous_13)
FN:200,(anonymous_14)
FN:222,(anonymous_15)
FN:232,(anonymous_16)
FN:259,(anonymous_17)
FNF:18
FNH:7
FNDA:1,registerSessionDataRoutes
FNDA:0,(anonymous_1)
FNDA:0,(anonymous_2)
FNDA:0,(anonymous_3)
FNDA:0,(anonymous_4)
FNDA:0,(anonymous_5)
FNDA:0,(anonymous_6)
FNDA:1,(anonymous_7)
FNDA:2,(anonymous_8)
FNDA:1,(anonymous_9)
FNDA:1,(anonymous_10)
FNDA:0,(anonymous_11)
FNDA:0,(anonymous_12)
FNDA:0,(anonymous_13)
FNDA:0,(anonymous_14)
FNDA:0,(anonymous_15)
FNDA:1,(anonymous_16)
FNDA:1,(anonymous_17)
DA:21,1
DA:24,1
DA:25,0
DA:26,0
DA:27,0
DA:31,1
DA:32,0
DA:33,0
DA:34,0
DA:35,0
DA:38,0
DA:39,0
DA:43,1
DA:44,0
DA:45,0
DA:46,0
DA:50,1
DA:51,0
DA:52,0
DA:53,0
DA:57,1
DA:58,1
DA:59,0
DA:64,1
DA:65,2
DA:66,2
DA:67,2
DA:68,2
DA:69,2
DA:70,2
DA:71,2
DA:72,1
DA:74,1
DA:75,1
DA:77,0
DA:82,1
DA:83,1
DA:84,1
DA:85,1
DA:86,1
DA:87,1
DA:88,1
DA:90,0
DA:91,1
DA:92,1
DA:93,1
DA:94,0
DA:96,0
DA:97,0
DA:104,0
DA:109,1
DA:110,1
DA:111,1
DA:112,1
DA:114,1
DA:115,1
DA:117,0
DA:118,0
DA:119,0
DA:121,0
DA:122,0
DA:128,0
DA:129,0
DA:132,1
DA:133,0
DA:135,0
DA:140,1
DA:141,0
DA:142,0
DA:144,0
DA:145,0
DA:147,0
DA:148,0
DA:149,0
DA:150,0
DA:151,0
DA:153,0
DA:154,0
DA:159,1
DA:161,0
DA:162,0
DA:163,0
DA:164,0
DA:165,0
DA:174,0
DA:177,0
DA:178,0
DA:180,0
DA:181,0
DA:182,0
DA:183,0
DA:184,0
DA:186,0
DA:188,0
DA:189,0
DA:190,0
DA:193,0
DA:200,0
DA:201,0
DA:202,0
DA:205,0
DA:206,0
DA:207,0
DA:208,0
DA:211,0
DA:213,0
DA:214,0
DA:215,0
DA:216,0
DA:217,0
DA:218,0
DA:222,0
DA:223,0
DA:226,0
DA:232,1
DA:233,1
DA:234,1
DA:235,1
DA:237,1
DA:239,1
DA:240,1
DA:241,1
DA:243,1
DA:246,1
DA:253,1
DA:255,1
DA:259,1
DA:260,1
DA:261,1
DA:262,1
DA:264,1
DA:266,1
DA:267,1
DA:268,1
DA:270,1
DA:273,1
DA:280,1
DA:282,1
LF:138
LH:61
BRDA:26,0,0,0
BRDA:26,0,1,0
BRDA:32,1,0,0
BRDA:32,1,1,0
BRDA:59,2,0,0
BRDA:59,2,1,0
BRDA:67,3,0,2
BRDA:67,3,1,0
BRDA:67,4,0,2
BRDA:67,4,1,2
BRDA:68,5,0,2
BRDA:68,5,1,0
BRDA:68,6,0,2
BRDA:68,6,1,1
BRDA:71,7,0,1
BRDA:71,7,1,1
BRDA:71,8,0,2
BRDA:71,8,1,1
BRDA:77,9,0,0
BRDA:77,9,1,0
BRDA:86,10,0,1
BRDA:86,10,1,0
BRDA:87,11,0,1
BRDA:87,11,1,0
BRDA:87,12,0,1
BRDA:87,12,1,1
BRDA:87,12,2,1
BRDA:90,13,0,0
BRDA:90,13,1,0
BRDA:90,14,0,0
BRDA:90,14,1,0
BRDA:93,15,0,0
BRDA:93,15,1,1
BRDA:93,16,0,1
BRDA:93,16,1,0
BRDA:104,17,0,0
BRDA:104,17,1,0
BRDA:111,18,0,0
BRDA:111,18,1,1
BRDA:115,19,0,1
BRDA:115,19,1,0
BRDA:119,20,0,0
BRDA:119,20,1,0
BRDA:121,21,0,0
BRDA:121,21,1,0
BRDA:129,22,0,0
BRDA:129,22,1,0
BRDA:135,23,0,0
BRDA:135,23,1,0
BRDA:142,24,0,0
BRDA:142,24,1,0
BRDA:144,25,0,0
BRDA:144,25,1,0
BRDA:150,26,0,0
BRDA:150,26,1,0
BRDA:153,27,0,0
BRDA:153,27,1,0
BRDA:163,28,0,0
BRDA:163,28,1,0
BRDA:164,29,0,0
BRDA:164,29,1,0
BRDA:166,30,0,0
BRDA:166,30,1,0
BRDA:182,31,0,0
BRDA:182,31,1,0
BRDA:183,32,0,0
BRDA:183,32,1,0
BRDA:207,33,0,0
BRDA:207,33,1,0
BRDA:214,34,0,0
BRDA:214,34,1,0
BRDA:215,35,0,0
BRDA:215,35,1,0
BRDA:217,36,0,0
BRDA:217,36,1,0
BRDA:235,37,0,0
BRDA:235,37,1,1
BRDA:243,38,0,1
BRDA:243,38,1,0
BRDA:244,39,0,1
BRDA:244,39,1,0
BRDA:262,40,0,0
BRDA:262,40,1,1
BRDA:270,41,0,1
BRDA:270,41,1,0
BRF:85
BRH:24
end_of_record
TN:
SF:src/routes/sessions.ts
FN:44,(anonymous_0)
FN:54,registerSessionRoutes
FN:61,(anonymous_2)
FN:141,(anonymous_3)
FN:144,(anonymous_4)
FN:147,(anonymous_5)
FN:150,(anonymous_6)
FN:166,(anonymous_7)
FN:175,(anonymous_8)
FN:178,(anonymous_9)
FN:182,(anonymous_10)
FN:184,(anonymous_11)
FN:195,(anonymous_12)
FN:199,(anonymous_13)
FN:216,(anonymous_14)
FN:252,(anonymous_15)
FN:257,(anonymous_16)
FN:263,createSessionHandler
FN:353,(anonymous_18)
FN:358,(anonymous_19)
FN:365,(anonymous_20)
FN:378,(anonymous_21)
FN:394,(anonymous_22)
FNF:23
FNH:13
FNDA:1,(anonymous_0)
FNDA:1,registerSessionRoutes
FNDA:3,(anonymous_2)
FNDA:0,(anonymous_3)
FNDA:3,(anonymous_4)
FNDA:3,(anonymous_5)
FNDA:4,(anonymous_6)
FNDA:1,(anonymous_7)
FNDA:0,(anonymous_8)
FNDA:0,(anonymous_9)
FNDA:0,(anonymous_10)
FNDA:0,(anonymous_11)
FNDA:0,(anonymous_12)
FNDA:0,(anonymous_13)
FNDA:1,(anonymous_14)
FNDA:0,(anonymous_15)
FNDA:0,(anonymous_16)
FNDA:1,createSessionHandler
FNDA:1,(anonymous_18)
FNDA:1,(anonymous_19)
FNDA:0,(anonymous_20)
FNDA:3,(anonymous_21)
FNDA:1,(anonymous_22)
DA:17,2
DA:20,2
DA:22,2
DA:37,2
DA:44,1
DA:48,2
DA:58,1
DA:61,1
DA:62,3
DA:64,3
DA:65,3
DA:66,1
DA:69,2
DA:70,3
DA:71,3
DA:72,3
DA:74,3
DA:84,3
DA:85,3
DA:86,2
DA:87,2
DA:88,57
DA:89,2
DA:90,2
DA:91,2
DA:101,57
DA:102,2
DA:103,2
DA:104,2
DA:105,2
DA:107,0
DA:108,0
DA:109,0
DA:112,2
DA:113,2
DA:117,2
DA:118,6
DA:119,6
DA:120,2
DA:121,2
DA:122,2
DA:123,2
DA:124,2
DA:126,4
DA:138,2
DA:139,2
DA:140,2
DA:141,0
DA:143,2
DA:144,3
DA:146,2
DA:147,3
DA:150,4
DA:152,2
DA:153,2
DA:154,2
DA:155,2
DA:157,2
DA:164,1
DA:167,1
DA:168,1
DA:169,1
DA:170,1
DA:172,1
DA:173,1
DA:174,1
DA:175,0
DA:177,1
DA:178,0
DA:180,1
DA:181,0
DA:182,0
DA:184,1
DA:186,1
DA:187,1
DA:188,1
DA:189,1
DA:191,1
DA:195,1
DA:196,0
DA:197,0
DA:198,0
DA:199,0
DA:201,0
DA:202,0
DA:203,0
DA:205,0
DA:206,0
DA:216,1
DA:217,1
DA:219,1
DA:220,1
DA:221,0
DA:222,0
DA:226,1
DA:227,1
DA:228,1
DA:230,1
DA:231,3
DA:232,3
DA:233,3
DA:234,3
DA:235,0
DA:237,3
DA:238,3
DA:239,3
DA:240,3
DA:241,3
DA:242,3
DA:244,0
DA:248,1
DA:252,1
DA:253,0
DA:254,0
DA:255,0
DA:256,0
DA:257,0
DA:259,0
DA:264,1
DA:265,1
DA:268,1
DA:269,1
DA:270,1
DA:271,1
DA:272,0
DA:282,1
DA:283,1
DA:286,1
DA:287,1
DA:288,0
DA:290,0
DA:291,0
DA:292,0
DA:293,0
DA:294,0
DA:295,0
DA:296,0
DA:297,0
DA:298,0
DA:301,0
DA:302,0
DA:304,0
DA:306,0
DA:310,1
DA:311,1
DA:313,1
DA:314,1
DA:316,1
DA:325,1
DA:326,0
DA:327,0
DA:328,0
DA:329,0
DA:330,0
DA:331,0
DA:332,0
DA:333,0
DA:336,0
DA:337,0
DA:340,1
DA:342,1
DA:353,1
DA:354,1
DA:358,1
DA:359,1
DA:360,1
DA:361,1
DA:362,1
DA:363,1
DA:365,0
DA:377,1
DA:378,1
DA:379,3
DA:380,3
DA:382,0
DA:390,1
DA:394,1
DA:395,1
DA:396,1
DA:398,0
LF:180
LH:125
BRDA:44,0,0,1
BRDA:44,0,1,0
BRDA:62,1,0,0
BRDA:62,1,1,3
BRDA:64,2,0,3
BRDA:64,2,1,0
BRDA:65,3,0,1
BRDA:65,3,1,2
BRDA:69,4,0,2
BRDA:69,4,1,1
BRDA:70,5,0,3
BRDA:70,5,1,1
BRDA:85,6,0,2
BRDA:85,6,1,1
BRDA:88,7,0,55
BRDA:88,7,1,2
BRDA:88,8,0,57
BRDA:88,8,1,55
BRDA:88,8,2,2
BRDA:90,9,0,0
BRDA:90,9,1,2
BRDA:91,10,0,2
BRDA:91,10,1,2
BRDA:101,11,0,2
BRDA:101,11,1,0
BRDA:102,12,0,2
BRDA:102,12,1,2
BRDA:103,13,0,2
BRDA:103,13,1,2
BRDA:104,14,0,2
BRDA:104,14,1,0
BRDA:107,15,0,0
BRDA:107,15,1,0
BRDA:108,16,0,0
BRDA:108,16,1,0
BRDA:119,17,0,2
BRDA:119,17,1,4
BRDA:120,18,0,2
BRDA:120,18,1,0
BRDA:121,19,0,2
BRDA:121,19,1,0
BRDA:122,20,0,2
BRDA:122,20,1,0
BRDA:124,21,0,2
BRDA:124,21,1,0
BRDA:131,22,0,4
BRDA:131,22,1,0
BRDA:140,23,0,0
BRDA:140,23,1,2
BRDA:140,24,0,2
BRDA:140,24,1,0
BRDA:140,24,2,0
BRDA:141,25,0,0
BRDA:141,25,1,0
BRDA:143,26,0,1
BRDA:143,26,1,1
BRDA:146,27,0,1
BRDA:146,27,1,1
BRDA:150,28,0,4
BRDA:150,28,1,0
BRDA:150,29,0,0
BRDA:150,29,1,0
BRDA:150,30,0,0
BRDA:150,30,1,0
BRDA:167,31,0,1
BRDA:167,31,1,0
BRDA:167,32,0,1
BRDA:167,32,1,1
BRDA:168,33,0,1
BRDA:168,33,1,0
BRDA:168,34,0,1
BRDA:168,34,1,1
BRDA:174,35,0,0
BRDA:174,35,1,1
BRDA:174,36,0,1
BRDA:174,36,1,0
BRDA:174,36,2,0
BRDA:175,37,0,0
BRDA:175,37,1,0
BRDA:177,38,0,0
BRDA:177,38,1,1
BRDA:180,39,0,0
BRDA:180,39,1,1
BRDA:198,40,0,0
BRDA:198,40,1,0
BRDA:198,41,0,0
BRDA:198,41,1,0
BRDA:198,41,2,0
BRDA:199,42,0,0
BRDA:199,42,1,0
BRDA:203,43,0,0
BRDA:203,43,1,0
BRDA:219,44,0,1
BRDA:219,44,1,0
BRDA:220,45,0,0
BRDA:220,45,1,1
BRDA:222,46,0,0
BRDA:222,46,1,0
BRDA:232,47,0,0
BRDA:232,47,1,3
BRDA:234,48,0,0
BRDA:234,48,1,3
BRDA:234,49,0,3
BRDA:234,49,1,3
BRDA:234,49,2,0
BRDA:234,49,3,0
BRDA:234,49,4,0
BRDA:244,50,0,0
BRDA:244,50,1,0
BRDA:253,51,0,0
BRDA:253,51,1,0
BRDA:256,52,0,0
BRDA:256,52,1,0
BRDA:256,53,0,0
BRDA:256,53,1,0
BRDA:256,53,2,0
BRDA:257,54,0,0
BRDA:257,54,1,0
BRDA:265,55,0,0
BRDA:265,55,1,1
BRDA:271,56,0,0
BRDA:271,56,1,1
BRDA:271,57,0,1
BRDA:271,57,1,1
BRDA:283,58,0,0
BRDA:283,58,1,1
BRDA:287,59,0,0
BRDA:287,59,1,1
BRDA:290,60,0,0
BRDA:290,60,1,0
BRDA:292,61,0,0
BRDA:292,61,1,0
BRDA:292,62,0,0
BRDA:292,62,1,0
BRDA:292,62,2,0
BRDA:294,63,0,0
BRDA:294,63,1,0
BRDA:314,64,0,1
BRDA:314,64,1,0
BRDA:314,65,0,1
BRDA:314,65,1,0
BRDA:321,66,0,0
BRDA:321,66,1,1
BRDA:321,67,0,0
BRDA:321,67,1,0
BRDA:321,68,0,0
BRDA:321,68,1,0
BRDA:325,69,0,0
BRDA:325,69,1,1
BRDA:327,70,0,0
BRDA:327,70,1,0
BRDA:327,71,0,0
BRDA:327,71,1,0
BRDA:327,71,2,0
BRDA:329,72,0,0
BRDA:329,72,1,0
BRDA:359,73,0,0
BRDA:359,73,1,1
BRDA:361,74,0,1
BRDA:361,74,1,0
BRDA:363,75,0,1
BRDA:363,75,1,0
BRDA:363,76,0,1
BRDA:363,76,1,0
BRDA:363,76,2,0
BRDA:365,77,0,0
BRDA:365,77,1,0
BRDA:398,78,0,0
BRDA:398,78,1,0
BRF:169
BRH:69
end_of_record
TN:
SF:src/routes/templates.ts
FN:42,registerTemplateRoutes
FN:56,(anonymous_1)
FN:102,(anonymous_2)
FN:110,(anonymous_3)
FN:124,(anonymous_4)
FN:139,(anonymous_5)
FNF:6
FNH:1
FNDA:1,registerTemplateRoutes
FNDA:0,(anonymous_1)
FNDA:0,(anonymous_2)
FNDA:0,(anonymous_3)
FNDA:0,(anonymous_4)
FNDA:0,(anonymous_5)
DA:12,2
DA:14,2
DA:46,1
DA:48,1
DA:54,1
DA:57,0
DA:59,0
DA:60,0
DA:61,0
DA:62,0
DA:63,0
DA:64,0
DA:65,0
DA:66,0
DA:70,0
DA:71,0
DA:74,0
DA:75,0
DA:76,0
DA:79,0
DA:80,0
DA:92,0
DA:94,0
DA:100,1
DA:103,0
DA:108,1
DA:111,0
DA:112,0
DA:113,0
DA:114,0
DA:116,0
DA:122,1
DA:125,0
DA:126,0
DA:127,0
DA:128,0
DA:129,0
DA:131,0
DA:137,1
DA:140,0
DA:141,0
DA:142,0
DA:143,0
DA:145,0
LF:44
LH:9
BRDA:60,0,0,0
BRDA:60,0,1,0
BRDA:62,1,0,0
BRDA:62,1,1,0
BRDA:63,2,0,0
BRDA:63,2,1,0
BRDA:64,3,0,0
BRDA:64,3,1,0
BRDA:64,4,0,0
BRDA:64,4,1,0
BRDA:65,5,0,0
BRDA:65,5,1,0
BRDA:65,6,0,0
BRDA:65,6,1,0
BRDA:70,7,0,0
BRDA:70,7,1,0
BRDA:75,8,0,0
BRDA:75,8,1,0
BRDA:94,9,0,0
BRDA:94,9,1,0
BRDA:113,10,0,0
BRDA:113,10,1,0
BRDA:116,11,0,0
BRDA:116,11,1,0
BRDA:128,12,0,0
BRDA:128,12,1,0
BRDA:131,13,0,0
BRDA:131,13,1,0
BRDA:142,14,0,0
BRDA:142,14,1,0
BRDA:145,15,0,0
BRDA:145,15,1,0
BRF:32
BRH:0
end_of_record
TN:
SF:src/services/auth/AuthManager.ts
FN:42,classifyBearerTokenForRoute
FN:68,(anonymous_1)
FN:76,(anonymous_2)
FN:81,(anonymous_3)
FN:86,(anonymous_4)
FN:91,(anonymous_5)
FN:96,(anonymous_6)
FN:111,(anonymous_7)
FN:121,(anonymous_8)
FN:155,(anonymous_9)
FN:156,(anonymous_10)
FN:160,(anonymous_11)
FN:161,(anonymous_12)
FN:181,(anonymous_13)
FN:185,(anonymous_14)
FN:208,(anonymous_15)
FN:226,(anonymous_16)
FN:262,(anonymous_17)
FN:264,(anonymous_18)
FN:269,(anonymous_19)
FN:274,(anonymous_20)
FN:280,(anonymous_21)
FN:292,(anonymous_22)
FN:309,(anonymous_23)
FN:321,(anonymous_24)
FN:323,(anonymous_25)
FN:324,(anonymous_26)
FN:331,(anonymous_27)
FN:360,(anonymous_28)
FN:362,(anonymous_29)
FN:363,(anonymous_30)
FN:369,(anonymous_31)
FN:406,(anonymous_32)
FNF:33
FNH:30
FNDA:57,classifyBearerTokenForRoute
FNDA:132,(anonymous_1)
FNDA:12,(anonymous_2)
FNDA:1,(anonymous_3)
FNDA:2,(anonymous_4)
FNDA:12,(anonymous_5)
FNDA:27,(anonymous_6)
FNDA:53,(anonymous_7)
FNDA:44,(anonymous_8)
FNDA:8,(anonymous_9)
FNDA:5,(anonymous_10)
FNDA:2,(anonymous_11)
FNDA:1,(anonymous_12)
FNDA:9,(anonymous_13)
FNDA:8,(anonymous_14)
FNDA:329,(anonymous_15)
FNDA:54,(anonymous_16)
FNDA:24,(anonymous_17)
FNDA:4,(anonymous_18)
FNDA:132,(anonymous_19)
FNDA:132,(anonymous_20)
FNDA:13,(anonymous_21)
FNDA:6,(anonymous_22)
FNDA:88,(anonymous_23)
FNDA:70,(anonymous_24)
FNDA:0,(anonymous_25)
FNDA:70,(anonymous_26)
FNDA:2,(anonymous_27)
FNDA:16,(anonymous_28)
FNDA:0,(anonymous_29)
FNDA:16,(anonymous_30)
FNDA:0,(anonymous_31)
FNDA:70,(anonymous_32)
DA:33,12
DA:36,12
DA:39,12
DA:46,57
DA:47,4
DA:51,132
DA:52,132
DA:55,132
DA:57,132
DA:59,132
DA:61,132
DA:63,132
DA:65,132
DA:69,132
DA:72,132
DA:77,12
DA:82,1
DA:87,2
DA:92,12
DA:97,27
DA:98,5
DA:99,5
DA:100,5
DA:101,5
DA:102,3
DA:105,1
DA:112,53
DA:113,53
DA:114,1
DA:116,53
DA:117,53
DA:127,44
DA:128,44
DA:129,44
DA:130,44
DA:132,44
DA:143,44
DA:144,44
DA:147,44
DA:148,0
DA:151,44
DA:156,8
DA:161,2
DA:162,2
DA:163,1
DA:164,1
DA:165,1
DA:166,1
DA:169,1
DA:170,0
DA:173,1
DA:185,9
DA:186,9
DA:188,8
DA:189,8
DA:190,8
DA:192,9
DA:193,9
DA:194,9
DA:195,9
DA:196,9
DA:198,9
DA:200,8
DA:210,329
DA:213,8
DA:214,3
DA:216,5
DA:220,321
DA:221,254
DA:225,67
DA:226,67
DA:227,67
DA:228,16
DA:232,51
DA:233,2
DA:237,49
DA:238,329
DA:239,329
DA:241,329
DA:243,1
DA:244,1
DA:246,48
DA:249,49
DA:251,49
DA:252,10
DA:256,39
DA:258,39
DA:263,24
DA:264,7
DA:265,24
DA:270,124
DA:275,271
DA:276,258
DA:281,13
DA:282,13
DA:283,13
DA:284,13
DA:285,3
DA:287,10
DA:288,10
DA:293,6
DA:294,6
DA:295,6
DA:296,2
DA:297,1
DA:301,6
DA:302,1
DA:303,1
DA:310,88
DA:323,70
DA:324,70
DA:325,70
DA:326,70
DA:330,70
DA:331,70
DA:334,70
DA:337,70
DA:338,70
DA:339,9
DA:342,61
DA:343,61
DA:345,61
DA:346,61
DA:348,61
DA:350,70
DA:362,16
DA:363,16
DA:364,16
DA:365,16
DA:368,16
DA:369,16
DA:371,16
DA:372,16
DA:375,8
DA:376,0
DA:377,0
DA:381,8
DA:382,1
DA:383,1
DA:387,7
DA:388,7
DA:389,7
DA:391,7
DA:392,7
DA:393,7
DA:394,4
DA:396,3
DA:399,7
DA:401,16
DA:407,70
DA:409,70
DA:410,153
DA:411,5
DA:415,70
DA:416,70
DA:417,148
DA:418,148
LF:157
LH:153
BRDA:46,0,0,53
BRDA:46,0,1,4
BRDA:47,1,0,2
BRDA:47,1,1,2
BRDA:70,2,0,132
BRDA:92,3,0,12
BRDA:92,3,1,8
BRDA:92,3,2,6
BRDA:97,4,0,5
BRDA:97,4,1,22
BRDA:101,5,0,3
BRDA:101,5,1,2
BRDA:113,6,0,1
BRDA:113,6,1,52
BRDA:123,7,0,44
BRDA:125,8,0,44
BRDA:130,9,0,5
BRDA:130,9,1,39
BRDA:147,10,0,0
BRDA:147,10,1,44
BRDA:162,11,0,1
BRDA:162,11,1,1
BRDA:169,12,0,0
BRDA:169,12,1,1
BRDA:186,13,0,1
BRDA:186,13,1,8
BRDA:190,14,0,1
BRDA:190,14,1,7
BRDA:210,15,0,8
BRDA:210,15,1,321
BRDA:210,16,0,329
BRDA:210,16,1,58
BRDA:213,17,0,3
BRDA:213,17,1,5
BRDA:220,18,0,254
BRDA:220,18,1,67
BRDA:220,19,0,321
BRDA:220,19,1,271
BRDA:227,20,0,16
BRDA:227,20,1,51
BRDA:232,21,0,2
BRDA:232,21,1,49
BRDA:232,22,0,51
BRDA:232,22,1,3
BRDA:237,23,0,49
BRDA:237,23,1,24
BRDA:241,24,0,1
BRDA:241,24,1,48
BRDA:251,25,0,10
BRDA:251,25,1,39
BRDA:263,26,0,17
BRDA:263,26,1,7
BRDA:264,27,0,5
BRDA:264,27,1,2
BRDA:265,28,0,24
BRDA:265,28,1,3
BRDA:275,29,0,13
BRDA:275,29,1,258
BRDA:281,30,0,13
BRDA:281,30,1,2
BRDA:284,31,0,3
BRDA:284,31,1,10
BRDA:284,32,0,13
BRDA:284,32,1,4
BRDA:296,33,0,1
BRDA:296,33,1,1
BRDA:302,34,0,1
BRDA:302,34,1,0
BRDA:310,35,0,88
BRDA:310,35,1,5
BRDA:337,36,0,70
BRDA:337,36,1,21
BRDA:338,37,0,9
BRDA:338,37,1,61
BRDA:372,38,0,8
BRDA:372,38,1,8
BRDA:375,39,0,0
BRDA:375,39,1,8
BRDA:381,40,0,1
BRDA:381,40,1,7
BRDA:392,41,0,7
BRDA:392,41,1,0
BRDA:393,42,0,4
BRDA:393,42,1,3
BRDA:410,43,0,5
BRDA:410,43,1,148
BRDA:417,44,0,148
BRDA:417,44,1,50
BRF:88
BRH:83
end_of_record
TN:
SF:src/services/auth/RateLimiter.ts
FN:32,(anonymous_0)
FN:33,(anonymous_1)
FN:39,(anonymous_2)
FN:77,(anonymous_3)
FN:82,(anonymous_4)
FN:91,(anonymous_5)
FN:96,(anonymous_6)
FN:117,(anonymous_7)
FN:120,(anonymous_8)
FN:125,(anonymous_9)
FN:135,(anonymous_10)
FN:139,(anonymous_11)
FNF:12
FNH:12
FNDA:7,(anonymous_0)
FNDA:1,(anonymous_1)
FNDA:2545,(anonymous_2)
FNDA:14,(anonymous_3)
FNDA:40,(anonymous_4)
FNDA:2016,(anonymous_5)
FNDA:10015,(anonymous_6)
FNDA:1,(anonymous_7)
FNDA:5,(anonymous_8)
FNDA:1,(anonymous_9)
FNDA:1,(anonymous_10)
FNDA:1,(anonymous_11)
DA:10,11
DA:11,11
DA:12,11
DA:13,11
DA:14,11
DA:15,11
DA:17,11
DA:18,11
DA:19,11
DA:20,11
DA:21,11
DA:28,7
DA:29,7
DA:33,7
DA:34,1
DA:36,7
DA:40,2545
DA:41,2545
DA:42,2545
DA:44,2545
DA:45,0
DA:48,2545
DA:49,5
DA:50,5
DA:53,2545
DA:54,2545
DA:55,1699
DA:57,2545
DA:59,2545
DA:60,0
DA:61,0
DA:62,0
DA:63,0
DA:64,0
DA:65,0
DA:66,0
DA:69,0
DA:72,2545
DA:73,2545
DA:74,2545
DA:78,14
DA:79,14
DA:80,14
DA:82,40
DA:83,12
DA:84,1
DA:85,1
DA:88,11
DA:92,2016
DA:93,2016
DA:94,2016
DA:96,10015
DA:97,2016
DA:98,2016
DA:99,1995
DA:101,2016
DA:103,2016
DA:104,0
DA:105,0
DA:106,0
DA:107,0
DA:108,0
DA:109,0
DA:110,0
DA:113,0
DA:118,1
DA:119,1
DA:120,5
DA:121,1
DA:126,1
DA:127,1
DA:128,1
DA:129,1
DA:130,1
DA:136,1
DA:140,1
DA:141,1
DA:142,1
DA:143,1
DA:144,1
DA:145,1
DA:149,1
DA:150,1
DA:151,1
DA:152,1
DA:153,1
LF:86
LH:69
BRDA:42,0,0,2545
BRDA:42,0,1,6
BRDA:44,1,0,2545
BRDA:44,1,1,2539
BRDA:48,2,0,5
BRDA:48,2,1,2540
BRDA:59,3,0,0
BRDA:59,3,1,2545
BRDA:64,4,0,0
BRDA:64,4,1,0
BRDA:64,5,0,0
BRDA:64,5,1,0
BRDA:69,6,0,0
BRDA:69,6,1,0
BRDA:73,7,0,2301
BRDA:73,7,1,244
BRDA:80,8,0,2
BRDA:80,8,1,12
BRDA:83,9,0,1
BRDA:83,9,1,11
BRDA:94,10,0,2016
BRDA:94,10,1,5
BRDA:98,11,0,1995
BRDA:98,11,1,21
BRDA:103,12,0,0
BRDA:103,12,1,2016
BRDA:108,13,0,0
BRDA:108,13,1,0
BRDA:108,14,0,0
BRDA:108,14,1,0
BRDA:113,15,0,0
BRDA:113,15,1,0
BRDA:121,16,0,1
BRDA:121,16,1,0
BRDA:129,17,0,1
BRDA:129,17,1,0
BRDA:129,18,0,1
BRDA:129,18,1,1
BRDA:129,18,2,1
BRDA:144,19,0,1
BRDA:144,19,1,0
BRDA:144,20,0,1
BRDA:144,20,1,1
BRDA:152,21,0,1
BRDA:152,21,1,0
BRDA:152,22,0,1
BRDA:152,22,1,1
BRF:47
BRH:29
end_of_record
TN:
SF:src/services/auth/index.ts
FNF:0
FNH:0
LF:0
LH:0
BRF:0
BRH:0
end_of_record
TN:
SF:src/services/permission/evaluator.ts
FN:9,globToRegExp
FN:32,extractCandidatePaths
FN:35,(anonymous_2)
FN:38,extractContentSize
FN:43,isLikelyWriteTool
FN:51,resolveRealPath
FN:84,isPathAllowed
FN:86,(anonymous_7)
FN:93,evaluatePermissionProfile
FN:113,(anonymous_9)
FNF:10
FNH:10
FNDA:14,globToRegExp
FNDA:14,extractCandidatePaths
FNDA:46,(anonymous_2)
FNDA:6,extractContentSize
FNDA:5,isLikelyWriteTool
FNDA:34,resolveRealPath
FNDA:17,isPathAllowed
FNDA:17,(anonymous_7)
FNDA:51,evaluatePermissionProfile
FNDA:17,(anonymous_9)
DA:10,14
DA:11,14
DA:12,115
DA:13,115
DA:14,10
DA:15,10
DA:16,3
DA:17,3
DA:19,7
DA:21,10
DA:23,105
DA:24,2
DA:25,2
DA:27,103
DA:29,14
DA:33,14
DA:34,14
DA:35,46
DA:39,6
DA:40,6
DA:44,5
DA:52,34
DA:53,34
DA:54,34
DA:55,13
DA:64,21
DA:65,21
DA:66,49
DA:67,49
DA:68,21
DA:69,21
DA:70,21
DA:76,28
DA:77,28
DA:78,28
DA:81,0
DA:85,17
DA:86,17
DA:87,17
DA:88,17
DA:97,51
DA:98,50
DA:100,47
DA:101,14
DA:104,14
DA:107,43
DA:108,4
DA:111,39
DA:112,14
DA:113,17
DA:114,14
DA:115,7
DA:119,32
DA:120,6
DA:121,6
DA:122,2
DA:126,30
DA:129,8
LF:58
LH:57
BRDA:13,0,0,10
BRDA:13,0,1,105
BRDA:15,1,0,3
BRDA:15,1,1,7
BRDA:23,2,0,2
BRDA:23,2,1,103
BRDA:27,3,0,8
BRDA:27,3,1,95
BRDA:33,4,0,0
BRDA:33,4,1,14
BRDA:34,5,0,2
BRDA:34,5,1,12
BRDA:40,6,0,4
BRDA:40,6,1,2
BRDA:54,7,0,13
BRDA:54,7,1,21
BRDA:67,8,0,21
BRDA:67,8,1,28
BRDA:70,9,0,21
BRDA:70,9,1,0
BRDA:77,10,0,0
BRDA:77,10,1,28
BRDA:88,11,0,17
BRDA:88,11,1,16
BRDA:98,12,0,3
BRDA:98,12,1,47
BRDA:100,13,0,14
BRDA:100,13,1,33
BRDA:101,14,0,11
BRDA:101,14,1,3
BRDA:103,15,0,3
BRDA:103,15,1,1
BRDA:104,16,0,4
BRDA:104,16,1,10
BRDA:107,17,0,4
BRDA:107,17,1,39
BRDA:107,18,0,43
BRDA:107,18,1,5
BRDA:111,19,0,14
BRDA:111,19,1,25
BRDA:111,20,0,39
BRDA:111,20,1,15
BRDA:114,21,0,7
BRDA:114,21,1,7
BRDA:119,22,0,6
BRDA:119,22,1,26
BRDA:121,23,0,2
BRDA:121,23,1,4
BRDA:121,24,0,6
BRDA:121,24,1,4
BRF:50
BRH:47
end_of_record
TN:
SF:src/services/permission/index.ts
FNF:0
FNH:0
LF:0
LH:0
BRF:0
BRH:0
end_of_record
TN:
SF:src/utils/circular-buffer.ts
FN:6,(anonymous_0)
FN:13,(anonymous_1)
FN:21,(anonymous_2)
FN:31,(anonymous_3)
FN:37,(anonymous_4)
FNF:5
FNH:5
FNDA:659,(anonymous_0)
FNDA:1485,(anonymous_1)
FNDA:62,(anonymous_2)
FNDA:104,(anonymous_3)
FNDA:3,(anonymous_4)
DA:3,659
DA:4,659
DA:6,659
DA:7,659
DA:8,3
DA:10,656
DA:14,1485
DA:15,1485
DA:16,1485
DA:17,1218
DA:22,62
DA:23,4
DA:25,58
DA:26,46
DA:28,12
DA:32,104
DA:33,104
DA:34,104
DA:38,3
LF:19
LH:19
BRDA:7,0,0,3
BRDA:7,0,1,656
BRDA:7,1,0,659
BRDA:7,1,1,658
BRDA:16,2,0,1218
BRDA:16,2,1,267
BRDA:22,3,0,4
BRDA:22,3,1,58
BRDA:25,4,0,46
BRDA:25,4,1,12
BRF:10
BRH:10
end_of_record
TN:
SF:src/utils/redact-headers.ts
FN:23,isSensitive
FN:27,redactValue
FN:33,redactHeaders
FN:45,redactSecretsFromText
FNF:4
FNH:4
FNDA:21,isSensitive
FNDA:9,redactValue
FNDA:9,redactHeaders
FNDA:593,redactSecretsFromText
DA:9,8
DA:24,21
DA:28,9
DA:29,8
DA:34,9
DA:35,9
DA:36,14
DA:38,9
DA:46,593
DA:47,6
DA:48,6
DA:49,7
DA:51,6
DA:52,5
DA:54,6
LF:15
LH:15
BRDA:28,0,0,1
BRDA:28,0,1,8
BRDA:36,1,0,9
BRDA:36,1,1,5
BRDA:46,2,0,587
BRDA:46,2,1,6
BRDA:49,3,0,1
BRDA:49,3,1,6
BRDA:49,4,0,7
BRDA:49,4,1,6
BRDA:51,5,0,1
BRDA:51,5,1,5
BRF:12
BRH:12
end_of_record
