TN:
SF:src/mcp/auth.ts
FN:18,formatToolError
FN:77,formatAuthError
FN:85,withAuth
FN:90,(anonymous_3)
FNF:4
FNH:3
FNDA:9,formatToolError
FNDA:0,formatAuthError
FNDA:480,withAuth
FNDA:31,(anonymous_3)
DA:19,9
DA:21,8
DA:22,6
DA:23,2
DA:24,1
DA:26,1
DA:28,8
DA:33,1
DA:42,1
DA:71,1
DA:78,0
DA:90,480
DA:91,31
DA:92,31
DA:93,31
DA:94,0
DA:96,31
LF:17
LH:15
BRDA:19,0,0,8
BRDA:19,0,1,1
BRDA:21,1,0,6
BRDA:21,1,1,2
BRDA:21,2,0,8
BRDA:21,2,1,5
BRDA:21,2,2,4
BRDA:23,3,0,1
BRDA:23,3,1,1
BRDA:93,4,0,0
BRDA:93,4,1,31
BRDA:93,5,0,31
BRDA:93,5,1,0
BRDA:93,6,0,0
BRDA:93,6,1,0
BRDA:93,7,0,0
BRDA:93,7,1,0
BRF:17
BRH:11
end_of_record
TN:
SF:src/mcp/tools/acp-tools.ts
FN:19,registerAcpTools
FN:30,(anonymous_1)
FN:62,(anonymous_2)
FN:93,(anonymous_3)
FN:119,(anonymous_4)
FN:146,(anonymous_5)
FN:174,(anonymous_6)
FN:203,(anonymous_7)
FN:232,(anonymous_8)
FN:263,(anonymous_9)
FN:293,(anonymous_10)
FN:324,(anonymous_11)
FN:354,(anonymous_12)
FNF:13
FNH:13
FNDA:40,registerAcpTools
FNDA:4,(anonymous_1)
FNDA:4,(anonymous_2)
FNDA:3,(anonymous_3)
FNDA:2,(anonymous_4)
FNDA:3,(anonymous_5)
FNDA:2,(anonymous_6)
FNDA:1,(anonymous_7)
FNDA:1,(anonymous_8)
FNDA:3,(anonymous_9)
FNDA:3,(anonymous_10)
FNDA:2,(anonymous_11)
FNDA:3,(anonymous_12)
DA:23,40
DA:31,4
DA:34,4
DA:35,1
DA:46,3
DA:54,40
DA:63,4
DA:64,4
DA:67,1
DA:79,2
DA:86,40
DA:94,3
DA:95,3
DA:96,2
DA:106,1
DA:113,40
DA:120,2
DA:121,2
DA:122,1
DA:132,1
DA:139,40
DA:147,3
DA:148,3
DA:149,2
DA:160,1
DA:167,40
DA:175,2
DA:177,2
DA:190,0
DA:197,40
DA:204,1
DA:206,1
DA:218,0
DA:225,40
DA:233,1
DA:235,1
DA:248,0
DA:255,40
DA:264,3
DA:265,3
DA:266,2
DA:278,1
DA:285,40
DA:294,3
DA:296,3
DA:309,0
DA:316,40
DA:325,2
DA:327,2
DA:340,0
DA:347,40
DA:355,3
DA:357,3
DA:370,0
LF:54
LH:48
BRDA:64,0,0,2
BRDA:64,0,1,2
BRDA:73,1,0,1
BRDA:73,1,1,1
BRDA:155,2,0,2
BRDA:155,2,1,1
BRDA:185,3,0,2
BRDA:185,3,1,1
BRDA:303,4,0,3
BRDA:303,4,1,2
BRDA:304,5,0,3
BRDA:304,5,1,2
BRDA:334,6,0,2
BRDA:334,6,1,1
BRDA:335,7,0,2
BRDA:335,7,1,1
BRDA:365,8,0,3
BRDA:365,8,1,2
BRF:18
BRH:18
end_of_record
